

Started GET "/" for 127.0.0.1 at 2014-10-22 02:27:01 -0400
Processing by PagesController#home as HTML
  Rendered pages/home.html.erb within layouts/application (8.8ms)
Completed 500 Internal Server Error in 14ms

ActionView::Template::Error (undefined method `signed_in?' for #<#<Class:0x00000004082f38>:0x000000040821f0>):
    34: 
    35:       <ul class="nav navbar-nav navbar-right">
    36:          
    37:         <% if signed_in? %>
    38:             
    39:           <li><%= link_to "Events", events_path %></li>
    40:           <li class="dropdown">
  app/views/pages/home.html.erb:37:in `_app_views_pages_home_html_erb__4486975818419093441_33649760'


  Rendered /home/aw/.rvm/gems/ruby-2.1.3/gems/actionpack-4.1.5/lib/action_dispatch/middleware/templates/rescues/_trace.html.erb (1.5ms)
  Rendered /home/aw/.rvm/gems/ruby-2.1.3/gems/actionpack-4.1.5/lib/action_dispatch/middleware/templates/rescues/_request_and_response.html.erb (8.4ms)
  Rendered /home/aw/.rvm/gems/ruby-2.1.3/gems/actionpack-4.1.5/lib/action_dispatch/middleware/templates/rescues/template_error.html.erb within rescues/layout (18.6ms)


Started GET "/" for 127.0.0.1 at 2014-10-22 02:27:32 -0400
Processing by PagesController#home as HTML
  Rendered pages/home.html.erb within layouts/application (9.7ms)
Completed 500 Internal Server Error in 13ms

ActionView::Template::Error (undefined local variable or method `events_path' for #<#<Class:0x00000004082f38>:0x00000001fe2238>):
    36:          
    37:         
    38:             
    39:           <li><%= link_to "Events", events_path %></li>
    40:           <li class="dropdown">
    41:             <!-- Signed in dropdown -->
    42:             <a href="#" class="dropdown-toggle" data-toggle="dropdown">Account<span class="caret"></span></a>
  app/views/pages/home.html.erb:39:in `_app_views_pages_home_html_erb__4486975818419093441_16502800'


  Rendered /home/aw/.rvm/gems/ruby-2.1.3/gems/actionpack-4.1.5/lib/action_dispatch/middleware/templates/rescues/_trace.html.erb (1.1ms)
  Rendered /home/aw/.rvm/gems/ruby-2.1.3/gems/actionpack-4.1.5/lib/action_dispatch/middleware/templates/rescues/_request_and_response.html.erb (1.3ms)
  Rendered /home/aw/.rvm/gems/ruby-2.1.3/gems/actionpack-4.1.5/lib/action_dispatch/middleware/templates/rescues/template_error.html.erb within rescues/layout (9.3ms)


Started GET "/" for 127.0.0.1 at 2014-10-22 02:27:44 -0400
Processing by PagesController#home as HTML
  Rendered pages/home.html.erb within layouts/application (8.8ms)
Completed 500 Internal Server Error in 11ms

ActionView::Template::Error (undefined local variable or method `signup_path' for #<#<Class:0x00000004082f38>:0x0000000417ca10>):
    47:             </ul>
    48:         
    49:          
    50:             <li><%= link_to "Sign Up", signup_path %></li>       
    51:             <li><%= link_to "Login", signin_path %></li>
    52:           
    53:       
  app/views/pages/home.html.erb:50:in `_app_views_pages_home_html_erb__4486975818419093441_34322160'


  Rendered /home/aw/.rvm/gems/ruby-2.1.3/gems/actionpack-4.1.5/lib/action_dispatch/middleware/templates/rescues/_trace.html.erb (1.5ms)
  Rendered /home/aw/.rvm/gems/ruby-2.1.3/gems/actionpack-4.1.5/lib/action_dispatch/middleware/templates/rescues/_request_and_response.html.erb (1.1ms)
  Rendered /home/aw/.rvm/gems/ruby-2.1.3/gems/actionpack-4.1.5/lib/action_dispatch/middleware/templates/rescues/template_error.html.erb within rescues/layout (9.7ms)


Started GET "/" for 127.0.0.1 at 2014-10-22 02:28:00 -0400
Processing by PagesController#home as HTML
  Rendered pages/home.html.erb within layouts/application (0.8ms)
Completed 200 OK in 353ms (Views: 352.2ms | ActiveRecord: 0.0ms)


Started GET "/assets/pages.js?body=1" for 127.0.0.1 at 2014-10-22 02:28:00 -0400


Started GET "/assets/jquery.js?body=1" for 127.0.0.1 at 2014-10-22 02:28:00 -0400


Started GET "/assets/pages.css?body=1" for 127.0.0.1 at 2014-10-22 02:28:00 -0400


Started GET "/assets/application.css?body=1" for 127.0.0.1 at 2014-10-22 02:28:00 -0400


Started GET "/assets/turbolinks.js?body=1" for 127.0.0.1 at 2014-10-22 02:28:00 -0400


Started GET "/assets/jquery_ujs.js?body=1" for 127.0.0.1 at 2014-10-22 02:28:00 -0400


Started GET "/assets/application.js?body=1" for 127.0.0.1 at 2014-10-22 02:28:00 -0400


Started GET "/" for 127.0.0.1 at 2014-10-22 02:35:03 -0400
Processing by PagesController#home as HTML
  Rendered pages/home.html.erb within layouts/application (1.1ms)
Completed 200 OK in 1058ms (Views: 1057.4ms | ActiveRecord: 0.0ms)


Started GET "/assets/jquery.js?body=1" for 127.0.0.1 at 2014-10-22 02:35:04 -0400


Started GET "/assets/customs.css?body=1" for 127.0.0.1 at 2014-10-22 02:35:04 -0400


Started GET "/assets/application.css?body=1" for 127.0.0.1 at 2014-10-22 02:35:04 -0400


Started GET "/assets/jquery_ujs.js?body=1" for 127.0.0.1 at 2014-10-22 02:35:04 -0400


Started GET "/assets/pages.css?body=1" for 127.0.0.1 at 2014-10-22 02:35:04 -0400


Started GET "/assets/turbolinks.js?body=1" for 127.0.0.1 at 2014-10-22 02:35:04 -0400


Started GET "/assets/pages.js?body=1" for 127.0.0.1 at 2014-10-22 02:35:04 -0400


Started GET "/assets/application.js?body=1" for 127.0.0.1 at 2014-10-22 02:35:04 -0400


Started GET "/assets/glyphicons-halflings.png" for 127.0.0.1 at 2014-10-22 02:35:04 -0400


Started GET "/navbartest" for 127.0.0.1 at 2014-10-22 02:37:15 -0400
Processing by PagesController#navbartest as HTML
  Rendered pages/navbartest.html.erb within layouts/application (0.4ms)
Completed 200 OK in 48ms (Views: 47.7ms | ActiveRecord: 0.0ms)


Started GET "/assets/customs.css?body=1" for 127.0.0.1 at 2014-10-22 02:37:15 -0400


Started GET "/assets/pages.css?body=1" for 127.0.0.1 at 2014-10-22 02:37:15 -0400


Started GET "/assets/jquery_ujs.js?body=1" for 127.0.0.1 at 2014-10-22 02:37:15 -0400


Started GET "/assets/jquery.js?body=1" for 127.0.0.1 at 2014-10-22 02:37:15 -0400


Started GET "/assets/application.css?body=1" for 127.0.0.1 at 2014-10-22 02:37:15 -0400


Started GET "/assets/turbolinks.js?body=1" for 127.0.0.1 at 2014-10-22 02:37:15 -0400


Started GET "/assets/application.js?body=1" for 127.0.0.1 at 2014-10-22 02:37:15 -0400


Started GET "/assets/pages.js?body=1" for 127.0.0.1 at 2014-10-22 02:37:15 -0400


Started GET "/assets/glyphicons-halflings.png" for 127.0.0.1 at 2014-10-22 02:37:15 -0400


Started GET "/navbartest" for 127.0.0.1 at 2014-10-22 02:48:22 -0400
Processing by PagesController#navbartest as HTML
  Rendered pages/navbartest.html.erb within layouts/application (0.9ms)
Completed 200 OK in 99ms (Views: 97.9ms | ActiveRecord: 0.0ms)


Started GET "/assets/application.css?body=1" for 127.0.0.1 at 2014-10-22 02:48:22 -0400


Started GET "/assets/customs.css?body=1" for 127.0.0.1 at 2014-10-22 02:48:22 -0400


Started GET "/assets/turbolinks.js?body=1" for 127.0.0.1 at 2014-10-22 02:48:22 -0400


Started GET "/assets/jquery.js?body=1" for 127.0.0.1 at 2014-10-22 02:48:22 -0400


Started GET "/assets/jquery_ujs.js?body=1" for 127.0.0.1 at 2014-10-22 02:48:22 -0400


Started GET "/assets/pages.css?body=1" for 127.0.0.1 at 2014-10-22 02:48:22 -0400


Started GET "/assets/pages.js?body=1" for 127.0.0.1 at 2014-10-22 02:48:22 -0400


Started GET "/assets/application.js?body=1" for 127.0.0.1 at 2014-10-22 02:48:22 -0400


Started GET "/assets/glyphicons-halflings.png" for 127.0.0.1 at 2014-10-22 02:48:22 -0400


Started GET "/navbartest" for 127.0.0.1 at 2014-10-22 02:49:57 -0400
Processing by PagesController#navbartest as HTML
  Rendered pages/navbartest.html.erb within layouts/application (0.8ms)
Completed 200 OK in 98ms (Views: 97.3ms | ActiveRecord: 0.0ms)


Started GET "/assets/customs.css?body=1" for 127.0.0.1 at 2014-10-22 02:49:58 -0400


Started GET "/assets/pages.css?body=1" for 127.0.0.1 at 2014-10-22 02:49:58 -0400


Started GET "/assets/jquery_ujs.js?body=1" for 127.0.0.1 at 2014-10-22 02:49:58 -0400


Started GET "/assets/application.css?body=1" for 127.0.0.1 at 2014-10-22 02:49:58 -0400


Started GET "/assets/jquery.js?body=1" for 127.0.0.1 at 2014-10-22 02:49:58 -0400


Started GET "/assets/turbolinks.js?body=1" for 127.0.0.1 at 2014-10-22 02:49:58 -0400


Started GET "/assets/pages.js?body=1" for 127.0.0.1 at 2014-10-22 02:49:58 -0400


Started GET "/assets/application.js?body=1" for 127.0.0.1 at 2014-10-22 02:49:58 -0400


Started GET "/assets/glyphicons-halflings.png" for 127.0.0.1 at 2014-10-22 02:49:58 -0400

ActionController::RoutingError (No route matches [GET] "/assets/glyphicons-halflings.png"):
  actionpack (4.1.5) lib/action_dispatch/middleware/debug_exceptions.rb:21:in `call'
  actionpack (4.1.5) lib/action_dispatch/middleware/show_exceptions.rb:30:in `call'
  railties (4.1.5) lib/rails/rack/logger.rb:38:in `call_app'
  railties (4.1.5) lib/rails/rack/logger.rb:20:in `block in call'
  activesupport (4.1.5) lib/active_support/tagged_logging.rb:68:in `block in tagged'
  activesupport (4.1.5) lib/active_support/tagged_logging.rb:26:in `tagged'
  activesupport (4.1.5) lib/active_support/tagged_logging.rb:68:in `tagged'
  railties (4.1.5) lib/rails/rack/logger.rb:20:in `call'
  actionpack (4.1.5) lib/action_dispatch/middleware/request_id.rb:21:in `call'
  rack (1.5.2) lib/rack/methodoverride.rb:21:in `call'
  rack (1.5.2) lib/rack/runtime.rb:17:in `call'
  activesupport (4.1.5) lib/active_support/cache/strategy/local_cache_middleware.rb:26:in `call'
  rack (1.5.2) lib/rack/lock.rb:17:in `call'
  actionpack (4.1.5) lib/action_dispatch/middleware/static.rb:64:in `call'
  rack (1.5.2) lib/rack/sendfile.rb:112:in `call'
  railties (4.1.5) lib/rails/engine.rb:514:in `call'
  railties (4.1.5) lib/rails/application.rb:144:in `call'
  rack (1.5.2) lib/rack/lock.rb:17:in `call'
  rack (1.5.2) lib/rack/content_length.rb:14:in `call'
  rack (1.5.2) lib/rack/handler/webrick.rb:60:in `service'
  /home/aw/.rvm/rubies/ruby-2.1.3/lib/ruby/2.1.0/webrick/httpserver.rb:138:in `service'
  /home/aw/.rvm/rubies/ruby-2.1.3/lib/ruby/2.1.0/webrick/httpserver.rb:94:in `run'
  /home/aw/.rvm/rubies/ruby-2.1.3/lib/ruby/2.1.0/webrick/server.rb:295:in `block in start_thread'


  Rendered /home/aw/.rvm/gems/ruby-2.1.3/gems/actionpack-4.1.5/lib/action_dispatch/middleware/templates/rescues/_trace.html.erb (1.1ms)
  Rendered /home/aw/.rvm/gems/ruby-2.1.3/gems/actionpack-4.1.5/lib/action_dispatch/middleware/templates/routes/_route.html.erb (0.7ms)
  Rendered /home/aw/.rvm/gems/ruby-2.1.3/gems/actionpack-4.1.5/lib/action_dispatch/middleware/templates/routes/_table.html.erb (3.7ms)
  Rendered /home/aw/.rvm/gems/ruby-2.1.3/gems/actionpack-4.1.5/lib/action_dispatch/middleware/templates/rescues/routing_error.html.erb within rescues/layout (16.6ms)


Started GET "/navbartest" for 127.0.0.1 at 2014-10-22 02:49:59 -0400
Processing by PagesController#navbartest as HTML
  Rendered pages/navbartest.html.erb within layouts/application (0.1ms)
Completed 200 OK in 47ms (Views: 46.9ms | ActiveRecord: 0.0ms)


Started GET "/assets/customs.css?body=1" for 127.0.0.1 at 2014-10-22 02:49:59 -0400


Started GET "/assets/application.css?body=1" for 127.0.0.1 at 2014-10-22 02:49:59 -0400


Started GET "/assets/turbolinks.js?body=1" for 127.0.0.1 at 2014-10-22 02:49:59 -0400


Started GET "/assets/jquery.js?body=1" for 127.0.0.1 at 2014-10-22 02:49:59 -0400


Started GET "/assets/pages.css?body=1" for 127.0.0.1 at 2014-10-22 02:49:59 -0400


Started GET "/assets/jquery_ujs.js?body=1" for 127.0.0.1 at 2014-10-22 02:49:59 -0400


Started GET "/assets/pages.js?body=1" for 127.0.0.1 at 2014-10-22 02:49:59 -0400


Started GET "/assets/application.js?body=1" for 127.0.0.1 at 2014-10-22 02:49:59 -0400


Started GET "/assets/glyphicons-halflings.png" for 127.0.0.1 at 2014-10-22 02:49:59 -0400

ActionController::RoutingError (No route matches [GET] "/assets/glyphicons-halflings.png"):
  actionpack (4.1.5) lib/action_dispatch/middleware/debug_exceptions.rb:21:in `call'
  actionpack (4.1.5) lib/action_dispatch/middleware/show_exceptions.rb:30:in `call'
  railties (4.1.5) lib/rails/rack/logger.rb:38:in `call_app'
  railties (4.1.5) lib/rails/rack/logger.rb:20:in `block in call'
  activesupport (4.1.5) lib/active_support/tagged_logging.rb:68:in `block in tagged'
  activesupport (4.1.5) lib/active_support/tagged_logging.rb:26:in `tagged'
  activesupport (4.1.5) lib/active_support/tagged_logging.rb:68:in `tagged'
  railties (4.1.5) lib/rails/rack/logger.rb:20:in `call'
  actionpack (4.1.5) lib/action_dispatch/middleware/request_id.rb:21:in `call'
  rack (1.5.2) lib/rack/methodoverride.rb:21:in `call'
  rack (1.5.2) lib/rack/runtime.rb:17:in `call'
  activesupport (4.1.5) lib/active_support/cache/strategy/local_cache_middleware.rb:26:in `call'
  rack (1.5.2) lib/rack/lock.rb:17:in `call'
  actionpack (4.1.5) lib/action_dispatch/middleware/static.rb:64:in `call'
  rack (1.5.2) lib/rack/sendfile.rb:112:in `call'
  railties (4.1.5) lib/rails/engine.rb:514:in `call'
  railties (4.1.5) lib/rails/application.rb:144:in `call'
  rack (1.5.2) lib/rack/lock.rb:17:in `call'
  rack (1.5.2) lib/rack/content_length.rb:14:in `call'
  rack (1.5.2) lib/rack/handler/webrick.rb:60:in `service'
  /home/aw/.rvm/rubies/ruby-2.1.3/lib/ruby/2.1.0/webrick/httpserver.rb:138:in `service'
  /home/aw/.rvm/rubies/ruby-2.1.3/lib/ruby/2.1.0/webrick/httpserver.rb:94:in `run'
  /home/aw/.rvm/rubies/ruby-2.1.3/lib/ruby/2.1.0/webrick/server.rb:295:in `block in start_thread'


  Rendered /home/aw/.rvm/gems/ruby-2.1.3/gems/actionpack-4.1.5/lib/action_dispatch/middleware/templates/rescues/_trace.html.erb (1.1ms)
  Rendered /home/aw/.rvm/gems/ruby-2.1.3/gems/actionpack-4.1.5/lib/action_dispatch/middleware/templates/routes/_route.html.erb (1.6ms)
  Rendered /home/aw/.rvm/gems/ruby-2.1.3/gems/actionpack-4.1.5/lib/action_dispatch/middleware/templates/routes/_table.html.erb (1.0ms)
  Rendered /home/aw/.rvm/gems/ruby-2.1.3/gems/actionpack-4.1.5/lib/action_dispatch/middleware/templates/rescues/routing_error.html.erb within rescues/layout (15.2ms)


Started GET "/navbartest" for 127.0.0.1 at 2014-10-22 02:52:11 -0400
Processing by PagesController#navbartest as HTML
  Rendered pages/navbartest.html.erb within layouts/application (0.1ms)
Completed 200 OK in 1419ms (Views: 1418.1ms | ActiveRecord: 0.0ms)


Started GET "/assets/custom.css?body=1" for 127.0.0.1 at 2014-10-22 02:52:13 -0400


Started GET "/assets/jquery.js?body=1" for 127.0.0.1 at 2014-10-22 02:52:13 -0400


Started GET "/assets/application.css?body=1" for 127.0.0.1 at 2014-10-22 02:52:13 -0400


Started GET "/assets/jquery_ujs.js?body=1" for 127.0.0.1 at 2014-10-22 02:52:13 -0400


Started GET "/assets/pages.css?body=1" for 127.0.0.1 at 2014-10-22 02:52:13 -0400


Started GET "/assets/turbolinks.js?body=1" for 127.0.0.1 at 2014-10-22 02:52:13 -0400


Started GET "/assets/pages.js?body=1" for 127.0.0.1 at 2014-10-22 02:52:13 -0400


Started GET "/assets/application.js?body=1" for 127.0.0.1 at 2014-10-22 02:52:13 -0400


Started GET "/navbartest" for 127.0.0.1 at 2014-10-22 02:52:20 -0400
Processing by PagesController#navbartest as HTML
  Rendered pages/navbartest.html.erb within layouts/application (0.5ms)
Completed 200 OK in 49ms (Views: 48.1ms | ActiveRecord: 0.0ms)


Started GET "/navbartest" for 127.0.0.1 at 2014-10-22 02:52:20 -0400
Processing by PagesController#navbartest as HTML
  Rendered pages/navbartest.html.erb within layouts/application (0.1ms)
Completed 200 OK in 49ms (Views: 48.2ms | ActiveRecord: 0.0ms)


Started GET "/assets/pages.css?body=1" for 127.0.0.1 at 2014-10-22 02:52:20 -0400


Started GET "/assets/application.css?body=1" for 127.0.0.1 at 2014-10-22 02:52:20 -0400


Started GET "/assets/turbolinks.js?body=1" for 127.0.0.1 at 2014-10-22 02:52:20 -0400


Started GET "/assets/custom.css?body=1" for 127.0.0.1 at 2014-10-22 02:52:20 -0400


Started GET "/assets/jquery.js?body=1" for 127.0.0.1 at 2014-10-22 02:52:20 -0400


Started GET "/assets/jquery_ujs.js?body=1" for 127.0.0.1 at 2014-10-22 02:52:20 -0400


Started GET "/assets/application.js?body=1" for 127.0.0.1 at 2014-10-22 02:52:20 -0400


Started GET "/assets/pages.js?body=1" for 127.0.0.1 at 2014-10-22 02:52:20 -0400


Started GET "/navbartest" for 127.0.0.1 at 2014-10-22 02:52:21 -0400
Processing by PagesController#navbartest as HTML
  Rendered pages/navbartest.html.erb within layouts/application (0.1ms)
Completed 200 OK in 46ms (Views: 45.9ms | ActiveRecord: 0.0ms)


Started GET "/navbartest" for 127.0.0.1 at 2014-10-22 02:52:21 -0400
Processing by PagesController#navbartest as HTML
  Rendered pages/navbartest.html.erb within layouts/application (0.1ms)
Completed 200 OK in 44ms (Views: 43.7ms | ActiveRecord: 0.0ms)


Started GET "/assets/pages.css?body=1" for 127.0.0.1 at 2014-10-22 02:52:21 -0400


Started GET "/assets/custom.css?body=1" for 127.0.0.1 at 2014-10-22 02:52:21 -0400


Started GET "/assets/jquery.js?body=1" for 127.0.0.1 at 2014-10-22 02:52:21 -0400


Started GET "/assets/application.css?body=1" for 127.0.0.1 at 2014-10-22 02:52:21 -0400


Started GET "/assets/turbolinks.js?body=1" for 127.0.0.1 at 2014-10-22 02:52:21 -0400


Started GET "/assets/pages.js?body=1" for 127.0.0.1 at 2014-10-22 02:52:21 -0400


Started GET "/assets/jquery_ujs.js?body=1" for 127.0.0.1 at 2014-10-22 02:52:21 -0400


Started GET "/assets/application.js?body=1" for 127.0.0.1 at 2014-10-22 02:52:21 -0400


Started GET "/navbartest" for 127.0.0.1 at 2014-10-22 02:52:23 -0400
Processing by PagesController#navbartest as HTML
  Rendered pages/navbartest.html.erb within layouts/application (0.0ms)
Completed 200 OK in 43ms (Views: 42.4ms | ActiveRecord: 0.0ms)


Started GET "/navbartest" for 127.0.0.1 at 2014-10-22 02:52:23 -0400
Processing by PagesController#navbartest as HTML
  Rendered pages/navbartest.html.erb within layouts/application (0.0ms)
Completed 200 OK in 47ms (Views: 46.3ms | ActiveRecord: 0.0ms)


Started GET "/assets/custom.css?body=1" for 127.0.0.1 at 2014-10-22 02:52:23 -0400


Started GET "/assets/jquery.js?body=1" for 127.0.0.1 at 2014-10-22 02:52:23 -0400


Started GET "/assets/pages.css?body=1" for 127.0.0.1 at 2014-10-22 02:52:23 -0400


Started GET "/assets/turbolinks.js?body=1" for 127.0.0.1 at 2014-10-22 02:52:23 -0400


Started GET "/assets/application.css?body=1" for 127.0.0.1 at 2014-10-22 02:52:23 -0400


Started GET "/assets/jquery_ujs.js?body=1" for 127.0.0.1 at 2014-10-22 02:52:23 -0400


Started GET "/assets/pages.js?body=1" for 127.0.0.1 at 2014-10-22 02:52:23 -0400


Started GET "/assets/application.js?body=1" for 127.0.0.1 at 2014-10-22 02:52:23 -0400


Started GET "/navbartest" for 127.0.0.1 at 2014-10-22 02:52:40 -0400
Processing by PagesController#navbartest as HTML
  Rendered pages/navbartest.html.erb within layouts/application (0.0ms)
Completed 200 OK in 53ms (Views: 52.8ms | ActiveRecord: 0.0ms)


Started GET "/assets/pages.css?body=1" for 127.0.0.1 at 2014-10-22 02:52:40 -0400


Started GET "/assets/application.css?body=1" for 127.0.0.1 at 2014-10-22 02:52:40 -0400


Started GET "/assets/jquery.js?body=1" for 127.0.0.1 at 2014-10-22 02:52:40 -0400


Started GET "/assets/jquery_ujs.js?body=1" for 127.0.0.1 at 2014-10-22 02:52:40 -0400


Started GET "/assets/custom.css?body=1" for 127.0.0.1 at 2014-10-22 02:52:40 -0400


Started GET "/assets/pages.js?body=1" for 127.0.0.1 at 2014-10-22 02:52:40 -0400


Started GET "/assets/turbolinks.js?body=1" for 127.0.0.1 at 2014-10-22 02:52:40 -0400


Started GET "/assets/application.js?body=1" for 127.0.0.1 at 2014-10-22 02:52:40 -0400


Started GET "/navbartest" for 127.0.0.1 at 2014-10-22 02:52:41 -0400
Processing by PagesController#navbartest as HTML
  Rendered pages/navbartest.html.erb within layouts/application (0.1ms)
Completed 200 OK in 44ms (Views: 43.7ms | ActiveRecord: 0.0ms)


Started GET "/navbartest" for 127.0.0.1 at 2014-10-22 02:52:42 -0400
Processing by PagesController#navbartest as HTML
  Rendered pages/navbartest.html.erb within layouts/application (0.1ms)
Completed 200 OK in 53ms (Views: 53.0ms | ActiveRecord: 0.0ms)


Started GET "/assets/custom.css?body=1" for 127.0.0.1 at 2014-10-22 02:52:42 -0400


Started GET "/assets/jquery.js?body=1" for 127.0.0.1 at 2014-10-22 02:52:42 -0400


Started GET "/assets/pages.css?body=1" for 127.0.0.1 at 2014-10-22 02:52:42 -0400


Started GET "/assets/turbolinks.js?body=1" for 127.0.0.1 at 2014-10-22 02:52:42 -0400


Started GET "/assets/application.css?body=1" for 127.0.0.1 at 2014-10-22 02:52:42 -0400


Started GET "/assets/jquery_ujs.js?body=1" for 127.0.0.1 at 2014-10-22 02:52:42 -0400


Started GET "/assets/pages.js?body=1" for 127.0.0.1 at 2014-10-22 02:52:42 -0400


Started GET "/assets/application.js?body=1" for 127.0.0.1 at 2014-10-22 02:52:42 -0400


Started GET "/navbartest" for 127.0.0.1 at 2014-10-22 02:52:44 -0400
Processing by PagesController#navbartest as HTML
  Rendered pages/navbartest.html.erb within layouts/application (0.0ms)
Completed 200 OK in 44ms (Views: 43.9ms | ActiveRecord: 0.0ms)


Started GET "/navbartest" for 127.0.0.1 at 2014-10-22 02:52:44 -0400
Processing by PagesController#navbartest as HTML
  Rendered pages/navbartest.html.erb within layouts/application (0.0ms)
Completed 200 OK in 42ms (Views: 42.0ms | ActiveRecord: 0.0ms)


Started GET "/assets/jquery_ujs.js?body=1" for 127.0.0.1 at 2014-10-22 02:52:44 -0400


Started GET "/assets/turbolinks.js?body=1" for 127.0.0.1 at 2014-10-22 02:52:44 -0400


Started GET "/assets/jquery.js?body=1" for 127.0.0.1 at 2014-10-22 02:52:44 -0400


Started GET "/assets/pages.css?body=1" for 127.0.0.1 at 2014-10-22 02:52:44 -0400


Started GET "/assets/application.css?body=1" for 127.0.0.1 at 2014-10-22 02:52:44 -0400


Started GET "/assets/custom.css?body=1" for 127.0.0.1 at 2014-10-22 02:52:44 -0400


Started GET "/assets/pages.js?body=1" for 127.0.0.1 at 2014-10-22 02:52:44 -0400


Started GET "/assets/application.js?body=1" for 127.0.0.1 at 2014-10-22 02:52:44 -0400


Started GET "/navbartest" for 127.0.0.1 at 2014-10-22 02:54:21 -0400
Processing by PagesController#navbartest as HTML
  Rendered pages/navbartest.html.erb within layouts/application (0.1ms)
Completed 200 OK in 72ms (Views: 71.4ms | ActiveRecord: 0.0ms)


Started GET "/assets/pages.css?body=1" for 127.0.0.1 at 2014-10-22 02:54:21 -0400


Started GET "/assets/bootstrap.js?body=1" for 127.0.0.1 at 2014-10-22 02:54:21 -0400


Started GET "/assets/turbolinks.js?body=1" for 127.0.0.1 at 2014-10-22 02:54:21 -0400


Started GET "/assets/application.css?body=1" for 127.0.0.1 at 2014-10-22 02:54:21 -0400


Started GET "/assets/jquery_ujs.js?body=1" for 127.0.0.1 at 2014-10-22 02:54:21 -0400


Started GET "/assets/jquery.js?body=1" for 127.0.0.1 at 2014-10-22 02:54:21 -0400


Started GET "/assets/custom.css?body=1" for 127.0.0.1 at 2014-10-22 02:54:21 -0400


Started GET "/assets/pages.js?body=1" for 127.0.0.1 at 2014-10-22 02:54:21 -0400


Started GET "/assets/application.js?body=1" for 127.0.0.1 at 2014-10-22 02:54:21 -0400


Started GET "/" for 127.0.0.1 at 2014-10-22 04:06:16 -0400
Processing by PagesController#fb_test1 as HTML
  Rendered pages/fb_test1.html.erb within layouts/application (0.9ms)
WARNING on line 147 of /home/aw/Programming/Rails/Projects/Tests/herokujs_test/app/assets/stylesheets/custom.css.scss: ".field_with_errors" failed to @extend ".control-group".
  The selector ".control-group" was not found.
  This will be an error in future releases of Sass.
  Use "@extend .control-group !optional" if the extend should be able to fail.


WARNING on line 148 of /home/aw/Programming/Rails/Projects/Tests/herokujs_test/app/assets/stylesheets/custom.css.scss: ".field_with_errors" failed to @extend ".error".
  The selector ".error" was not found.
  This will be an error in future releases of Sass.
  Use "@extend .error !optional" if the extend should be able to fail.


  [1m[36mUser Load (0.2ms)[0m  [1mSELECT  "users".* FROM "users"  WHERE "users"."remember_token" = 'da39a3ee5e6b4b0d3255bfef95601890afd80709' LIMIT 1[0m
SQLite3::SQLException: no such table: users: SELECT  "users".* FROM "users"  WHERE "users"."remember_token" = 'da39a3ee5e6b4b0d3255bfef95601890afd80709' LIMIT 1
  Rendered layouts/_header.html.erb (17.0ms)
Completed 500 Internal Server Error in 996ms

ActionView::Template::Error (SQLite3::SQLException: no such table: users: SELECT  "users".* FROM "users"  WHERE "users"."remember_token" = 'da39a3ee5e6b4b0d3255bfef95601890afd80709' LIMIT 1):
    33: 
    34:       <ul class="nav navbar-nav navbar-right">
    35:          
    36:         <% if signed_in? %>
    37:             
    38:           <li><%= link_to "Events", events_path %></li>
    39:           <li class="dropdown">
  app/helpers/sessions_helper.rb:30:in `current_user'
  app/helpers/sessions_helper.rb:11:in `signed_in?'
  app/views/layouts/_header.html.erb:36:in `_app_views_layouts__header_html_erb___2733126560392409851_70336033111260'
  app/views/layouts/application.html.erb:13:in `_app_views_layouts_application_html_erb___2693844879709746165_27840700'


  Rendered /home/aw/.rvm/gems/ruby-2.1.3/gems/actionpack-4.1.5/lib/action_dispatch/middleware/templates/rescues/_trace.html.erb (1.0ms)
  Rendered /home/aw/.rvm/gems/ruby-2.1.3/gems/actionpack-4.1.5/lib/action_dispatch/middleware/templates/rescues/_request_and_response.html.erb (0.8ms)
  Rendered /home/aw/.rvm/gems/ruby-2.1.3/gems/actionpack-4.1.5/lib/action_dispatch/middleware/templates/rescues/template_error.html.erb within rescues/layout (8.6ms)


Started GET "/" for 127.0.0.1 at 2014-10-22 04:08:46 -0400
Processing by PagesController#fb_test1 as HTML
  Rendered pages/fb_test1.html.erb within layouts/application (0.1ms)
  Rendered layouts/_header.html.erb (1.8ms)
Completed 500 Internal Server Error in 66ms

SyntaxError (/home/aw/Programming/Rails/Projects/Tests/herokujs_test/app/views/layouts/_header.html.erb:28: syntax error, unexpected '<', expecting ')'
          </ul>
           ^
/home/aw/Programming/Rails/Projects/Tests/herokujs_test/app/views/layouts/_header.html.erb:29: unknown regexp option - l
/home/aw/Programming/Rails/Projects/Tests/herokujs_test/app/views/layouts/_header.html.erb:30: syntax error, unexpected '<'
      </ul>
       ^
/home/aw/Programming/Rails/Projects/Tests/herokujs_test/app/views/layouts/_header.html.erb:32: syntax error, unexpected tIDENTIFIER, expecting ')'
... Right side of nav w/ different displays for loged in vs. no...
...                               ^
/home/aw/Programming/Rails/Projects/Tests/herokujs_test/app/views/layouts/_header.html.erb:32: syntax error, unexpected keyword_in, expecting keyword_do_cond or ';' or '\n'
... for loged in vs. non-logged in users -->
...                               ^
/home/aw/Programming/Rails/Projects/Tests/herokujs_test/app/views/layouts/_header.html.erb:32: syntax error, unexpected '\n', expecting keyword_do_LAMBDA or tLAMBEG
/home/aw/Programming/Rails/Projects/Tests/herokujs_test/app/views/layouts/_header.html.erb:38: syntax error, unexpected '<', expecting ')'
          <li>'.freeze;@output_buffer.ap...
           ^
/home/aw/Programming/Rails/Projects/Tests/herokujs_test/app/views/layouts/_header.html.erb:41: unknown regexp options - pa
/home/aw/Programming/Rails/Projects/Tests/herokujs_test/app/views/layouts/_header.html.erb:41: syntax error, unexpected '<'
...unt<span class="caret"></span></a>
...                               ^
/home/aw/Programming/Rails/Projects/Tests/herokujs_test/app/views/layouts/_header.html.erb:43: unknown regexp option - l
/home/aw/Programming/Rails/Projects/Tests/herokujs_test/app/views/layouts/_header.html.erb:44: syntax error, unexpected '<'
              <li>'.freeze;@output_buffer.ap...
               ^
/home/aw/Programming/Rails/Projects/Tests/herokujs_test/app/views/layouts/_header.html.erb:45: unknown regexp option - l
/home/aw/Programming/Rails/Projects/Tests/herokujs_test/app/views/layouts/_header.html.erb:46: syntax error, unexpected '<'
            </ul>
             ^
/home/aw/Programming/Rails/Projects/Tests/herokujs_test/app/views/layouts/_header.html.erb:49: unknown regexp option - l
/home/aw/Programming/Rails/Projects/Tests/herokujs_test/app/views/layouts/_header.html.erb:50: syntax error, unexpected '<'
            <li>'.freeze;@output_buffer.ap...
             ^
/home/aw/Programming/Rails/Projects/Tests/herokujs_test/app/views/layouts/_header.html.erb:53: unknown regexp option - l
/home/aw/Programming/Rails/Projects/Tests/herokujs_test/app/views/layouts/_header.html.erb:55: syntax error, unexpected '<'
    </div><!-- /.navbar-collapse -->
     ^
/home/aw/Programming/Rails/Projects/Tests/herokujs_test/app/views/layouts/_header.html.erb:55: syntax error, unexpected unary-, expecting keyword_do or '{' or '('
    </div><!-- /.navbar-collapse -->
                                  ^
/home/aw/Programming/Rails/Projects/Tests/herokujs_test/app/views/layouts/_header.html.erb:56: syntax error, unexpected unary-, expecting keyword_do or '{' or '('
  </div><!-- /.container-fluid -->
                                ^
/home/aw/Programming/Rails/Projects/Tests/herokujs_test/app/views/layouts/_header.html.erb:58: unknown regexp options - av
/home/aw/Programming/Rails/Projects/Tests/herokujs_test/app/views/layouts/_header.html.erb:62: unterminated string meets end of file
/home/aw/Programming/Rails/Projects/Tests/herokujs_test/app/views/layouts/_header.html.erb:62: syntax error, unexpected end-of-input, expecting ')'):
  app/views/layouts/_header.html.erb:28: syntax error, unexpected '<', expecting ')'
  app/views/layouts/_header.html.erb:29: unknown regexp option - l
  app/views/layouts/_header.html.erb:30: syntax error, unexpected '<'
  app/views/layouts/_header.html.erb:32: syntax error, unexpected tIDENTIFIER, expecting ')'
  app/views/layouts/_header.html.erb:32: syntax error, unexpected keyword_in, expecting keyword_do_cond or ';' or '\n'
  app/views/layouts/_header.html.erb:32: syntax error, unexpected '\n', expecting keyword_do_LAMBDA or tLAMBEG
  app/views/layouts/_header.html.erb:38: syntax error, unexpected '<', expecting ')'
  app/views/layouts/_header.html.erb:41: unknown regexp options - pa
  app/views/layouts/_header.html.erb:41: syntax error, unexpected '<'
  app/views/layouts/_header.html.erb:43: unknown regexp option - l
  app/views/layouts/_header.html.erb:44: syntax error, unexpected '<'
  app/views/layouts/_header.html.erb:45: unknown regexp option - l
  app/views/layouts/_header.html.erb:46: syntax error, unexpected '<'
  app/views/layouts/_header.html.erb:49: unknown regexp option - l
  app/views/layouts/_header.html.erb:50: syntax error, unexpected '<'
  app/views/layouts/_header.html.erb:53: unknown regexp option - l
  app/views/layouts/_header.html.erb:55: syntax error, unexpected '<'
  app/views/layouts/_header.html.erb:55: syntax error, unexpected unary-, expecting keyword_do or '{' or '('
  app/views/layouts/_header.html.erb:56: syntax error, unexpected unary-, expecting keyword_do or '{' or '('
  app/views/layouts/_header.html.erb:58: unknown regexp options - av
  app/views/layouts/_header.html.erb:62: unterminated string meets end of file
  app/views/layouts/_header.html.erb:62: syntax error, unexpected end-of-input, expecting ')'
  app/views/layouts/application.html.erb:13:in `_app_views_layouts_application_html_erb___2693844879709746165_27840700'


  Rendered /home/aw/.rvm/gems/ruby-2.1.3/gems/actionpack-4.1.5/lib/action_dispatch/middleware/templates/rescues/_source.erb (0.6ms)
  Rendered /home/aw/.rvm/gems/ruby-2.1.3/gems/actionpack-4.1.5/lib/action_dispatch/middleware/templates/rescues/_trace.html.erb (1.6ms)
  Rendered /home/aw/.rvm/gems/ruby-2.1.3/gems/actionpack-4.1.5/lib/action_dispatch/middleware/templates/rescues/_request_and_response.html.erb (0.8ms)
  Rendered /home/aw/.rvm/gems/ruby-2.1.3/gems/actionpack-4.1.5/lib/action_dispatch/middleware/templates/rescues/diagnostics.erb within rescues/layout (12.8ms)


Started GET "/" for 127.0.0.1 at 2014-10-22 04:10:13 -0400
Processing by PagesController#fb_test1 as HTML
  Rendered pages/fb_test1.html.erb within layouts/application (0.1ms)
  Rendered layouts/_header.html.erb (0.8ms)
Completed 500 Internal Server Error in 65ms

SyntaxError (/home/aw/Programming/Rails/Projects/Tests/herokujs_test/app/views/layouts/_header.html.erb:28: syntax error, unexpected '<', expecting ')'
          </ul>
           ^
/home/aw/Programming/Rails/Projects/Tests/herokujs_test/app/views/layouts/_header.html.erb:29: unknown regexp option - l
/home/aw/Programming/Rails/Projects/Tests/herokujs_test/app/views/layouts/_header.html.erb:30: syntax error, unexpected '<'
      </ul>
       ^
/home/aw/Programming/Rails/Projects/Tests/herokujs_test/app/views/layouts/_header.html.erb:32: syntax error, unexpected tIDENTIFIER, expecting ')'
... Right side of nav w/ different displays for loged in vs. no...
...                               ^
/home/aw/Programming/Rails/Projects/Tests/herokujs_test/app/views/layouts/_header.html.erb:32: syntax error, unexpected keyword_in, expecting keyword_do_cond or ';' or '\n'
... for loged in vs. non-logged in users -->
...                               ^
/home/aw/Programming/Rails/Projects/Tests/herokujs_test/app/views/layouts/_header.html.erb:32: syntax error, unexpected '\n', expecting keyword_do_LAMBDA or tLAMBEG
/home/aw/Programming/Rails/Projects/Tests/herokujs_test/app/views/layouts/_header.html.erb:36: syntax error, unexpected '<'
      <!--  '.freeze;;@output_buffer.safe_append=' -->
       ^
/home/aw/Programming/Rails/Projects/Tests/herokujs_test/app/views/layouts/_header.html.erb:36: syntax error, unexpected '\n', expecting keyword_do_LAMBDA or tLAMBEG
/home/aw/Programming/Rails/Projects/Tests/herokujs_test/app/views/layouts/_header.html.erb:41: unknown regexp options - pa
/home/aw/Programming/Rails/Projects/Tests/herokujs_test/app/views/layouts/_header.html.erb:41: syntax error, unexpected '<'
...unt<span class="caret"></span></a>
...                               ^
/home/aw/Programming/Rails/Projects/Tests/herokujs_test/app/views/layouts/_header.html.erb:43: unknown regexp option - l
/home/aw/Programming/Rails/Projects/Tests/herokujs_test/app/views/layouts/_header.html.erb:44: syntax error, unexpected '<'
              <li>'.freeze;@output_buffer.ap...
               ^
/home/aw/Programming/Rails/Projects/Tests/herokujs_test/app/views/layouts/_header.html.erb:45: unknown regexp option - l
/home/aw/Programming/Rails/Projects/Tests/herokujs_test/app/views/layouts/_header.html.erb:46: syntax error, unexpected '<'
            </ul>
             ^
/home/aw/Programming/Rails/Projects/Tests/herokujs_test/app/views/layouts/_header.html.erb:49: unknown regexp option - l
/home/aw/Programming/Rails/Projects/Tests/herokujs_test/app/views/layouts/_header.html.erb:50: syntax error, unexpected '<'
            <li>'.freeze;@output_buffer.ap...
             ^
/home/aw/Programming/Rails/Projects/Tests/herokujs_test/app/views/layouts/_header.html.erb:53: unknown regexp option - l
/home/aw/Programming/Rails/Projects/Tests/herokujs_test/app/views/layouts/_header.html.erb:55: syntax error, unexpected '<'
    </div><!-- /.navbar-collapse -->
     ^
/home/aw/Programming/Rails/Projects/Tests/herokujs_test/app/views/layouts/_header.html.erb:55: syntax error, unexpected unary-, expecting keyword_do or '{' or '('
    </div><!-- /.navbar-collapse -->
                                  ^
/home/aw/Programming/Rails/Projects/Tests/herokujs_test/app/views/layouts/_header.html.erb:56: syntax error, unexpected unary-, expecting keyword_do or '{' or '('
  </div><!-- /.container-fluid -->
                                ^
/home/aw/Programming/Rails/Projects/Tests/herokujs_test/app/views/layouts/_header.html.erb:58: unknown regexp options - av
/home/aw/Programming/Rails/Projects/Tests/herokujs_test/app/views/layouts/_header.html.erb:62: unterminated string meets end of file
/home/aw/Programming/Rails/Projects/Tests/herokujs_test/app/views/layouts/_header.html.erb:62: syntax error, unexpected end-of-input, expecting ')'):
  app/views/layouts/_header.html.erb:28: syntax error, unexpected '<', expecting ')'
  app/views/layouts/_header.html.erb:29: unknown regexp option - l
  app/views/layouts/_header.html.erb:30: syntax error, unexpected '<'
  app/views/layouts/_header.html.erb:32: syntax error, unexpected tIDENTIFIER, expecting ')'
  app/views/layouts/_header.html.erb:32: syntax error, unexpected keyword_in, expecting keyword_do_cond or ';' or '\n'
  app/views/layouts/_header.html.erb:32: syntax error, unexpected '\n', expecting keyword_do_LAMBDA or tLAMBEG
  app/views/layouts/_header.html.erb:36: syntax error, unexpected '<'
  app/views/layouts/_header.html.erb:36: syntax error, unexpected '\n', expecting keyword_do_LAMBDA or tLAMBEG
  app/views/layouts/_header.html.erb:41: unknown regexp options - pa
  app/views/layouts/_header.html.erb:41: syntax error, unexpected '<'
  app/views/layouts/_header.html.erb:43: unknown regexp option - l
  app/views/layouts/_header.html.erb:44: syntax error, unexpected '<'
  app/views/layouts/_header.html.erb:45: unknown regexp option - l
  app/views/layouts/_header.html.erb:46: syntax error, unexpected '<'
  app/views/layouts/_header.html.erb:49: unknown regexp option - l
  app/views/layouts/_header.html.erb:50: syntax error, unexpected '<'
  app/views/layouts/_header.html.erb:53: unknown regexp option - l
  app/views/layouts/_header.html.erb:55: syntax error, unexpected '<'
  app/views/layouts/_header.html.erb:55: syntax error, unexpected unary-, expecting keyword_do or '{' or '('
  app/views/layouts/_header.html.erb:56: syntax error, unexpected unary-, expecting keyword_do or '{' or '('
  app/views/layouts/_header.html.erb:58: unknown regexp options - av
  app/views/layouts/_header.html.erb:62: unterminated string meets end of file
  app/views/layouts/_header.html.erb:62: syntax error, unexpected end-of-input, expecting ')'
  app/views/layouts/application.html.erb:13:in `_app_views_layouts_application_html_erb___2693844879709746165_27840700'


  Rendered /home/aw/.rvm/gems/ruby-2.1.3/gems/actionpack-4.1.5/lib/action_dispatch/middleware/templates/rescues/_source.erb (0.8ms)
  Rendered /home/aw/.rvm/gems/ruby-2.1.3/gems/actionpack-4.1.5/lib/action_dispatch/middleware/templates/rescues/_trace.html.erb (1.5ms)
  Rendered /home/aw/.rvm/gems/ruby-2.1.3/gems/actionpack-4.1.5/lib/action_dispatch/middleware/templates/rescues/_request_and_response.html.erb (0.8ms)
  Rendered /home/aw/.rvm/gems/ruby-2.1.3/gems/actionpack-4.1.5/lib/action_dispatch/middleware/templates/rescues/diagnostics.erb within rescues/layout (12.7ms)


Started GET "/" for 127.0.0.1 at 2014-10-22 04:10:19 -0400
Processing by PagesController#fb_test1 as HTML
  Rendered pages/fb_test1.html.erb within layouts/application (0.1ms)
  Rendered layouts/_header.html.erb (1.1ms)
Completed 500 Internal Server Error in 91ms

SyntaxError (/home/aw/Programming/Rails/Projects/Tests/herokujs_test/app/views/layouts/_header.html.erb:28: syntax error, unexpected '<', expecting ')'
          </ul>
           ^
/home/aw/Programming/Rails/Projects/Tests/herokujs_test/app/views/layouts/_header.html.erb:29: unknown regexp option - l
/home/aw/Programming/Rails/Projects/Tests/herokujs_test/app/views/layouts/_header.html.erb:30: syntax error, unexpected '<'
      </ul>
       ^
/home/aw/Programming/Rails/Projects/Tests/herokujs_test/app/views/layouts/_header.html.erb:32: syntax error, unexpected tIDENTIFIER, expecting ')'
... Right side of nav w/ different displays for loged in vs. no...
...                               ^
/home/aw/Programming/Rails/Projects/Tests/herokujs_test/app/views/layouts/_header.html.erb:32: syntax error, unexpected keyword_in, expecting keyword_do_cond or ';' or '\n'
... for loged in vs. non-logged in users -->
...                               ^
/home/aw/Programming/Rails/Projects/Tests/herokujs_test/app/views/layouts/_header.html.erb:32: syntax error, unexpected '\n', expecting keyword_do_LAMBDA or tLAMBEG
/home/aw/Programming/Rails/Projects/Tests/herokujs_test/app/views/layouts/_header.html.erb:38: syntax error, unexpected '<', expecting ')'
          <li>'.freeze;@output_buffer.ap...
           ^
/home/aw/Programming/Rails/Projects/Tests/herokujs_test/app/views/layouts/_header.html.erb:41: unknown regexp options - pa
/home/aw/Programming/Rails/Projects/Tests/herokujs_test/app/views/layouts/_header.html.erb:41: syntax error, unexpected '<'
...unt<span class="caret"></span></a>
...                               ^
/home/aw/Programming/Rails/Projects/Tests/herokujs_test/app/views/layouts/_header.html.erb:43: unknown regexp option - l
/home/aw/Programming/Rails/Projects/Tests/herokujs_test/app/views/layouts/_header.html.erb:44: syntax error, unexpected '<'
              <li>'.freeze;@output_buffer.ap...
               ^
/home/aw/Programming/Rails/Projects/Tests/herokujs_test/app/views/layouts/_header.html.erb:45: unknown regexp option - l
/home/aw/Programming/Rails/Projects/Tests/herokujs_test/app/views/layouts/_header.html.erb:46: syntax error, unexpected '<'
            </ul>
             ^
/home/aw/Programming/Rails/Projects/Tests/herokujs_test/app/views/layouts/_header.html.erb:49: unknown regexp option - l
/home/aw/Programming/Rails/Projects/Tests/herokujs_test/app/views/layouts/_header.html.erb:50: syntax error, unexpected '<'
            <li>'.freeze;@output_buffer.ap...
             ^
/home/aw/Programming/Rails/Projects/Tests/herokujs_test/app/views/layouts/_header.html.erb:53: unknown regexp option - l
/home/aw/Programming/Rails/Projects/Tests/herokujs_test/app/views/layouts/_header.html.erb:55: syntax error, unexpected '<'
    </div><!-- /.navbar-collapse -->
     ^
/home/aw/Programming/Rails/Projects/Tests/herokujs_test/app/views/layouts/_header.html.erb:55: syntax error, unexpected unary-, expecting keyword_do or '{' or '('
    </div><!-- /.navbar-collapse -->
                                  ^
/home/aw/Programming/Rails/Projects/Tests/herokujs_test/app/views/layouts/_header.html.erb:56: syntax error, unexpected unary-, expecting keyword_do or '{' or '('
  </div><!-- /.container-fluid -->
                                ^
/home/aw/Programming/Rails/Projects/Tests/herokujs_test/app/views/layouts/_header.html.erb:58: unknown regexp options - av
/home/aw/Programming/Rails/Projects/Tests/herokujs_test/app/views/layouts/_header.html.erb:62: unterminated string meets end of file
/home/aw/Programming/Rails/Projects/Tests/herokujs_test/app/views/layouts/_header.html.erb:62: syntax error, unexpected end-of-input, expecting ')'):
  app/views/layouts/_header.html.erb:28: syntax error, unexpected '<', expecting ')'
  app/views/layouts/_header.html.erb:29: unknown regexp option - l
  app/views/layouts/_header.html.erb:30: syntax error, unexpected '<'
  app/views/layouts/_header.html.erb:32: syntax error, unexpected tIDENTIFIER, expecting ')'
  app/views/layouts/_header.html.erb:32: syntax error, unexpected keyword_in, expecting keyword_do_cond or ';' or '\n'
  app/views/layouts/_header.html.erb:32: syntax error, unexpected '\n', expecting keyword_do_LAMBDA or tLAMBEG
  app/views/layouts/_header.html.erb:38: syntax error, unexpected '<', expecting ')'
  app/views/layouts/_header.html.erb:41: unknown regexp options - pa
  app/views/layouts/_header.html.erb:41: syntax error, unexpected '<'
  app/views/layouts/_header.html.erb:43: unknown regexp option - l
  app/views/layouts/_header.html.erb:44: syntax error, unexpected '<'
  app/views/layouts/_header.html.erb:45: unknown regexp option - l
  app/views/layouts/_header.html.erb:46: syntax error, unexpected '<'
  app/views/layouts/_header.html.erb:49: unknown regexp option - l
  app/views/layouts/_header.html.erb:50: syntax error, unexpected '<'
  app/views/layouts/_header.html.erb:53: unknown regexp option - l
  app/views/layouts/_header.html.erb:55: syntax error, unexpected '<'
  app/views/layouts/_header.html.erb:55: syntax error, unexpected unary-, expecting keyword_do or '{' or '('
  app/views/layouts/_header.html.erb:56: syntax error, unexpected unary-, expecting keyword_do or '{' or '('
  app/views/layouts/_header.html.erb:58: unknown regexp options - av
  app/views/layouts/_header.html.erb:62: unterminated string meets end of file
  app/views/layouts/_header.html.erb:62: syntax error, unexpected end-of-input, expecting ')'
  app/views/layouts/application.html.erb:13:in `_app_views_layouts_application_html_erb___2693844879709746165_27840700'


  Rendered /home/aw/.rvm/gems/ruby-2.1.3/gems/actionpack-4.1.5/lib/action_dispatch/middleware/templates/rescues/_source.erb (0.6ms)
  Rendered /home/aw/.rvm/gems/ruby-2.1.3/gems/actionpack-4.1.5/lib/action_dispatch/middleware/templates/rescues/_trace.html.erb (1.2ms)
  Rendered /home/aw/.rvm/gems/ruby-2.1.3/gems/actionpack-4.1.5/lib/action_dispatch/middleware/templates/rescues/_request_and_response.html.erb (1.2ms)
  Rendered /home/aw/.rvm/gems/ruby-2.1.3/gems/actionpack-4.1.5/lib/action_dispatch/middleware/templates/rescues/diagnostics.erb within rescues/layout (12.2ms)


Started GET "/" for 127.0.0.1 at 2014-10-22 04:17:13 -0400
Processing by PagesController#fb_test1 as HTML
  Rendered pages/fb_test1.html.erb within layouts/application (0.1ms)
  Rendered layouts/_header.html.erb (0.6ms)
Completed 200 OK in 124ms (Views: 123.2ms | ActiveRecord: 0.0ms)


Started GET "/assets/carousel.css?body=1" for 127.0.0.1 at 2014-10-22 04:17:13 -0400


Started GET "/assets/custom.css?body=1" for 127.0.0.1 at 2014-10-22 04:17:13 -0400


Started GET "/dist/js/bootstrap.min.js" for 127.0.0.1 at 2014-10-22 04:17:13 -0400

ActionController::RoutingError (No route matches [GET] "/dist/js/bootstrap.min.js"):
  actionpack (4.1.5) lib/action_dispatch/middleware/debug_exceptions.rb:21:in `call'
  actionpack (4.1.5) lib/action_dispatch/middleware/show_exceptions.rb:30:in `call'
  railties (4.1.5) lib/rails/rack/logger.rb:38:in `call_app'
  railties (4.1.5) lib/rails/rack/logger.rb:20:in `block in call'
  activesupport (4.1.5) lib/active_support/tagged_logging.rb:68:in `block in tagged'
  activesupport (4.1.5) lib/active_support/tagged_logging.rb:26:in `tagged'
  activesupport (4.1.5) lib/active_support/tagged_logging.rb:68:in `tagged'
  railties (4.1.5) lib/rails/rack/logger.rb:20:in `call'
  actionpack (4.1.5) lib/action_dispatch/middleware/request_id.rb:21:in `call'
  rack (1.5.2) lib/rack/methodoverride.rb:21:in `call'
  rack (1.5.2) lib/rack/runtime.rb:17:in `call'
  activesupport (4.1.5) lib/active_support/cache/strategy/local_cache_middleware.rb:26:in `call'
  rack (1.5.2) lib/rack/lock.rb:17:in `call'
  actionpack (4.1.5) lib/action_dispatch/middleware/static.rb:64:in `call'
  rack (1.5.2) lib/rack/sendfile.rb:112:in `call'
  railties (4.1.5) lib/rails/engine.rb:514:in `call'
  railties (4.1.5) lib/rails/application.rb:144:in `call'
  rack (1.5.2) lib/rack/lock.rb:17:in `call'
  rack (1.5.2) lib/rack/content_length.rb:14:in `call'
  rack (1.5.2) lib/rack/handler/webrick.rb:60:in `service'
  /home/aw/.rvm/rubies/ruby-2.1.3/lib/ruby/2.1.0/webrick/httpserver.rb:138:in `service'
  /home/aw/.rvm/rubies/ruby-2.1.3/lib/ruby/2.1.0/webrick/httpserver.rb:94:in `run'
  /home/aw/.rvm/rubies/ruby-2.1.3/lib/ruby/2.1.0/webrick/server.rb:295:in `block in start_thread'


  Rendered /home/aw/.rvm/gems/ruby-2.1.3/gems/actionpack-4.1.5/lib/action_dispatch/middleware/templates/rescues/_trace.html.erb (3.8ms)
  Rendered /home/aw/.rvm/gems/ruby-2.1.3/gems/actionpack-4.1.5/lib/action_dispatch/middleware/templates/routes/_route.html.erb (8.6ms)
  Rendered /home/aw/.rvm/gems/ruby-2.1.3/gems/actionpack-4.1.5/lib/action_dispatch/middleware/templates/routes/_table.html.erb (16.3ms)
  Rendered /home/aw/.rvm/gems/ruby-2.1.3/gems/actionpack-4.1.5/lib/action_dispatch/middleware/templates/rescues/routing_error.html.erb within rescues/layout (86.5ms)


Started GET "/assets/application.css?body=1" for 127.0.0.1 at 2014-10-22 04:17:14 -0400


Started GET "/assets/pages.css?body=1" for 127.0.0.1 at 2014-10-22 04:17:14 -0400


Started GET "/assets/js/docs.min.js" for 127.0.0.1 at 2014-10-22 04:17:14 -0400

ActionController::RoutingError (No route matches [GET] "/assets/js/docs.min.js"):
  actionpack (4.1.5) lib/action_dispatch/middleware/debug_exceptions.rb:21:in `call'
  actionpack (4.1.5) lib/action_dispatch/middleware/show_exceptions.rb:30:in `call'
  railties (4.1.5) lib/rails/rack/logger.rb:38:in `call_app'
  railties (4.1.5) lib/rails/rack/logger.rb:20:in `block in call'
  activesupport (4.1.5) lib/active_support/tagged_logging.rb:68:in `block in tagged'
  activesupport (4.1.5) lib/active_support/tagged_logging.rb:26:in `tagged'
  activesupport (4.1.5) lib/active_support/tagged_logging.rb:68:in `tagged'
  railties (4.1.5) lib/rails/rack/logger.rb:20:in `call'
  actionpack (4.1.5) lib/action_dispatch/middleware/request_id.rb:21:in `call'
  rack (1.5.2) lib/rack/methodoverride.rb:21:in `call'
  rack (1.5.2) lib/rack/runtime.rb:17:in `call'
  activesupport (4.1.5) lib/active_support/cache/strategy/local_cache_middleware.rb:26:in `call'
  rack (1.5.2) lib/rack/lock.rb:17:in `call'
  actionpack (4.1.5) lib/action_dispatch/middleware/static.rb:64:in `call'
  rack (1.5.2) lib/rack/sendfile.rb:112:in `call'
  railties (4.1.5) lib/rails/engine.rb:514:in `call'
  railties (4.1.5) lib/rails/application.rb:144:in `call'
  rack (1.5.2) lib/rack/lock.rb:17:in `call'
  rack (1.5.2) lib/rack/content_length.rb:14:in `call'
  rack (1.5.2) lib/rack/handler/webrick.rb:60:in `service'
  /home/aw/.rvm/rubies/ruby-2.1.3/lib/ruby/2.1.0/webrick/httpserver.rb:138:in `service'
  /home/aw/.rvm/rubies/ruby-2.1.3/lib/ruby/2.1.0/webrick/httpserver.rb:94:in `run'
  /home/aw/.rvm/rubies/ruby-2.1.3/lib/ruby/2.1.0/webrick/server.rb:295:in `block in start_thread'


  Rendered /home/aw/.rvm/gems/ruby-2.1.3/gems/actionpack-4.1.5/lib/action_dispatch/middleware/templates/rescues/_trace.html.erb (1.0ms)
  Rendered /home/aw/.rvm/gems/ruby-2.1.3/gems/actionpack-4.1.5/lib/action_dispatch/middleware/templates/routes/_route.html.erb (2.0ms)
  Rendered /home/aw/.rvm/gems/ruby-2.1.3/gems/actionpack-4.1.5/lib/action_dispatch/middleware/templates/routes/_table.html.erb (3.4ms)
  Rendered /home/aw/.rvm/gems/ruby-2.1.3/gems/actionpack-4.1.5/lib/action_dispatch/middleware/templates/rescues/routing_error.html.erb within rescues/layout (51.4ms)


Started GET "/assets/js/ie10-viewport-bug-workaround.js" for 127.0.0.1 at 2014-10-22 04:17:14 -0400

ActionController::RoutingError (No route matches [GET] "/assets/js/ie10-viewport-bug-workaround.js"):
  actionpack (4.1.5) lib/action_dispatch/middleware/debug_exceptions.rb:21:in `call'
  actionpack (4.1.5) lib/action_dispatch/middleware/show_exceptions.rb:30:in `call'
  railties (4.1.5) lib/rails/rack/logger.rb:38:in `call_app'
  railties (4.1.5) lib/rails/rack/logger.rb:20:in `block in call'
  activesupport (4.1.5) lib/active_support/tagged_logging.rb:68:in `block in tagged'
  activesupport (4.1.5) lib/active_support/tagged_logging.rb:26:in `tagged'
  activesupport (4.1.5) lib/active_support/tagged_logging.rb:68:in `tagged'
  railties (4.1.5) lib/rails/rack/logger.rb:20:in `call'
  actionpack (4.1.5) lib/action_dispatch/middleware/request_id.rb:21:in `call'
  rack (1.5.2) lib/rack/methodoverride.rb:21:in `call'
  rack (1.5.2) lib/rack/runtime.rb:17:in `call'
  activesupport (4.1.5) lib/active_support/cache/strategy/local_cache_middleware.rb:26:in `call'
  rack (1.5.2) lib/rack/lock.rb:17:in `call'
  actionpack (4.1.5) lib/action_dispatch/middleware/static.rb:64:in `call'
  rack (1.5.2) lib/rack/sendfile.rb:112:in `call'
  railties (4.1.5) lib/rails/engine.rb:514:in `call'
  railties (4.1.5) lib/rails/application.rb:144:in `call'
  rack (1.5.2) lib/rack/lock.rb:17:in `call'
  rack (1.5.2) lib/rack/content_length.rb:14:in `call'
  rack (1.5.2) lib/rack/handler/webrick.rb:60:in `service'
  /home/aw/.rvm/rubies/ruby-2.1.3/lib/ruby/2.1.0/webrick/httpserver.rb:138:in `service'
  /home/aw/.rvm/rubies/ruby-2.1.3/lib/ruby/2.1.0/webrick/httpserver.rb:94:in `run'
  /home/aw/.rvm/rubies/ruby-2.1.3/lib/ruby/2.1.0/webrick/server.rb:295:in `block in start_thread'


  Rendered /home/aw/.rvm/gems/ruby-2.1.3/gems/actionpack-4.1.5/lib/action_dispatch/middleware/templates/rescues/_trace.html.erb (0.9ms)
  Rendered /home/aw/.rvm/gems/ruby-2.1.3/gems/actionpack-4.1.5/lib/action_dispatch/middleware/templates/routes/_route.html.erb (2.1ms)
  Rendered /home/aw/.rvm/gems/ruby-2.1.3/gems/actionpack-4.1.5/lib/action_dispatch/middleware/templates/routes/_table.html.erb (2.7ms)
  Rendered /home/aw/.rvm/gems/ruby-2.1.3/gems/actionpack-4.1.5/lib/action_dispatch/middleware/templates/rescues/routing_error.html.erb within rescues/layout (41.0ms)


Started GET "/assets/jquery.js?body=1" for 127.0.0.1 at 2014-10-22 04:17:14 -0400


Started GET "/assets/jquery_ujs.js?body=1" for 127.0.0.1 at 2014-10-22 04:17:14 -0400


Started GET "/assets/bootstrap.js?body=1" for 127.0.0.1 at 2014-10-22 04:17:14 -0400


Started GET "/assets/turbolinks.js?body=1" for 127.0.0.1 at 2014-10-22 04:17:14 -0400


Started GET "/assets/pages.js?body=1" for 127.0.0.1 at 2014-10-22 04:17:14 -0400


Started GET "/assets/application.js?body=1" for 127.0.0.1 at 2014-10-22 04:17:14 -0400


Started GET "/fonts/bootstrap/glyphicons-halflings-regular.woff" for 127.0.0.1 at 2014-10-22 04:17:14 -0400

ActionController::RoutingError (No route matches [GET] "/fonts/bootstrap/glyphicons-halflings-regular.woff"):
  actionpack (4.1.5) lib/action_dispatch/middleware/debug_exceptions.rb:21:in `call'
  actionpack (4.1.5) lib/action_dispatch/middleware/show_exceptions.rb:30:in `call'
  railties (4.1.5) lib/rails/rack/logger.rb:38:in `call_app'
  railties (4.1.5) lib/rails/rack/logger.rb:20:in `block in call'
  activesupport (4.1.5) lib/active_support/tagged_logging.rb:68:in `block in tagged'
  activesupport (4.1.5) lib/active_support/tagged_logging.rb:26:in `tagged'
  activesupport (4.1.5) lib/active_support/tagged_logging.rb:68:in `tagged'
  railties (4.1.5) lib/rails/rack/logger.rb:20:in `call'
  actionpack (4.1.5) lib/action_dispatch/middleware/request_id.rb:21:in `call'
  rack (1.5.2) lib/rack/methodoverride.rb:21:in `call'
  rack (1.5.2) lib/rack/runtime.rb:17:in `call'
  activesupport (4.1.5) lib/active_support/cache/strategy/local_cache_middleware.rb:26:in `call'
  rack (1.5.2) lib/rack/lock.rb:17:in `call'
  actionpack (4.1.5) lib/action_dispatch/middleware/static.rb:64:in `call'
  rack (1.5.2) lib/rack/sendfile.rb:112:in `call'
  railties (4.1.5) lib/rails/engine.rb:514:in `call'
  railties (4.1.5) lib/rails/application.rb:144:in `call'
  rack (1.5.2) lib/rack/lock.rb:17:in `call'
  rack (1.5.2) lib/rack/content_length.rb:14:in `call'
  rack (1.5.2) lib/rack/handler/webrick.rb:60:in `service'
  /home/aw/.rvm/rubies/ruby-2.1.3/lib/ruby/2.1.0/webrick/httpserver.rb:138:in `service'
  /home/aw/.rvm/rubies/ruby-2.1.3/lib/ruby/2.1.0/webrick/httpserver.rb:94:in `run'
  /home/aw/.rvm/rubies/ruby-2.1.3/lib/ruby/2.1.0/webrick/server.rb:295:in `block in start_thread'


  Rendered /home/aw/.rvm/gems/ruby-2.1.3/gems/actionpack-4.1.5/lib/action_dispatch/middleware/templates/rescues/_trace.html.erb (4.1ms)
  Rendered /home/aw/.rvm/gems/ruby-2.1.3/gems/actionpack-4.1.5/lib/action_dispatch/middleware/templates/routes/_route.html.erb (3.7ms)
  Rendered /home/aw/.rvm/gems/ruby-2.1.3/gems/actionpack-4.1.5/lib/action_dispatch/middleware/templates/routes/_table.html.erb (3.7ms)
  Rendered /home/aw/.rvm/gems/ruby-2.1.3/gems/actionpack-4.1.5/lib/action_dispatch/middleware/templates/rescues/routing_error.html.erb within rescues/layout (58.6ms)


Started GET "/fonts/bootstrap/glyphicons-halflings-regular.ttf" for 127.0.0.1 at 2014-10-22 04:17:14 -0400

ActionController::RoutingError (No route matches [GET] "/fonts/bootstrap/glyphicons-halflings-regular.ttf"):
  actionpack (4.1.5) lib/action_dispatch/middleware/debug_exceptions.rb:21:in `call'
  actionpack (4.1.5) lib/action_dispatch/middleware/show_exceptions.rb:30:in `call'
  railties (4.1.5) lib/rails/rack/logger.rb:38:in `call_app'
  railties (4.1.5) lib/rails/rack/logger.rb:20:in `block in call'
  activesupport (4.1.5) lib/active_support/tagged_logging.rb:68:in `block in tagged'
  activesupport (4.1.5) lib/active_support/tagged_logging.rb:26:in `tagged'
  activesupport (4.1.5) lib/active_support/tagged_logging.rb:68:in `tagged'
  railties (4.1.5) lib/rails/rack/logger.rb:20:in `call'
  actionpack (4.1.5) lib/action_dispatch/middleware/request_id.rb:21:in `call'
  rack (1.5.2) lib/rack/methodoverride.rb:21:in `call'
  rack (1.5.2) lib/rack/runtime.rb:17:in `call'
  activesupport (4.1.5) lib/active_support/cache/strategy/local_cache_middleware.rb:26:in `call'
  rack (1.5.2) lib/rack/lock.rb:17:in `call'
  actionpack (4.1.5) lib/action_dispatch/middleware/static.rb:64:in `call'
  rack (1.5.2) lib/rack/sendfile.rb:112:in `call'
  railties (4.1.5) lib/rails/engine.rb:514:in `call'
  railties (4.1.5) lib/rails/application.rb:144:in `call'
  rack (1.5.2) lib/rack/lock.rb:17:in `call'
  rack (1.5.2) lib/rack/content_length.rb:14:in `call'
  rack (1.5.2) lib/rack/handler/webrick.rb:60:in `service'
  /home/aw/.rvm/rubies/ruby-2.1.3/lib/ruby/2.1.0/webrick/httpserver.rb:138:in `service'
  /home/aw/.rvm/rubies/ruby-2.1.3/lib/ruby/2.1.0/webrick/httpserver.rb:94:in `run'
  /home/aw/.rvm/rubies/ruby-2.1.3/lib/ruby/2.1.0/webrick/server.rb:295:in `block in start_thread'


  Rendered /home/aw/.rvm/gems/ruby-2.1.3/gems/actionpack-4.1.5/lib/action_dispatch/middleware/templates/rescues/_trace.html.erb (2.7ms)
  Rendered /home/aw/.rvm/gems/ruby-2.1.3/gems/actionpack-4.1.5/lib/action_dispatch/middleware/templates/routes/_route.html.erb (6.2ms)
  Rendered /home/aw/.rvm/gems/ruby-2.1.3/gems/actionpack-4.1.5/lib/action_dispatch/middleware/templates/routes/_table.html.erb (1.0ms)
  Rendered /home/aw/.rvm/gems/ruby-2.1.3/gems/actionpack-4.1.5/lib/action_dispatch/middleware/templates/rescues/routing_error.html.erb within rescues/layout (37.7ms)


Started GET "/fonts/bootstrap/glyphicons-halflings-regular.svg" for 127.0.0.1 at 2014-10-22 04:17:14 -0400

ActionController::RoutingError (No route matches [GET] "/fonts/bootstrap/glyphicons-halflings-regular.svg"):
  actionpack (4.1.5) lib/action_dispatch/middleware/debug_exceptions.rb:21:in `call'
  actionpack (4.1.5) lib/action_dispatch/middleware/show_exceptions.rb:30:in `call'
  railties (4.1.5) lib/rails/rack/logger.rb:38:in `call_app'
  railties (4.1.5) lib/rails/rack/logger.rb:20:in `block in call'
  activesupport (4.1.5) lib/active_support/tagged_logging.rb:68:in `block in tagged'
  activesupport (4.1.5) lib/active_support/tagged_logging.rb:26:in `tagged'
  activesupport (4.1.5) lib/active_support/tagged_logging.rb:68:in `tagged'
  railties (4.1.5) lib/rails/rack/logger.rb:20:in `call'
  actionpack (4.1.5) lib/action_dispatch/middleware/request_id.rb:21:in `call'
  rack (1.5.2) lib/rack/methodoverride.rb:21:in `call'
  rack (1.5.2) lib/rack/runtime.rb:17:in `call'
  activesupport (4.1.5) lib/active_support/cache/strategy/local_cache_middleware.rb:26:in `call'
  rack (1.5.2) lib/rack/lock.rb:17:in `call'
  actionpack (4.1.5) lib/action_dispatch/middleware/static.rb:64:in `call'
  rack (1.5.2) lib/rack/sendfile.rb:112:in `call'
  railties (4.1.5) lib/rails/engine.rb:514:in `call'
  railties (4.1.5) lib/rails/application.rb:144:in `call'
  rack (1.5.2) lib/rack/lock.rb:17:in `call'
  rack (1.5.2) lib/rack/content_length.rb:14:in `call'
  rack (1.5.2) lib/rack/handler/webrick.rb:60:in `service'
  /home/aw/.rvm/rubies/ruby-2.1.3/lib/ruby/2.1.0/webrick/httpserver.rb:138:in `service'
  /home/aw/.rvm/rubies/ruby-2.1.3/lib/ruby/2.1.0/webrick/httpserver.rb:94:in `run'
  /home/aw/.rvm/rubies/ruby-2.1.3/lib/ruby/2.1.0/webrick/server.rb:295:in `block in start_thread'


  Rendered /home/aw/.rvm/gems/ruby-2.1.3/gems/actionpack-4.1.5/lib/action_dispatch/middleware/templates/rescues/_trace.html.erb (1.1ms)
  Rendered /home/aw/.rvm/gems/ruby-2.1.3/gems/actionpack-4.1.5/lib/action_dispatch/middleware/templates/routes/_route.html.erb (3.2ms)
  Rendered /home/aw/.rvm/gems/ruby-2.1.3/gems/actionpack-4.1.5/lib/action_dispatch/middleware/templates/routes/_table.html.erb (2.8ms)
  Rendered /home/aw/.rvm/gems/ruby-2.1.3/gems/actionpack-4.1.5/lib/action_dispatch/middleware/templates/rescues/routing_error.html.erb within rescues/layout (44.9ms)


Started GET "/" for 127.0.0.1 at 2014-10-22 04:18:54 -0400
Processing by PagesController#fb_test1 as HTML
  Rendered pages/fb_test1.html.erb within layouts/application (0.1ms)
  Rendered layouts/_header.html.erb (0.6ms)
Completed 200 OK in 108ms (Views: 107.6ms | ActiveRecord: 0.0ms)


Started GET "/assets/carousel.css?body=1" for 127.0.0.1 at 2014-10-22 04:18:54 -0400


Started GET "/assets/custom.css?body=1" for 127.0.0.1 at 2014-10-22 04:18:54 -0400


Started GET "/assets/js/ie10-viewport-bug-workaround.js" for 127.0.0.1 at 2014-10-22 04:18:54 -0400

ActionController::RoutingError (No route matches [GET] "/assets/js/ie10-viewport-bug-workaround.js"):
  actionpack (4.1.5) lib/action_dispatch/middleware/debug_exceptions.rb:21:in `call'
  actionpack (4.1.5) lib/action_dispatch/middleware/show_exceptions.rb:30:in `call'
  railties (4.1.5) lib/rails/rack/logger.rb:38:in `call_app'
  railties (4.1.5) lib/rails/rack/logger.rb:20:in `block in call'
  activesupport (4.1.5) lib/active_support/tagged_logging.rb:68:in `block in tagged'
  activesupport (4.1.5) lib/active_support/tagged_logging.rb:26:in `tagged'
  activesupport (4.1.5) lib/active_support/tagged_logging.rb:68:in `tagged'
  railties (4.1.5) lib/rails/rack/logger.rb:20:in `call'
  actionpack (4.1.5) lib/action_dispatch/middleware/request_id.rb:21:in `call'
  rack (1.5.2) lib/rack/methodoverride.rb:21:in `call'
  rack (1.5.2) lib/rack/runtime.rb:17:in `call'
  activesupport (4.1.5) lib/active_support/cache/strategy/local_cache_middleware.rb:26:in `call'
  rack (1.5.2) lib/rack/lock.rb:17:in `call'
  actionpack (4.1.5) lib/action_dispatch/middleware/static.rb:64:in `call'
  rack (1.5.2) lib/rack/sendfile.rb:112:in `call'
  railties (4.1.5) lib/rails/engine.rb:514:in `call'
  railties (4.1.5) lib/rails/application.rb:144:in `call'
  rack (1.5.2) lib/rack/lock.rb:17:in `call'
  rack (1.5.2) lib/rack/content_length.rb:14:in `call'
  rack (1.5.2) lib/rack/handler/webrick.rb:60:in `service'
  /home/aw/.rvm/rubies/ruby-2.1.3/lib/ruby/2.1.0/webrick/httpserver.rb:138:in `service'
  /home/aw/.rvm/rubies/ruby-2.1.3/lib/ruby/2.1.0/webrick/httpserver.rb:94:in `run'
  /home/aw/.rvm/rubies/ruby-2.1.3/lib/ruby/2.1.0/webrick/server.rb:295:in `block in start_thread'


  Rendered /home/aw/.rvm/gems/ruby-2.1.3/gems/actionpack-4.1.5/lib/action_dispatch/middleware/templates/rescues/_trace.html.erb (2.8ms)
  Rendered /home/aw/.rvm/gems/ruby-2.1.3/gems/actionpack-4.1.5/lib/action_dispatch/middleware/templates/routes/_route.html.erb (7.9ms)
  Rendered /home/aw/.rvm/gems/ruby-2.1.3/gems/actionpack-4.1.5/lib/action_dispatch/middleware/templates/routes/_table.html.erb (1.0ms)
  Rendered /home/aw/.rvm/gems/ruby-2.1.3/gems/actionpack-4.1.5/lib/action_dispatch/middleware/templates/rescues/routing_error.html.erb within rescues/layout (67.0ms)


Started GET "/assets/pages.css?body=1" for 127.0.0.1 at 2014-10-22 04:18:54 -0400


Started GET "/assets/jquery.js?body=1" for 127.0.0.1 at 2014-10-22 04:18:54 -0400


Started GET "/assets/application.css?body=1" for 127.0.0.1 at 2014-10-22 04:18:54 -0400


Started GET "/assets/jquery_ujs.js?body=1" for 127.0.0.1 at 2014-10-22 04:18:54 -0400


Started GET "/assets/bootstrap.js?body=1" for 127.0.0.1 at 2014-10-22 04:18:54 -0400


Started GET "/assets/turbolinks.js?body=1" for 127.0.0.1 at 2014-10-22 04:18:54 -0400


Started GET "/assets/pages.js?body=1" for 127.0.0.1 at 2014-10-22 04:18:54 -0400


Started GET "/dist/js/bootstrap.min.js" for 127.0.0.1 at 2014-10-22 04:18:54 -0400

ActionController::RoutingError (No route matches [GET] "/dist/js/bootstrap.min.js"):
  actionpack (4.1.5) lib/action_dispatch/middleware/debug_exceptions.rb:21:in `call'
  actionpack (4.1.5) lib/action_dispatch/middleware/show_exceptions.rb:30:in `call'
  railties (4.1.5) lib/rails/rack/logger.rb:38:in `call_app'
  railties (4.1.5) lib/rails/rack/logger.rb:20:in `block in call'
  activesupport (4.1.5) lib/active_support/tagged_logging.rb:68:in `block in tagged'
  activesupport (4.1.5) lib/active_support/tagged_logging.rb:26:in `tagged'
  activesupport (4.1.5) lib/active_support/tagged_logging.rb:68:in `tagged'
  railties (4.1.5) lib/rails/rack/logger.rb:20:in `call'
  actionpack (4.1.5) lib/action_dispatch/middleware/request_id.rb:21:in `call'
  rack (1.5.2) lib/rack/methodoverride.rb:21:in `call'
  rack (1.5.2) lib/rack/runtime.rb:17:in `call'
  activesupport (4.1.5) lib/active_support/cache/strategy/local_cache_middleware.rb:26:in `call'
  rack (1.5.2) lib/rack/lock.rb:17:in `call'
  actionpack (4.1.5) lib/action_dispatch/middleware/static.rb:64:in `call'
  rack (1.5.2) lib/rack/sendfile.rb:112:in `call'
  railties (4.1.5) lib/rails/engine.rb:514:in `call'
  railties (4.1.5) lib/rails/application.rb:144:in `call'
  rack (1.5.2) lib/rack/lock.rb:17:in `call'
  rack (1.5.2) lib/rack/content_length.rb:14:in `call'
  rack (1.5.2) lib/rack/handler/webrick.rb:60:in `service'
  /home/aw/.rvm/rubies/ruby-2.1.3/lib/ruby/2.1.0/webrick/httpserver.rb:138:in `service'
  /home/aw/.rvm/rubies/ruby-2.1.3/lib/ruby/2.1.0/webrick/httpserver.rb:94:in `run'
  /home/aw/.rvm/rubies/ruby-2.1.3/lib/ruby/2.1.0/webrick/server.rb:295:in `block in start_thread'


  Rendered /home/aw/.rvm/gems/ruby-2.1.3/gems/actionpack-4.1.5/lib/action_dispatch/middleware/templates/rescues/_trace.html.erb (4.4ms)
  Rendered /home/aw/.rvm/gems/ruby-2.1.3/gems/actionpack-4.1.5/lib/action_dispatch/middleware/templates/routes/_route.html.erb (8.7ms)
  Rendered /home/aw/.rvm/gems/ruby-2.1.3/gems/actionpack-4.1.5/lib/action_dispatch/middleware/templates/routes/_table.html.erb (3.0ms)
  Rendered /home/aw/.rvm/gems/ruby-2.1.3/gems/actionpack-4.1.5/lib/action_dispatch/middleware/templates/rescues/routing_error.html.erb within rescues/layout (73.6ms)


Started GET "/assets/application.js?body=1" for 127.0.0.1 at 2014-10-22 04:18:54 -0400


Started GET "/assets/js/docs.min.js" for 127.0.0.1 at 2014-10-22 04:18:54 -0400

ActionController::RoutingError (No route matches [GET] "/assets/js/docs.min.js"):
  actionpack (4.1.5) lib/action_dispatch/middleware/debug_exceptions.rb:21:in `call'
  actionpack (4.1.5) lib/action_dispatch/middleware/show_exceptions.rb:30:in `call'
  railties (4.1.5) lib/rails/rack/logger.rb:38:in `call_app'
  railties (4.1.5) lib/rails/rack/logger.rb:20:in `block in call'
  activesupport (4.1.5) lib/active_support/tagged_logging.rb:68:in `block in tagged'
  activesupport (4.1.5) lib/active_support/tagged_logging.rb:26:in `tagged'
  activesupport (4.1.5) lib/active_support/tagged_logging.rb:68:in `tagged'
  railties (4.1.5) lib/rails/rack/logger.rb:20:in `call'
  actionpack (4.1.5) lib/action_dispatch/middleware/request_id.rb:21:in `call'
  rack (1.5.2) lib/rack/methodoverride.rb:21:in `call'
  rack (1.5.2) lib/rack/runtime.rb:17:in `call'
  activesupport (4.1.5) lib/active_support/cache/strategy/local_cache_middleware.rb:26:in `call'
  rack (1.5.2) lib/rack/lock.rb:17:in `call'
  actionpack (4.1.5) lib/action_dispatch/middleware/static.rb:64:in `call'
  rack (1.5.2) lib/rack/sendfile.rb:112:in `call'
  railties (4.1.5) lib/rails/engine.rb:514:in `call'
  railties (4.1.5) lib/rails/application.rb:144:in `call'
  rack (1.5.2) lib/rack/lock.rb:17:in `call'
  rack (1.5.2) lib/rack/content_length.rb:14:in `call'
  rack (1.5.2) lib/rack/handler/webrick.rb:60:in `service'
  /home/aw/.rvm/rubies/ruby-2.1.3/lib/ruby/2.1.0/webrick/httpserver.rb:138:in `service'
  /home/aw/.rvm/rubies/ruby-2.1.3/lib/ruby/2.1.0/webrick/httpserver.rb:94:in `run'
  /home/aw/.rvm/rubies/ruby-2.1.3/lib/ruby/2.1.0/webrick/server.rb:295:in `block in start_thread'


  Rendered /home/aw/.rvm/gems/ruby-2.1.3/gems/actionpack-4.1.5/lib/action_dispatch/middleware/templates/rescues/_trace.html.erb (4.6ms)
  Rendered /home/aw/.rvm/gems/ruby-2.1.3/gems/actionpack-4.1.5/lib/action_dispatch/middleware/templates/routes/_route.html.erb (5.2ms)
  Rendered /home/aw/.rvm/gems/ruby-2.1.3/gems/actionpack-4.1.5/lib/action_dispatch/middleware/templates/routes/_table.html.erb (3.4ms)
  Rendered /home/aw/.rvm/gems/ruby-2.1.3/gems/actionpack-4.1.5/lib/action_dispatch/middleware/templates/rescues/routing_error.html.erb within rescues/layout (70.5ms)


Started GET "/fonts/bootstrap/glyphicons-halflings-regular.woff" for 127.0.0.1 at 2014-10-22 04:18:54 -0400

ActionController::RoutingError (No route matches [GET] "/fonts/bootstrap/glyphicons-halflings-regular.woff"):
  actionpack (4.1.5) lib/action_dispatch/middleware/debug_exceptions.rb:21:in `call'
  actionpack (4.1.5) lib/action_dispatch/middleware/show_exceptions.rb:30:in `call'
  railties (4.1.5) lib/rails/rack/logger.rb:38:in `call_app'
  railties (4.1.5) lib/rails/rack/logger.rb:20:in `block in call'
  activesupport (4.1.5) lib/active_support/tagged_logging.rb:68:in `block in tagged'
  activesupport (4.1.5) lib/active_support/tagged_logging.rb:26:in `tagged'
  activesupport (4.1.5) lib/active_support/tagged_logging.rb:68:in `tagged'
  railties (4.1.5) lib/rails/rack/logger.rb:20:in `call'
  actionpack (4.1.5) lib/action_dispatch/middleware/request_id.rb:21:in `call'
  rack (1.5.2) lib/rack/methodoverride.rb:21:in `call'
  rack (1.5.2) lib/rack/runtime.rb:17:in `call'
  activesupport (4.1.5) lib/active_support/cache/strategy/local_cache_middleware.rb:26:in `call'
  rack (1.5.2) lib/rack/lock.rb:17:in `call'
  actionpack (4.1.5) lib/action_dispatch/middleware/static.rb:64:in `call'
  rack (1.5.2) lib/rack/sendfile.rb:112:in `call'
  railties (4.1.5) lib/rails/engine.rb:514:in `call'
  railties (4.1.5) lib/rails/application.rb:144:in `call'
  rack (1.5.2) lib/rack/lock.rb:17:in `call'
  rack (1.5.2) lib/rack/content_length.rb:14:in `call'
  rack (1.5.2) lib/rack/handler/webrick.rb:60:in `service'
  /home/aw/.rvm/rubies/ruby-2.1.3/lib/ruby/2.1.0/webrick/httpserver.rb:138:in `service'
  /home/aw/.rvm/rubies/ruby-2.1.3/lib/ruby/2.1.0/webrick/httpserver.rb:94:in `run'
  /home/aw/.rvm/rubies/ruby-2.1.3/lib/ruby/2.1.0/webrick/server.rb:295:in `block in start_thread'


  Rendered /home/aw/.rvm/gems/ruby-2.1.3/gems/actionpack-4.1.5/lib/action_dispatch/middleware/templates/rescues/_trace.html.erb (4.5ms)
  Rendered /home/aw/.rvm/gems/ruby-2.1.3/gems/actionpack-4.1.5/lib/action_dispatch/middleware/templates/routes/_route.html.erb (6.4ms)
  Rendered /home/aw/.rvm/gems/ruby-2.1.3/gems/actionpack-4.1.5/lib/action_dispatch/middleware/templates/routes/_table.html.erb (3.1ms)
  Rendered /home/aw/.rvm/gems/ruby-2.1.3/gems/actionpack-4.1.5/lib/action_dispatch/middleware/templates/rescues/routing_error.html.erb within rescues/layout (75.4ms)


Started GET "/fonts/bootstrap/glyphicons-halflings-regular.ttf" for 127.0.0.1 at 2014-10-22 04:18:54 -0400

ActionController::RoutingError (No route matches [GET] "/fonts/bootstrap/glyphicons-halflings-regular.ttf"):
  actionpack (4.1.5) lib/action_dispatch/middleware/debug_exceptions.rb:21:in `call'
  actionpack (4.1.5) lib/action_dispatch/middleware/show_exceptions.rb:30:in `call'
  railties (4.1.5) lib/rails/rack/logger.rb:38:in `call_app'
  railties (4.1.5) lib/rails/rack/logger.rb:20:in `block in call'
  activesupport (4.1.5) lib/active_support/tagged_logging.rb:68:in `block in tagged'
  activesupport (4.1.5) lib/active_support/tagged_logging.rb:26:in `tagged'
  activesupport (4.1.5) lib/active_support/tagged_logging.rb:68:in `tagged'
  railties (4.1.5) lib/rails/rack/logger.rb:20:in `call'
  actionpack (4.1.5) lib/action_dispatch/middleware/request_id.rb:21:in `call'
  rack (1.5.2) lib/rack/methodoverride.rb:21:in `call'
  rack (1.5.2) lib/rack/runtime.rb:17:in `call'
  activesupport (4.1.5) lib/active_support/cache/strategy/local_cache_middleware.rb:26:in `call'
  rack (1.5.2) lib/rack/lock.rb:17:in `call'
  actionpack (4.1.5) lib/action_dispatch/middleware/static.rb:64:in `call'
  rack (1.5.2) lib/rack/sendfile.rb:112:in `call'
  railties (4.1.5) lib/rails/engine.rb:514:in `call'
  railties (4.1.5) lib/rails/application.rb:144:in `call'
  rack (1.5.2) lib/rack/lock.rb:17:in `call'
  rack (1.5.2) lib/rack/content_length.rb:14:in `call'
  rack (1.5.2) lib/rack/handler/webrick.rb:60:in `service'
  /home/aw/.rvm/rubies/ruby-2.1.3/lib/ruby/2.1.0/webrick/httpserver.rb:138:in `service'
  /home/aw/.rvm/rubies/ruby-2.1.3/lib/ruby/2.1.0/webrick/httpserver.rb:94:in `run'
  /home/aw/.rvm/rubies/ruby-2.1.3/lib/ruby/2.1.0/webrick/server.rb:295:in `block in start_thread'


  Rendered /home/aw/.rvm/gems/ruby-2.1.3/gems/actionpack-4.1.5/lib/action_dispatch/middleware/templates/rescues/_trace.html.erb (3.8ms)
  Rendered /home/aw/.rvm/gems/ruby-2.1.3/gems/actionpack-4.1.5/lib/action_dispatch/middleware/templates/routes/_route.html.erb (7.3ms)
  Rendered /home/aw/.rvm/gems/ruby-2.1.3/gems/actionpack-4.1.5/lib/action_dispatch/middleware/templates/routes/_table.html.erb (0.9ms)
  Rendered /home/aw/.rvm/gems/ruby-2.1.3/gems/actionpack-4.1.5/lib/action_dispatch/middleware/templates/rescues/routing_error.html.erb within rescues/layout (53.1ms)


Started GET "/fonts/bootstrap/glyphicons-halflings-regular.svg" for 127.0.0.1 at 2014-10-22 04:18:54 -0400

ActionController::RoutingError (No route matches [GET] "/fonts/bootstrap/glyphicons-halflings-regular.svg"):
  actionpack (4.1.5) lib/action_dispatch/middleware/debug_exceptions.rb:21:in `call'
  actionpack (4.1.5) lib/action_dispatch/middleware/show_exceptions.rb:30:in `call'
  railties (4.1.5) lib/rails/rack/logger.rb:38:in `call_app'
  railties (4.1.5) lib/rails/rack/logger.rb:20:in `block in call'
  activesupport (4.1.5) lib/active_support/tagged_logging.rb:68:in `block in tagged'
  activesupport (4.1.5) lib/active_support/tagged_logging.rb:26:in `tagged'
  activesupport (4.1.5) lib/active_support/tagged_logging.rb:68:in `tagged'
  railties (4.1.5) lib/rails/rack/logger.rb:20:in `call'
  actionpack (4.1.5) lib/action_dispatch/middleware/request_id.rb:21:in `call'
  rack (1.5.2) lib/rack/methodoverride.rb:21:in `call'
  rack (1.5.2) lib/rack/runtime.rb:17:in `call'
  activesupport (4.1.5) lib/active_support/cache/strategy/local_cache_middleware.rb:26:in `call'
  rack (1.5.2) lib/rack/lock.rb:17:in `call'
  actionpack (4.1.5) lib/action_dispatch/middleware/static.rb:64:in `call'
  rack (1.5.2) lib/rack/sendfile.rb:112:in `call'
  railties (4.1.5) lib/rails/engine.rb:514:in `call'
  railties (4.1.5) lib/rails/application.rb:144:in `call'
  rack (1.5.2) lib/rack/lock.rb:17:in `call'
  rack (1.5.2) lib/rack/content_length.rb:14:in `call'
  rack (1.5.2) lib/rack/handler/webrick.rb:60:in `service'
  /home/aw/.rvm/rubies/ruby-2.1.3/lib/ruby/2.1.0/webrick/httpserver.rb:138:in `service'
  /home/aw/.rvm/rubies/ruby-2.1.3/lib/ruby/2.1.0/webrick/httpserver.rb:94:in `run'
  /home/aw/.rvm/rubies/ruby-2.1.3/lib/ruby/2.1.0/webrick/server.rb:295:in `block in start_thread'


  Rendered /home/aw/.rvm/gems/ruby-2.1.3/gems/actionpack-4.1.5/lib/action_dispatch/middleware/templates/rescues/_trace.html.erb (3.0ms)
  Rendered /home/aw/.rvm/gems/ruby-2.1.3/gems/actionpack-4.1.5/lib/action_dispatch/middleware/templates/routes/_route.html.erb (6.1ms)
  Rendered /home/aw/.rvm/gems/ruby-2.1.3/gems/actionpack-4.1.5/lib/action_dispatch/middleware/templates/routes/_table.html.erb (3.3ms)
  Rendered /home/aw/.rvm/gems/ruby-2.1.3/gems/actionpack-4.1.5/lib/action_dispatch/middleware/templates/rescues/routing_error.html.erb within rescues/layout (52.8ms)


Started GET "/" for 127.0.0.1 at 2014-10-22 04:19:14 -0400
Processing by PagesController#fb_test1 as HTML
  Rendered pages/fb_test1.html.erb within layouts/application (0.1ms)
  Rendered layouts/_header.html.erb (1.9ms)
Completed 200 OK in 124ms (Views: 123.8ms | ActiveRecord: 0.0ms)


Started GET "/assets/carousel.css?body=1" for 127.0.0.1 at 2014-10-22 04:19:15 -0400


Started GET "/assets/pages.css?body=1" for 127.0.0.1 at 2014-10-22 04:19:15 -0400


Started GET "/assets/application.css?body=1" for 127.0.0.1 at 2014-10-22 04:19:15 -0400


Started GET "/assets/custom.css?body=1" for 127.0.0.1 at 2014-10-22 04:19:15 -0400


Started GET "/assets/jquery.js?body=1" for 127.0.0.1 at 2014-10-22 04:19:15 -0400


Started GET "/assets/turbolinks.js?body=1" for 127.0.0.1 at 2014-10-22 04:19:15 -0400


Started GET "/assets/bootstrap.js?body=1" for 127.0.0.1 at 2014-10-22 04:19:15 -0400


Started GET "/assets/jquery_ujs.js?body=1" for 127.0.0.1 at 2014-10-22 04:19:15 -0400


Started GET "/assets/pages.js?body=1" for 127.0.0.1 at 2014-10-22 04:19:15 -0400


Started GET "/assets/application.js?body=1" for 127.0.0.1 at 2014-10-22 04:19:15 -0400


Started GET "/dist/js/bootstrap.min.js" for 127.0.0.1 at 2014-10-22 04:19:15 -0400

ActionController::RoutingError (No route matches [GET] "/dist/js/bootstrap.min.js"):
  actionpack (4.1.5) lib/action_dispatch/middleware/debug_exceptions.rb:21:in `call'
  actionpack (4.1.5) lib/action_dispatch/middleware/show_exceptions.rb:30:in `call'
  railties (4.1.5) lib/rails/rack/logger.rb:38:in `call_app'
  railties (4.1.5) lib/rails/rack/logger.rb:20:in `block in call'
  activesupport (4.1.5) lib/active_support/tagged_logging.rb:68:in `block in tagged'
  activesupport (4.1.5) lib/active_support/tagged_logging.rb:26:in `tagged'
  activesupport (4.1.5) lib/active_support/tagged_logging.rb:68:in `tagged'
  railties (4.1.5) lib/rails/rack/logger.rb:20:in `call'
  actionpack (4.1.5) lib/action_dispatch/middleware/request_id.rb:21:in `call'
  rack (1.5.2) lib/rack/methodoverride.rb:21:in `call'
  rack (1.5.2) lib/rack/runtime.rb:17:in `call'
  activesupport (4.1.5) lib/active_support/cache/strategy/local_cache_middleware.rb:26:in `call'
  rack (1.5.2) lib/rack/lock.rb:17:in `call'
  actionpack (4.1.5) lib/action_dispatch/middleware/static.rb:64:in `call'
  rack (1.5.2) lib/rack/sendfile.rb:112:in `call'
  railties (4.1.5) lib/rails/engine.rb:514:in `call'
  railties (4.1.5) lib/rails/application.rb:144:in `call'
  rack (1.5.2) lib/rack/lock.rb:17:in `call'
  rack (1.5.2) lib/rack/content_length.rb:14:in `call'
  rack (1.5.2) lib/rack/handler/webrick.rb:60:in `service'
  /home/aw/.rvm/rubies/ruby-2.1.3/lib/ruby/2.1.0/webrick/httpserver.rb:138:in `service'
  /home/aw/.rvm/rubies/ruby-2.1.3/lib/ruby/2.1.0/webrick/httpserver.rb:94:in `run'
  /home/aw/.rvm/rubies/ruby-2.1.3/lib/ruby/2.1.0/webrick/server.rb:295:in `block in start_thread'


  Rendered /home/aw/.rvm/gems/ruby-2.1.3/gems/actionpack-4.1.5/lib/action_dispatch/middleware/templates/rescues/_trace.html.erb (3.0ms)
  Rendered /home/aw/.rvm/gems/ruby-2.1.3/gems/actionpack-4.1.5/lib/action_dispatch/middleware/templates/routes/_route.html.erb (11.5ms)
  Rendered /home/aw/.rvm/gems/ruby-2.1.3/gems/actionpack-4.1.5/lib/action_dispatch/middleware/templates/routes/_table.html.erb (4.6ms)
  Rendered /home/aw/.rvm/gems/ruby-2.1.3/gems/actionpack-4.1.5/lib/action_dispatch/middleware/templates/rescues/routing_error.html.erb within rescues/layout (80.5ms)


Started GET "/assets/js/ie10-viewport-bug-workaround.js" for 127.0.0.1 at 2014-10-22 04:19:15 -0400

ActionController::RoutingError (No route matches [GET] "/assets/js/ie10-viewport-bug-workaround.js"):
  actionpack (4.1.5) lib/action_dispatch/middleware/debug_exceptions.rb:21:in `call'
  actionpack (4.1.5) lib/action_dispatch/middleware/show_exceptions.rb:30:in `call'
  railties (4.1.5) lib/rails/rack/logger.rb:38:in `call_app'
  railties (4.1.5) lib/rails/rack/logger.rb:20:in `block in call'
  activesupport (4.1.5) lib/active_support/tagged_logging.rb:68:in `block in tagged'
  activesupport (4.1.5) lib/active_support/tagged_logging.rb:26:in `tagged'
  activesupport (4.1.5) lib/active_support/tagged_logging.rb:68:in `tagged'
  railties (4.1.5) lib/rails/rack/logger.rb:20:in `call'
  actionpack (4.1.5) lib/action_dispatch/middleware/request_id.rb:21:in `call'
  rack (1.5.2) lib/rack/methodoverride.rb:21:in `call'
  rack (1.5.2) lib/rack/runtime.rb:17:in `call'
  activesupport (4.1.5) lib/active_support/cache/strategy/local_cache_middleware.rb:26:in `call'
  rack (1.5.2) lib/rack/lock.rb:17:in `call'
  actionpack (4.1.5) lib/action_dispatch/middleware/static.rb:64:in `call'
  rack (1.5.2) lib/rack/sendfile.rb:112:in `call'
  railties (4.1.5) lib/rails/engine.rb:514:in `call'
  railties (4.1.5) lib/rails/application.rb:144:in `call'
  rack (1.5.2) lib/rack/lock.rb:17:in `call'
  rack (1.5.2) lib/rack/content_length.rb:14:in `call'
  rack (1.5.2) lib/rack/handler/webrick.rb:60:in `service'
  /home/aw/.rvm/rubies/ruby-2.1.3/lib/ruby/2.1.0/webrick/httpserver.rb:138:in `service'
  /home/aw/.rvm/rubies/ruby-2.1.3/lib/ruby/2.1.0/webrick/httpserver.rb:94:in `run'
  /home/aw/.rvm/rubies/ruby-2.1.3/lib/ruby/2.1.0/webrick/server.rb:295:in `block in start_thread'


  Rendered /home/aw/.rvm/gems/ruby-2.1.3/gems/actionpack-4.1.5/lib/action_dispatch/middleware/templates/rescues/_trace.html.erb (2.5ms)
  Rendered /home/aw/.rvm/gems/ruby-2.1.3/gems/actionpack-4.1.5/lib/action_dispatch/middleware/templates/routes/_route.html.erb (2.1ms)
  Rendered /home/aw/.rvm/gems/ruby-2.1.3/gems/actionpack-4.1.5/lib/action_dispatch/middleware/templates/routes/_table.html.erb (3.1ms)
  Rendered /home/aw/.rvm/gems/ruby-2.1.3/gems/actionpack-4.1.5/lib/action_dispatch/middleware/templates/rescues/routing_error.html.erb within rescues/layout (53.5ms)


Started GET "/assets/js/docs.min.js" for 127.0.0.1 at 2014-10-22 04:19:15 -0400

ActionController::RoutingError (No route matches [GET] "/assets/js/docs.min.js"):
  actionpack (4.1.5) lib/action_dispatch/middleware/debug_exceptions.rb:21:in `call'
  actionpack (4.1.5) lib/action_dispatch/middleware/show_exceptions.rb:30:in `call'
  railties (4.1.5) lib/rails/rack/logger.rb:38:in `call_app'
  railties (4.1.5) lib/rails/rack/logger.rb:20:in `block in call'
  activesupport (4.1.5) lib/active_support/tagged_logging.rb:68:in `block in tagged'
  activesupport (4.1.5) lib/active_support/tagged_logging.rb:26:in `tagged'
  activesupport (4.1.5) lib/active_support/tagged_logging.rb:68:in `tagged'
  railties (4.1.5) lib/rails/rack/logger.rb:20:in `call'
  actionpack (4.1.5) lib/action_dispatch/middleware/request_id.rb:21:in `call'
  rack (1.5.2) lib/rack/methodoverride.rb:21:in `call'
  rack (1.5.2) lib/rack/runtime.rb:17:in `call'
  activesupport (4.1.5) lib/active_support/cache/strategy/local_cache_middleware.rb:26:in `call'
  rack (1.5.2) lib/rack/lock.rb:17:in `call'
  actionpack (4.1.5) lib/action_dispatch/middleware/static.rb:64:in `call'
  rack (1.5.2) lib/rack/sendfile.rb:112:in `call'
  railties (4.1.5) lib/rails/engine.rb:514:in `call'
  railties (4.1.5) lib/rails/application.rb:144:in `call'
  rack (1.5.2) lib/rack/lock.rb:17:in `call'
  rack (1.5.2) lib/rack/content_length.rb:14:in `call'
  rack (1.5.2) lib/rack/handler/webrick.rb:60:in `service'
  /home/aw/.rvm/rubies/ruby-2.1.3/lib/ruby/2.1.0/webrick/httpserver.rb:138:in `service'
  /home/aw/.rvm/rubies/ruby-2.1.3/lib/ruby/2.1.0/webrick/httpserver.rb:94:in `run'
  /home/aw/.rvm/rubies/ruby-2.1.3/lib/ruby/2.1.0/webrick/server.rb:295:in `block in start_thread'


  Rendered /home/aw/.rvm/gems/ruby-2.1.3/gems/actionpack-4.1.5/lib/action_dispatch/middleware/templates/rescues/_trace.html.erb (3.7ms)
  Rendered /home/aw/.rvm/gems/ruby-2.1.3/gems/actionpack-4.1.5/lib/action_dispatch/middleware/templates/routes/_route.html.erb (9.3ms)
  Rendered /home/aw/.rvm/gems/ruby-2.1.3/gems/actionpack-4.1.5/lib/action_dispatch/middleware/templates/routes/_table.html.erb (1.9ms)
  Rendered /home/aw/.rvm/gems/ruby-2.1.3/gems/actionpack-4.1.5/lib/action_dispatch/middleware/templates/rescues/routing_error.html.erb within rescues/layout (52.8ms)


Started GET "/fonts/bootstrap/glyphicons-halflings-regular.woff" for 127.0.0.1 at 2014-10-22 04:19:15 -0400

ActionController::RoutingError (No route matches [GET] "/fonts/bootstrap/glyphicons-halflings-regular.woff"):
  actionpack (4.1.5) lib/action_dispatch/middleware/debug_exceptions.rb:21:in `call'
  actionpack (4.1.5) lib/action_dispatch/middleware/show_exceptions.rb:30:in `call'
  railties (4.1.5) lib/rails/rack/logger.rb:38:in `call_app'
  railties (4.1.5) lib/rails/rack/logger.rb:20:in `block in call'
  activesupport (4.1.5) lib/active_support/tagged_logging.rb:68:in `block in tagged'
  activesupport (4.1.5) lib/active_support/tagged_logging.rb:26:in `tagged'
  activesupport (4.1.5) lib/active_support/tagged_logging.rb:68:in `tagged'
  railties (4.1.5) lib/rails/rack/logger.rb:20:in `call'
  actionpack (4.1.5) lib/action_dispatch/middleware/request_id.rb:21:in `call'
  rack (1.5.2) lib/rack/methodoverride.rb:21:in `call'
  rack (1.5.2) lib/rack/runtime.rb:17:in `call'
  activesupport (4.1.5) lib/active_support/cache/strategy/local_cache_middleware.rb:26:in `call'
  rack (1.5.2) lib/rack/lock.rb:17:in `call'
  actionpack (4.1.5) lib/action_dispatch/middleware/static.rb:64:in `call'
  rack (1.5.2) lib/rack/sendfile.rb:112:in `call'
  railties (4.1.5) lib/rails/engine.rb:514:in `call'
  railties (4.1.5) lib/rails/application.rb:144:in `call'
  rack (1.5.2) lib/rack/lock.rb:17:in `call'
  rack (1.5.2) lib/rack/content_length.rb:14:in `call'
  rack (1.5.2) lib/rack/handler/webrick.rb:60:in `service'
  /home/aw/.rvm/rubies/ruby-2.1.3/lib/ruby/2.1.0/webrick/httpserver.rb:138:in `service'
  /home/aw/.rvm/rubies/ruby-2.1.3/lib/ruby/2.1.0/webrick/httpserver.rb:94:in `run'
  /home/aw/.rvm/rubies/ruby-2.1.3/lib/ruby/2.1.0/webrick/server.rb:295:in `block in start_thread'


  Rendered /home/aw/.rvm/gems/ruby-2.1.3/gems/actionpack-4.1.5/lib/action_dispatch/middleware/templates/rescues/_trace.html.erb (4.4ms)
  Rendered /home/aw/.rvm/gems/ruby-2.1.3/gems/actionpack-4.1.5/lib/action_dispatch/middleware/templates/routes/_route.html.erb (9.4ms)
  Rendered /home/aw/.rvm/gems/ruby-2.1.3/gems/actionpack-4.1.5/lib/action_dispatch/middleware/templates/routes/_table.html.erb (2.9ms)
  Rendered /home/aw/.rvm/gems/ruby-2.1.3/gems/actionpack-4.1.5/lib/action_dispatch/middleware/templates/rescues/routing_error.html.erb within rescues/layout (60.7ms)


Started GET "/fonts/bootstrap/glyphicons-halflings-regular.ttf" for 127.0.0.1 at 2014-10-22 04:19:15 -0400

ActionController::RoutingError (No route matches [GET] "/fonts/bootstrap/glyphicons-halflings-regular.ttf"):
  actionpack (4.1.5) lib/action_dispatch/middleware/debug_exceptions.rb:21:in `call'
  actionpack (4.1.5) lib/action_dispatch/middleware/show_exceptions.rb:30:in `call'
  railties (4.1.5) lib/rails/rack/logger.rb:38:in `call_app'
  railties (4.1.5) lib/rails/rack/logger.rb:20:in `block in call'
  activesupport (4.1.5) lib/active_support/tagged_logging.rb:68:in `block in tagged'
  activesupport (4.1.5) lib/active_support/tagged_logging.rb:26:in `tagged'
  activesupport (4.1.5) lib/active_support/tagged_logging.rb:68:in `tagged'
  railties (4.1.5) lib/rails/rack/logger.rb:20:in `call'
  actionpack (4.1.5) lib/action_dispatch/middleware/request_id.rb:21:in `call'
  rack (1.5.2) lib/rack/methodoverride.rb:21:in `call'
  rack (1.5.2) lib/rack/runtime.rb:17:in `call'
  activesupport (4.1.5) lib/active_support/cache/strategy/local_cache_middleware.rb:26:in `call'
  rack (1.5.2) lib/rack/lock.rb:17:in `call'
  actionpack (4.1.5) lib/action_dispatch/middleware/static.rb:64:in `call'
  rack (1.5.2) lib/rack/sendfile.rb:112:in `call'
  railties (4.1.5) lib/rails/engine.rb:514:in `call'
  railties (4.1.5) lib/rails/application.rb:144:in `call'
  rack (1.5.2) lib/rack/lock.rb:17:in `call'
  rack (1.5.2) lib/rack/content_length.rb:14:in `call'
  rack (1.5.2) lib/rack/handler/webrick.rb:60:in `service'
  /home/aw/.rvm/rubies/ruby-2.1.3/lib/ruby/2.1.0/webrick/httpserver.rb:138:in `service'
  /home/aw/.rvm/rubies/ruby-2.1.3/lib/ruby/2.1.0/webrick/httpserver.rb:94:in `run'
  /home/aw/.rvm/rubies/ruby-2.1.3/lib/ruby/2.1.0/webrick/server.rb:295:in `block in start_thread'


  Rendered /home/aw/.rvm/gems/ruby-2.1.3/gems/actionpack-4.1.5/lib/action_dispatch/middleware/templates/rescues/_trace.html.erb (2.9ms)
  Rendered /home/aw/.rvm/gems/ruby-2.1.3/gems/actionpack-4.1.5/lib/action_dispatch/middleware/templates/routes/_route.html.erb (5.5ms)
  Rendered /home/aw/.rvm/gems/ruby-2.1.3/gems/actionpack-4.1.5/lib/action_dispatch/middleware/templates/routes/_table.html.erb (0.9ms)
  Rendered /home/aw/.rvm/gems/ruby-2.1.3/gems/actionpack-4.1.5/lib/action_dispatch/middleware/templates/rescues/routing_error.html.erb within rescues/layout (47.0ms)


Started GET "/fonts/bootstrap/glyphicons-halflings-regular.svg" for 127.0.0.1 at 2014-10-22 04:19:15 -0400

ActionController::RoutingError (No route matches [GET] "/fonts/bootstrap/glyphicons-halflings-regular.svg"):
  actionpack (4.1.5) lib/action_dispatch/middleware/debug_exceptions.rb:21:in `call'
  actionpack (4.1.5) lib/action_dispatch/middleware/show_exceptions.rb:30:in `call'
  railties (4.1.5) lib/rails/rack/logger.rb:38:in `call_app'
  railties (4.1.5) lib/rails/rack/logger.rb:20:in `block in call'
  activesupport (4.1.5) lib/active_support/tagged_logging.rb:68:in `block in tagged'
  activesupport (4.1.5) lib/active_support/tagged_logging.rb:26:in `tagged'
  activesupport (4.1.5) lib/active_support/tagged_logging.rb:68:in `tagged'
  railties (4.1.5) lib/rails/rack/logger.rb:20:in `call'
  actionpack (4.1.5) lib/action_dispatch/middleware/request_id.rb:21:in `call'
  rack (1.5.2) lib/rack/methodoverride.rb:21:in `call'
  rack (1.5.2) lib/rack/runtime.rb:17:in `call'
  activesupport (4.1.5) lib/active_support/cache/strategy/local_cache_middleware.rb:26:in `call'
  rack (1.5.2) lib/rack/lock.rb:17:in `call'
  actionpack (4.1.5) lib/action_dispatch/middleware/static.rb:64:in `call'
  rack (1.5.2) lib/rack/sendfile.rb:112:in `call'
  railties (4.1.5) lib/rails/engine.rb:514:in `call'
  railties (4.1.5) lib/rails/application.rb:144:in `call'
  rack (1.5.2) lib/rack/lock.rb:17:in `call'
  rack (1.5.2) lib/rack/content_length.rb:14:in `call'
  rack (1.5.2) lib/rack/handler/webrick.rb:60:in `service'
  /home/aw/.rvm/rubies/ruby-2.1.3/lib/ruby/2.1.0/webrick/httpserver.rb:138:in `service'
  /home/aw/.rvm/rubies/ruby-2.1.3/lib/ruby/2.1.0/webrick/httpserver.rb:94:in `run'
  /home/aw/.rvm/rubies/ruby-2.1.3/lib/ruby/2.1.0/webrick/server.rb:295:in `block in start_thread'


  Rendered /home/aw/.rvm/gems/ruby-2.1.3/gems/actionpack-4.1.5/lib/action_dispatch/middleware/templates/rescues/_trace.html.erb (3.0ms)
  Rendered /home/aw/.rvm/gems/ruby-2.1.3/gems/actionpack-4.1.5/lib/action_dispatch/middleware/templates/routes/_route.html.erb (8.2ms)
  Rendered /home/aw/.rvm/gems/ruby-2.1.3/gems/actionpack-4.1.5/lib/action_dispatch/middleware/templates/routes/_table.html.erb (1.1ms)
  Rendered /home/aw/.rvm/gems/ruby-2.1.3/gems/actionpack-4.1.5/lib/action_dispatch/middleware/templates/rescues/routing_error.html.erb within rescues/layout (47.0ms)


Started GET "/" for 127.0.0.1 at 2014-10-22 04:19:32 -0400
Processing by PagesController#fb_test1 as HTML
  Rendered pages/fb_test1.html.erb within layouts/application (0.1ms)
  Rendered layouts/_header.html.erb (2.0ms)
Completed 200 OK in 129ms (Views: 127.9ms | ActiveRecord: 0.0ms)


Started GET "/assets/carousel.css?body=1" for 127.0.0.1 at 2014-10-22 04:19:32 -0400


Started GET "/assets/custom.css?body=1" for 127.0.0.1 at 2014-10-22 04:19:32 -0400


Started GET "/assets/pages.css?body=1" for 127.0.0.1 at 2014-10-22 04:19:32 -0400


Started GET "/dist/js/bootstrap.min.js" for 127.0.0.1 at 2014-10-22 04:19:32 -0400

ActionController::RoutingError (No route matches [GET] "/dist/js/bootstrap.min.js"):
  actionpack (4.1.5) lib/action_dispatch/middleware/debug_exceptions.rb:21:in `call'
  actionpack (4.1.5) lib/action_dispatch/middleware/show_exceptions.rb:30:in `call'
  railties (4.1.5) lib/rails/rack/logger.rb:38:in `call_app'
  railties (4.1.5) lib/rails/rack/logger.rb:20:in `block in call'
  activesupport (4.1.5) lib/active_support/tagged_logging.rb:68:in `block in tagged'
  activesupport (4.1.5) lib/active_support/tagged_logging.rb:26:in `tagged'
  activesupport (4.1.5) lib/active_support/tagged_logging.rb:68:in `tagged'
  railties (4.1.5) lib/rails/rack/logger.rb:20:in `call'
  actionpack (4.1.5) lib/action_dispatch/middleware/request_id.rb:21:in `call'
  rack (1.5.2) lib/rack/methodoverride.rb:21:in `call'
  rack (1.5.2) lib/rack/runtime.rb:17:in `call'
  activesupport (4.1.5) lib/active_support/cache/strategy/local_cache_middleware.rb:26:in `call'
  rack (1.5.2) lib/rack/lock.rb:17:in `call'
  actionpack (4.1.5) lib/action_dispatch/middleware/static.rb:64:in `call'
  rack (1.5.2) lib/rack/sendfile.rb:112:in `call'
  railties (4.1.5) lib/rails/engine.rb:514:in `call'
  railties (4.1.5) lib/rails/application.rb:144:in `call'
  rack (1.5.2) lib/rack/lock.rb:17:in `call'
  rack (1.5.2) lib/rack/content_length.rb:14:in `call'
  rack (1.5.2) lib/rack/handler/webrick.rb:60:in `service'
  /home/aw/.rvm/rubies/ruby-2.1.3/lib/ruby/2.1.0/webrick/httpserver.rb:138:in `service'
  /home/aw/.rvm/rubies/ruby-2.1.3/lib/ruby/2.1.0/webrick/httpserver.rb:94:in `run'
  /home/aw/.rvm/rubies/ruby-2.1.3/lib/ruby/2.1.0/webrick/server.rb:295:in `block in start_thread'


  Rendered /home/aw/.rvm/gems/ruby-2.1.3/gems/actionpack-4.1.5/lib/action_dispatch/middleware/templates/rescues/_trace.html.erb (4.3ms)
  Rendered /home/aw/.rvm/gems/ruby-2.1.3/gems/actionpack-4.1.5/lib/action_dispatch/middleware/templates/routes/_route.html.erb (7.0ms)
  Rendered /home/aw/.rvm/gems/ruby-2.1.3/gems/actionpack-4.1.5/lib/action_dispatch/middleware/templates/routes/_table.html.erb (2.5ms)
  Rendered /home/aw/.rvm/gems/ruby-2.1.3/gems/actionpack-4.1.5/lib/action_dispatch/middleware/templates/rescues/routing_error.html.erb within rescues/layout (70.7ms)


Started GET "/assets/application.css?body=1" for 127.0.0.1 at 2014-10-22 04:19:32 -0400


Started GET "/assets/js/ie10-viewport-bug-workaround.js" for 127.0.0.1 at 2014-10-22 04:19:32 -0400

ActionController::RoutingError (No route matches [GET] "/assets/js/ie10-viewport-bug-workaround.js"):
  actionpack (4.1.5) lib/action_dispatch/middleware/debug_exceptions.rb:21:in `call'
  actionpack (4.1.5) lib/action_dispatch/middleware/show_exceptions.rb:30:in `call'
  railties (4.1.5) lib/rails/rack/logger.rb:38:in `call_app'
  railties (4.1.5) lib/rails/rack/logger.rb:20:in `block in call'
  activesupport (4.1.5) lib/active_support/tagged_logging.rb:68:in `block in tagged'
  activesupport (4.1.5) lib/active_support/tagged_logging.rb:26:in `tagged'
  activesupport (4.1.5) lib/active_support/tagged_logging.rb:68:in `tagged'
  railties (4.1.5) lib/rails/rack/logger.rb:20:in `call'
  actionpack (4.1.5) lib/action_dispatch/middleware/request_id.rb:21:in `call'
  rack (1.5.2) lib/rack/methodoverride.rb:21:in `call'
  rack (1.5.2) lib/rack/runtime.rb:17:in `call'
  activesupport (4.1.5) lib/active_support/cache/strategy/local_cache_middleware.rb:26:in `call'
  rack (1.5.2) lib/rack/lock.rb:17:in `call'
  actionpack (4.1.5) lib/action_dispatch/middleware/static.rb:64:in `call'
  rack (1.5.2) lib/rack/sendfile.rb:112:in `call'
  railties (4.1.5) lib/rails/engine.rb:514:in `call'
  railties (4.1.5) lib/rails/application.rb:144:in `call'
  rack (1.5.2) lib/rack/lock.rb:17:in `call'
  rack (1.5.2) lib/rack/content_length.rb:14:in `call'
  rack (1.5.2) lib/rack/handler/webrick.rb:60:in `service'
  /home/aw/.rvm/rubies/ruby-2.1.3/lib/ruby/2.1.0/webrick/httpserver.rb:138:in `service'
  /home/aw/.rvm/rubies/ruby-2.1.3/lib/ruby/2.1.0/webrick/httpserver.rb:94:in `run'
  /home/aw/.rvm/rubies/ruby-2.1.3/lib/ruby/2.1.0/webrick/server.rb:295:in `block in start_thread'


  Rendered /home/aw/.rvm/gems/ruby-2.1.3/gems/actionpack-4.1.5/lib/action_dispatch/middleware/templates/rescues/_trace.html.erb (3.7ms)
  Rendered /home/aw/.rvm/gems/ruby-2.1.3/gems/actionpack-4.1.5/lib/action_dispatch/middleware/templates/routes/_route.html.erb (6.0ms)
  Rendered /home/aw/.rvm/gems/ruby-2.1.3/gems/actionpack-4.1.5/lib/action_dispatch/middleware/templates/routes/_table.html.erb (2.6ms)
  Rendered /home/aw/.rvm/gems/ruby-2.1.3/gems/actionpack-4.1.5/lib/action_dispatch/middleware/templates/rescues/routing_error.html.erb within rescues/layout (59.5ms)


Started GET "/assets/jquery.js?body=1" for 127.0.0.1 at 2014-10-22 04:19:32 -0400


Started GET "/assets/jquery_ujs.js?body=1" for 127.0.0.1 at 2014-10-22 04:19:32 -0400


Started GET "/assets/bootstrap.js?body=1" for 127.0.0.1 at 2014-10-22 04:19:32 -0400


Started GET "/assets/turbolinks.js?body=1" for 127.0.0.1 at 2014-10-22 04:19:32 -0400


Started GET "/assets/pages.js?body=1" for 127.0.0.1 at 2014-10-22 04:19:32 -0400


Started GET "/assets/application.js?body=1" for 127.0.0.1 at 2014-10-22 04:19:32 -0400


Started GET "/assets/js/docs.min.js" for 127.0.0.1 at 2014-10-22 04:19:32 -0400

ActionController::RoutingError (No route matches [GET] "/assets/js/docs.min.js"):
  actionpack (4.1.5) lib/action_dispatch/middleware/debug_exceptions.rb:21:in `call'
  actionpack (4.1.5) lib/action_dispatch/middleware/show_exceptions.rb:30:in `call'
  railties (4.1.5) lib/rails/rack/logger.rb:38:in `call_app'
  railties (4.1.5) lib/rails/rack/logger.rb:20:in `block in call'
  activesupport (4.1.5) lib/active_support/tagged_logging.rb:68:in `block in tagged'
  activesupport (4.1.5) lib/active_support/tagged_logging.rb:26:in `tagged'
  activesupport (4.1.5) lib/active_support/tagged_logging.rb:68:in `tagged'
  railties (4.1.5) lib/rails/rack/logger.rb:20:in `call'
  actionpack (4.1.5) lib/action_dispatch/middleware/request_id.rb:21:in `call'
  rack (1.5.2) lib/rack/methodoverride.rb:21:in `call'
  rack (1.5.2) lib/rack/runtime.rb:17:in `call'
  activesupport (4.1.5) lib/active_support/cache/strategy/local_cache_middleware.rb:26:in `call'
  rack (1.5.2) lib/rack/lock.rb:17:in `call'
  actionpack (4.1.5) lib/action_dispatch/middleware/static.rb:64:in `call'
  rack (1.5.2) lib/rack/sendfile.rb:112:in `call'
  railties (4.1.5) lib/rails/engine.rb:514:in `call'
  railties (4.1.5) lib/rails/application.rb:144:in `call'
  rack (1.5.2) lib/rack/lock.rb:17:in `call'
  rack (1.5.2) lib/rack/content_length.rb:14:in `call'
  rack (1.5.2) lib/rack/handler/webrick.rb:60:in `service'
  /home/aw/.rvm/rubies/ruby-2.1.3/lib/ruby/2.1.0/webrick/httpserver.rb:138:in `service'
  /home/aw/.rvm/rubies/ruby-2.1.3/lib/ruby/2.1.0/webrick/httpserver.rb:94:in `run'
  /home/aw/.rvm/rubies/ruby-2.1.3/lib/ruby/2.1.0/webrick/server.rb:295:in `block in start_thread'


  Rendered /home/aw/.rvm/gems/ruby-2.1.3/gems/actionpack-4.1.5/lib/action_dispatch/middleware/templates/rescues/_trace.html.erb (4.0ms)
  Rendered /home/aw/.rvm/gems/ruby-2.1.3/gems/actionpack-4.1.5/lib/action_dispatch/middleware/templates/routes/_route.html.erb (5.6ms)
  Rendered /home/aw/.rvm/gems/ruby-2.1.3/gems/actionpack-4.1.5/lib/action_dispatch/middleware/templates/routes/_table.html.erb (3.9ms)
  Rendered /home/aw/.rvm/gems/ruby-2.1.3/gems/actionpack-4.1.5/lib/action_dispatch/middleware/templates/rescues/routing_error.html.erb within rescues/layout (78.4ms)


Started GET "/fonts/bootstrap/glyphicons-halflings-regular.woff" for 127.0.0.1 at 2014-10-22 04:19:33 -0400

ActionController::RoutingError (No route matches [GET] "/fonts/bootstrap/glyphicons-halflings-regular.woff"):
  actionpack (4.1.5) lib/action_dispatch/middleware/debug_exceptions.rb:21:in `call'
  actionpack (4.1.5) lib/action_dispatch/middleware/show_exceptions.rb:30:in `call'
  railties (4.1.5) lib/rails/rack/logger.rb:38:in `call_app'
  railties (4.1.5) lib/rails/rack/logger.rb:20:in `block in call'
  activesupport (4.1.5) lib/active_support/tagged_logging.rb:68:in `block in tagged'
  activesupport (4.1.5) lib/active_support/tagged_logging.rb:26:in `tagged'
  activesupport (4.1.5) lib/active_support/tagged_logging.rb:68:in `tagged'
  railties (4.1.5) lib/rails/rack/logger.rb:20:in `call'
  actionpack (4.1.5) lib/action_dispatch/middleware/request_id.rb:21:in `call'
  rack (1.5.2) lib/rack/methodoverride.rb:21:in `call'
  rack (1.5.2) lib/rack/runtime.rb:17:in `call'
  activesupport (4.1.5) lib/active_support/cache/strategy/local_cache_middleware.rb:26:in `call'
  rack (1.5.2) lib/rack/lock.rb:17:in `call'
  actionpack (4.1.5) lib/action_dispatch/middleware/static.rb:64:in `call'
  rack (1.5.2) lib/rack/sendfile.rb:112:in `call'
  railties (4.1.5) lib/rails/engine.rb:514:in `call'
  railties (4.1.5) lib/rails/application.rb:144:in `call'
  rack (1.5.2) lib/rack/lock.rb:17:in `call'
  rack (1.5.2) lib/rack/content_length.rb:14:in `call'
  rack (1.5.2) lib/rack/handler/webrick.rb:60:in `service'
  /home/aw/.rvm/rubies/ruby-2.1.3/lib/ruby/2.1.0/webrick/httpserver.rb:138:in `service'
  /home/aw/.rvm/rubies/ruby-2.1.3/lib/ruby/2.1.0/webrick/httpserver.rb:94:in `run'
  /home/aw/.rvm/rubies/ruby-2.1.3/lib/ruby/2.1.0/webrick/server.rb:295:in `block in start_thread'


  Rendered /home/aw/.rvm/gems/ruby-2.1.3/gems/actionpack-4.1.5/lib/action_dispatch/middleware/templates/rescues/_trace.html.erb (4.5ms)
  Rendered /home/aw/.rvm/gems/ruby-2.1.3/gems/actionpack-4.1.5/lib/action_dispatch/middleware/templates/routes/_route.html.erb (6.5ms)
  Rendered /home/aw/.rvm/gems/ruby-2.1.3/gems/actionpack-4.1.5/lib/action_dispatch/middleware/templates/routes/_table.html.erb (2.8ms)
  Rendered /home/aw/.rvm/gems/ruby-2.1.3/gems/actionpack-4.1.5/lib/action_dispatch/middleware/templates/rescues/routing_error.html.erb within rescues/layout (70.8ms)


Started GET "/fonts/bootstrap/glyphicons-halflings-regular.ttf" for 127.0.0.1 at 2014-10-22 04:19:33 -0400

ActionController::RoutingError (No route matches [GET] "/fonts/bootstrap/glyphicons-halflings-regular.ttf"):
  actionpack (4.1.5) lib/action_dispatch/middleware/debug_exceptions.rb:21:in `call'
  actionpack (4.1.5) lib/action_dispatch/middleware/show_exceptions.rb:30:in `call'
  railties (4.1.5) lib/rails/rack/logger.rb:38:in `call_app'
  railties (4.1.5) lib/rails/rack/logger.rb:20:in `block in call'
  activesupport (4.1.5) lib/active_support/tagged_logging.rb:68:in `block in tagged'
  activesupport (4.1.5) lib/active_support/tagged_logging.rb:26:in `tagged'
  activesupport (4.1.5) lib/active_support/tagged_logging.rb:68:in `tagged'
  railties (4.1.5) lib/rails/rack/logger.rb:20:in `call'
  actionpack (4.1.5) lib/action_dispatch/middleware/request_id.rb:21:in `call'
  rack (1.5.2) lib/rack/methodoverride.rb:21:in `call'
  rack (1.5.2) lib/rack/runtime.rb:17:in `call'
  activesupport (4.1.5) lib/active_support/cache/strategy/local_cache_middleware.rb:26:in `call'
  rack (1.5.2) lib/rack/lock.rb:17:in `call'
  actionpack (4.1.5) lib/action_dispatch/middleware/static.rb:64:in `call'
  rack (1.5.2) lib/rack/sendfile.rb:112:in `call'
  railties (4.1.5) lib/rails/engine.rb:514:in `call'
  railties (4.1.5) lib/rails/application.rb:144:in `call'
  rack (1.5.2) lib/rack/lock.rb:17:in `call'
  rack (1.5.2) lib/rack/content_length.rb:14:in `call'
  rack (1.5.2) lib/rack/handler/webrick.rb:60:in `service'
  /home/aw/.rvm/rubies/ruby-2.1.3/lib/ruby/2.1.0/webrick/httpserver.rb:138:in `service'
  /home/aw/.rvm/rubies/ruby-2.1.3/lib/ruby/2.1.0/webrick/httpserver.rb:94:in `run'
  /home/aw/.rvm/rubies/ruby-2.1.3/lib/ruby/2.1.0/webrick/server.rb:295:in `block in start_thread'


  Rendered /home/aw/.rvm/gems/ruby-2.1.3/gems/actionpack-4.1.5/lib/action_dispatch/middleware/templates/rescues/_trace.html.erb (2.2ms)
  Rendered /home/aw/.rvm/gems/ruby-2.1.3/gems/actionpack-4.1.5/lib/action_dispatch/middleware/templates/routes/_route.html.erb (3.3ms)
  Rendered /home/aw/.rvm/gems/ruby-2.1.3/gems/actionpack-4.1.5/lib/action_dispatch/middleware/templates/routes/_table.html.erb (2.7ms)
  Rendered /home/aw/.rvm/gems/ruby-2.1.3/gems/actionpack-4.1.5/lib/action_dispatch/middleware/templates/rescues/routing_error.html.erb within rescues/layout (50.7ms)


Started GET "/fonts/bootstrap/glyphicons-halflings-regular.svg" for 127.0.0.1 at 2014-10-22 04:19:33 -0400

ActionController::RoutingError (No route matches [GET] "/fonts/bootstrap/glyphicons-halflings-regular.svg"):
  actionpack (4.1.5) lib/action_dispatch/middleware/debug_exceptions.rb:21:in `call'
  actionpack (4.1.5) lib/action_dispatch/middleware/show_exceptions.rb:30:in `call'
  railties (4.1.5) lib/rails/rack/logger.rb:38:in `call_app'
  railties (4.1.5) lib/rails/rack/logger.rb:20:in `block in call'
  activesupport (4.1.5) lib/active_support/tagged_logging.rb:68:in `block in tagged'
  activesupport (4.1.5) lib/active_support/tagged_logging.rb:26:in `tagged'
  activesupport (4.1.5) lib/active_support/tagged_logging.rb:68:in `tagged'
  railties (4.1.5) lib/rails/rack/logger.rb:20:in `call'
  actionpack (4.1.5) lib/action_dispatch/middleware/request_id.rb:21:in `call'
  rack (1.5.2) lib/rack/methodoverride.rb:21:in `call'
  rack (1.5.2) lib/rack/runtime.rb:17:in `call'
  activesupport (4.1.5) lib/active_support/cache/strategy/local_cache_middleware.rb:26:in `call'
  rack (1.5.2) lib/rack/lock.rb:17:in `call'
  actionpack (4.1.5) lib/action_dispatch/middleware/static.rb:64:in `call'
  rack (1.5.2) lib/rack/sendfile.rb:112:in `call'
  railties (4.1.5) lib/rails/engine.rb:514:in `call'
  railties (4.1.5) lib/rails/application.rb:144:in `call'
  rack (1.5.2) lib/rack/lock.rb:17:in `call'
  rack (1.5.2) lib/rack/content_length.rb:14:in `call'
  rack (1.5.2) lib/rack/handler/webrick.rb:60:in `service'
  /home/aw/.rvm/rubies/ruby-2.1.3/lib/ruby/2.1.0/webrick/httpserver.rb:138:in `service'
  /home/aw/.rvm/rubies/ruby-2.1.3/lib/ruby/2.1.0/webrick/httpserver.rb:94:in `run'
  /home/aw/.rvm/rubies/ruby-2.1.3/lib/ruby/2.1.0/webrick/server.rb:295:in `block in start_thread'


  Rendered /home/aw/.rvm/gems/ruby-2.1.3/gems/actionpack-4.1.5/lib/action_dispatch/middleware/templates/rescues/_trace.html.erb (2.6ms)
  Rendered /home/aw/.rvm/gems/ruby-2.1.3/gems/actionpack-4.1.5/lib/action_dispatch/middleware/templates/routes/_route.html.erb (2.2ms)
  Rendered /home/aw/.rvm/gems/ruby-2.1.3/gems/actionpack-4.1.5/lib/action_dispatch/middleware/templates/routes/_table.html.erb (2.9ms)
  Rendered /home/aw/.rvm/gems/ruby-2.1.3/gems/actionpack-4.1.5/lib/action_dispatch/middleware/templates/rescues/routing_error.html.erb within rescues/layout (47.1ms)


Started GET "/" for 127.0.0.1 at 2014-10-22 04:20:30 -0400
Processing by PagesController#fb_test1 as HTML
  Rendered pages/fb_test1.html.erb within layouts/application (0.1ms)
  Rendered layouts/_header.html.erb (0.6ms)
Completed 200 OK in 169ms (Views: 168.8ms | ActiveRecord: 0.0ms)


Started GET "/assets/carousel.css?body=1" for 127.0.0.1 at 2014-10-22 04:20:30 -0400


Started GET "/dist/js/bootstrap.min.js" for 127.0.0.1 at 2014-10-22 04:20:30 -0400

ActionController::RoutingError (No route matches [GET] "/dist/js/bootstrap.min.js"):
  actionpack (4.1.5) lib/action_dispatch/middleware/debug_exceptions.rb:21:in `call'
  actionpack (4.1.5) lib/action_dispatch/middleware/show_exceptions.rb:30:in `call'
  railties (4.1.5) lib/rails/rack/logger.rb:38:in `call_app'
  railties (4.1.5) lib/rails/rack/logger.rb:20:in `block in call'
  activesupport (4.1.5) lib/active_support/tagged_logging.rb:68:in `block in tagged'
  activesupport (4.1.5) lib/active_support/tagged_logging.rb:26:in `tagged'
  activesupport (4.1.5) lib/active_support/tagged_logging.rb:68:in `tagged'
  railties (4.1.5) lib/rails/rack/logger.rb:20:in `call'
  actionpack (4.1.5) lib/action_dispatch/middleware/request_id.rb:21:in `call'
  rack (1.5.2) lib/rack/methodoverride.rb:21:in `call'
  rack (1.5.2) lib/rack/runtime.rb:17:in `call'
  activesupport (4.1.5) lib/active_support/cache/strategy/local_cache_middleware.rb:26:in `call'
  rack (1.5.2) lib/rack/lock.rb:17:in `call'
  actionpack (4.1.5) lib/action_dispatch/middleware/static.rb:64:in `call'
  rack (1.5.2) lib/rack/sendfile.rb:112:in `call'
  railties (4.1.5) lib/rails/engine.rb:514:in `call'
  railties (4.1.5) lib/rails/application.rb:144:in `call'
  rack (1.5.2) lib/rack/lock.rb:17:in `call'
  rack (1.5.2) lib/rack/content_length.rb:14:in `call'
  rack (1.5.2) lib/rack/handler/webrick.rb:60:in `service'
  /home/aw/.rvm/rubies/ruby-2.1.3/lib/ruby/2.1.0/webrick/httpserver.rb:138:in `service'
  /home/aw/.rvm/rubies/ruby-2.1.3/lib/ruby/2.1.0/webrick/httpserver.rb:94:in `run'
  /home/aw/.rvm/rubies/ruby-2.1.3/lib/ruby/2.1.0/webrick/server.rb:295:in `block in start_thread'


  Rendered /home/aw/.rvm/gems/ruby-2.1.3/gems/actionpack-4.1.5/lib/action_dispatch/middleware/templates/rescues/_trace.html.erb (2.7ms)
  Rendered /home/aw/.rvm/gems/ruby-2.1.3/gems/actionpack-4.1.5/lib/action_dispatch/middleware/templates/routes/_route.html.erb (8.5ms)
  Rendered /home/aw/.rvm/gems/ruby-2.1.3/gems/actionpack-4.1.5/lib/action_dispatch/middleware/templates/routes/_table.html.erb (4.0ms)
  Rendered /home/aw/.rvm/gems/ruby-2.1.3/gems/actionpack-4.1.5/lib/action_dispatch/middleware/templates/rescues/routing_error.html.erb within rescues/layout (73.6ms)


Started GET "/assets/pages.css?body=1" for 127.0.0.1 at 2014-10-22 04:20:30 -0400


Started GET "/assets/custom.css?body=1" for 127.0.0.1 at 2014-10-22 04:20:30 -0400


Started GET "/assets/application.css?body=1" for 127.0.0.1 at 2014-10-22 04:20:30 -0400


Started GET "/assets/js/ie10-viewport-bug-workaround.js" for 127.0.0.1 at 2014-10-22 04:20:30 -0400

ActionController::RoutingError (No route matches [GET] "/assets/js/ie10-viewport-bug-workaround.js"):
  actionpack (4.1.5) lib/action_dispatch/middleware/debug_exceptions.rb:21:in `call'
  actionpack (4.1.5) lib/action_dispatch/middleware/show_exceptions.rb:30:in `call'
  railties (4.1.5) lib/rails/rack/logger.rb:38:in `call_app'
  railties (4.1.5) lib/rails/rack/logger.rb:20:in `block in call'
  activesupport (4.1.5) lib/active_support/tagged_logging.rb:68:in `block in tagged'
  activesupport (4.1.5) lib/active_support/tagged_logging.rb:26:in `tagged'
  activesupport (4.1.5) lib/active_support/tagged_logging.rb:68:in `tagged'
  railties (4.1.5) lib/rails/rack/logger.rb:20:in `call'
  actionpack (4.1.5) lib/action_dispatch/middleware/request_id.rb:21:in `call'
  rack (1.5.2) lib/rack/methodoverride.rb:21:in `call'
  rack (1.5.2) lib/rack/runtime.rb:17:in `call'
  activesupport (4.1.5) lib/active_support/cache/strategy/local_cache_middleware.rb:26:in `call'
  rack (1.5.2) lib/rack/lock.rb:17:in `call'
  actionpack (4.1.5) lib/action_dispatch/middleware/static.rb:64:in `call'
  rack (1.5.2) lib/rack/sendfile.rb:112:in `call'
  railties (4.1.5) lib/rails/engine.rb:514:in `call'
  railties (4.1.5) lib/rails/application.rb:144:in `call'
  rack (1.5.2) lib/rack/lock.rb:17:in `call'
  rack (1.5.2) lib/rack/content_length.rb:14:in `call'
  rack (1.5.2) lib/rack/handler/webrick.rb:60:in `service'
  /home/aw/.rvm/rubies/ruby-2.1.3/lib/ruby/2.1.0/webrick/httpserver.rb:138:in `service'
  /home/aw/.rvm/rubies/ruby-2.1.3/lib/ruby/2.1.0/webrick/httpserver.rb:94:in `run'
  /home/aw/.rvm/rubies/ruby-2.1.3/lib/ruby/2.1.0/webrick/server.rb:295:in `block in start_thread'


  Rendered /home/aw/.rvm/gems/ruby-2.1.3/gems/actionpack-4.1.5/lib/action_dispatch/middleware/templates/rescues/_trace.html.erb (2.6ms)
  Rendered /home/aw/.rvm/gems/ruby-2.1.3/gems/actionpack-4.1.5/lib/action_dispatch/middleware/templates/routes/_route.html.erb (2.2ms)
  Rendered /home/aw/.rvm/gems/ruby-2.1.3/gems/actionpack-4.1.5/lib/action_dispatch/middleware/templates/routes/_table.html.erb (3.1ms)
  Rendered /home/aw/.rvm/gems/ruby-2.1.3/gems/actionpack-4.1.5/lib/action_dispatch/middleware/templates/rescues/routing_error.html.erb within rescues/layout (55.4ms)


Started GET "/assets/jquery.js?body=1" for 127.0.0.1 at 2014-10-22 04:20:30 -0400


Started GET "/assets/jquery_ujs.js?body=1" for 127.0.0.1 at 2014-10-22 04:20:30 -0400


Started GET "/assets/bootstrap.js?body=1" for 127.0.0.1 at 2014-10-22 04:20:30 -0400


Started GET "/assets/pages.js?body=1" for 127.0.0.1 at 2014-10-22 04:20:30 -0400


Started GET "/assets/turbolinks.js?body=1" for 127.0.0.1 at 2014-10-22 04:20:30 -0400


Started GET "/assets/js/docs.min.js" for 127.0.0.1 at 2014-10-22 04:20:30 -0400

ActionController::RoutingError (No route matches [GET] "/assets/js/docs.min.js"):
  actionpack (4.1.5) lib/action_dispatch/middleware/debug_exceptions.rb:21:in `call'
  actionpack (4.1.5) lib/action_dispatch/middleware/show_exceptions.rb:30:in `call'
  railties (4.1.5) lib/rails/rack/logger.rb:38:in `call_app'
  railties (4.1.5) lib/rails/rack/logger.rb:20:in `block in call'
  activesupport (4.1.5) lib/active_support/tagged_logging.rb:68:in `block in tagged'
  activesupport (4.1.5) lib/active_support/tagged_logging.rb:26:in `tagged'
  activesupport (4.1.5) lib/active_support/tagged_logging.rb:68:in `tagged'
  railties (4.1.5) lib/rails/rack/logger.rb:20:in `call'
  actionpack (4.1.5) lib/action_dispatch/middleware/request_id.rb:21:in `call'
  rack (1.5.2) lib/rack/methodoverride.rb:21:in `call'
  rack (1.5.2) lib/rack/runtime.rb:17:in `call'
  activesupport (4.1.5) lib/active_support/cache/strategy/local_cache_middleware.rb:26:in `call'
  rack (1.5.2) lib/rack/lock.rb:17:in `call'
  actionpack (4.1.5) lib/action_dispatch/middleware/static.rb:64:in `call'
  rack (1.5.2) lib/rack/sendfile.rb:112:in `call'
  railties (4.1.5) lib/rails/engine.rb:514:in `call'
  railties (4.1.5) lib/rails/application.rb:144:in `call'
  rack (1.5.2) lib/rack/lock.rb:17:in `call'
  rack (1.5.2) lib/rack/content_length.rb:14:in `call'
  rack (1.5.2) lib/rack/handler/webrick.rb:60:in `service'
  /home/aw/.rvm/rubies/ruby-2.1.3/lib/ruby/2.1.0/webrick/httpserver.rb:138:in `service'
  /home/aw/.rvm/rubies/ruby-2.1.3/lib/ruby/2.1.0/webrick/httpserver.rb:94:in `run'
  /home/aw/.rvm/rubies/ruby-2.1.3/lib/ruby/2.1.0/webrick/server.rb:295:in `block in start_thread'


  Rendered /home/aw/.rvm/gems/ruby-2.1.3/gems/actionpack-4.1.5/lib/action_dispatch/middleware/templates/rescues/_trace.html.erb (2.8ms)
  Rendered /home/aw/.rvm/gems/ruby-2.1.3/gems/actionpack-4.1.5/lib/action_dispatch/middleware/templates/routes/_route.html.erb (4.3ms)
  Rendered /home/aw/.rvm/gems/ruby-2.1.3/gems/actionpack-4.1.5/lib/action_dispatch/middleware/templates/routes/_table.html.erb (3.6ms)
  Rendered /home/aw/.rvm/gems/ruby-2.1.3/gems/actionpack-4.1.5/lib/action_dispatch/middleware/templates/rescues/routing_error.html.erb within rescues/layout (59.8ms)


Started GET "/assets/application.js?body=1" for 127.0.0.1 at 2014-10-22 04:20:30 -0400


Started GET "/fonts/bootstrap/glyphicons-halflings-regular.woff" for 127.0.0.1 at 2014-10-22 04:20:30 -0400

ActionController::RoutingError (No route matches [GET] "/fonts/bootstrap/glyphicons-halflings-regular.woff"):
  actionpack (4.1.5) lib/action_dispatch/middleware/debug_exceptions.rb:21:in `call'
  actionpack (4.1.5) lib/action_dispatch/middleware/show_exceptions.rb:30:in `call'
  railties (4.1.5) lib/rails/rack/logger.rb:38:in `call_app'
  railties (4.1.5) lib/rails/rack/logger.rb:20:in `block in call'
  activesupport (4.1.5) lib/active_support/tagged_logging.rb:68:in `block in tagged'
  activesupport (4.1.5) lib/active_support/tagged_logging.rb:26:in `tagged'
  activesupport (4.1.5) lib/active_support/tagged_logging.rb:68:in `tagged'
  railties (4.1.5) lib/rails/rack/logger.rb:20:in `call'
  actionpack (4.1.5) lib/action_dispatch/middleware/request_id.rb:21:in `call'
  rack (1.5.2) lib/rack/methodoverride.rb:21:in `call'
  rack (1.5.2) lib/rack/runtime.rb:17:in `call'
  activesupport (4.1.5) lib/active_support/cache/strategy/local_cache_middleware.rb:26:in `call'
  rack (1.5.2) lib/rack/lock.rb:17:in `call'
  actionpack (4.1.5) lib/action_dispatch/middleware/static.rb:64:in `call'
  rack (1.5.2) lib/rack/sendfile.rb:112:in `call'
  railties (4.1.5) lib/rails/engine.rb:514:in `call'
  railties (4.1.5) lib/rails/application.rb:144:in `call'
  rack (1.5.2) lib/rack/lock.rb:17:in `call'
  rack (1.5.2) lib/rack/content_length.rb:14:in `call'
  rack (1.5.2) lib/rack/handler/webrick.rb:60:in `service'
  /home/aw/.rvm/rubies/ruby-2.1.3/lib/ruby/2.1.0/webrick/httpserver.rb:138:in `service'
  /home/aw/.rvm/rubies/ruby-2.1.3/lib/ruby/2.1.0/webrick/httpserver.rb:94:in `run'
  /home/aw/.rvm/rubies/ruby-2.1.3/lib/ruby/2.1.0/webrick/server.rb:295:in `block in start_thread'


  Rendered /home/aw/.rvm/gems/ruby-2.1.3/gems/actionpack-4.1.5/lib/action_dispatch/middleware/templates/rescues/_trace.html.erb (4.6ms)
  Rendered /home/aw/.rvm/gems/ruby-2.1.3/gems/actionpack-4.1.5/lib/action_dispatch/middleware/templates/routes/_route.html.erb (6.4ms)
  Rendered /home/aw/.rvm/gems/ruby-2.1.3/gems/actionpack-4.1.5/lib/action_dispatch/middleware/templates/routes/_table.html.erb (3.2ms)
  Rendered /home/aw/.rvm/gems/ruby-2.1.3/gems/actionpack-4.1.5/lib/action_dispatch/middleware/templates/rescues/routing_error.html.erb within rescues/layout (81.9ms)


Started GET "/fonts/bootstrap/glyphicons-halflings-regular.ttf" for 127.0.0.1 at 2014-10-22 04:20:31 -0400

ActionController::RoutingError (No route matches [GET] "/fonts/bootstrap/glyphicons-halflings-regular.ttf"):
  actionpack (4.1.5) lib/action_dispatch/middleware/debug_exceptions.rb:21:in `call'
  actionpack (4.1.5) lib/action_dispatch/middleware/show_exceptions.rb:30:in `call'
  railties (4.1.5) lib/rails/rack/logger.rb:38:in `call_app'
  railties (4.1.5) lib/rails/rack/logger.rb:20:in `block in call'
  activesupport (4.1.5) lib/active_support/tagged_logging.rb:68:in `block in tagged'
  activesupport (4.1.5) lib/active_support/tagged_logging.rb:26:in `tagged'
  activesupport (4.1.5) lib/active_support/tagged_logging.rb:68:in `tagged'
  railties (4.1.5) lib/rails/rack/logger.rb:20:in `call'
  actionpack (4.1.5) lib/action_dispatch/middleware/request_id.rb:21:in `call'
  rack (1.5.2) lib/rack/methodoverride.rb:21:in `call'
  rack (1.5.2) lib/rack/runtime.rb:17:in `call'
  activesupport (4.1.5) lib/active_support/cache/strategy/local_cache_middleware.rb:26:in `call'
  rack (1.5.2) lib/rack/lock.rb:17:in `call'
  actionpack (4.1.5) lib/action_dispatch/middleware/static.rb:64:in `call'
  rack (1.5.2) lib/rack/sendfile.rb:112:in `call'
  railties (4.1.5) lib/rails/engine.rb:514:in `call'
  railties (4.1.5) lib/rails/application.rb:144:in `call'
  rack (1.5.2) lib/rack/lock.rb:17:in `call'
  rack (1.5.2) lib/rack/content_length.rb:14:in `call'
  rack (1.5.2) lib/rack/handler/webrick.rb:60:in `service'
  /home/aw/.rvm/rubies/ruby-2.1.3/lib/ruby/2.1.0/webrick/httpserver.rb:138:in `service'
  /home/aw/.rvm/rubies/ruby-2.1.3/lib/ruby/2.1.0/webrick/httpserver.rb:94:in `run'
  /home/aw/.rvm/rubies/ruby-2.1.3/lib/ruby/2.1.0/webrick/server.rb:295:in `block in start_thread'


  Rendered /home/aw/.rvm/gems/ruby-2.1.3/gems/actionpack-4.1.5/lib/action_dispatch/middleware/templates/rescues/_trace.html.erb (3.6ms)
  Rendered /home/aw/.rvm/gems/ruby-2.1.3/gems/actionpack-4.1.5/lib/action_dispatch/middleware/templates/routes/_route.html.erb (4.9ms)
  Rendered /home/aw/.rvm/gems/ruby-2.1.3/gems/actionpack-4.1.5/lib/action_dispatch/middleware/templates/routes/_table.html.erb (2.5ms)
  Rendered /home/aw/.rvm/gems/ruby-2.1.3/gems/actionpack-4.1.5/lib/action_dispatch/middleware/templates/rescues/routing_error.html.erb within rescues/layout (55.2ms)


Started GET "/fonts/bootstrap/glyphicons-halflings-regular.svg" for 127.0.0.1 at 2014-10-22 04:20:31 -0400

ActionController::RoutingError (No route matches [GET] "/fonts/bootstrap/glyphicons-halflings-regular.svg"):
  actionpack (4.1.5) lib/action_dispatch/middleware/debug_exceptions.rb:21:in `call'
  actionpack (4.1.5) lib/action_dispatch/middleware/show_exceptions.rb:30:in `call'
  railties (4.1.5) lib/rails/rack/logger.rb:38:in `call_app'
  railties (4.1.5) lib/rails/rack/logger.rb:20:in `block in call'
  activesupport (4.1.5) lib/active_support/tagged_logging.rb:68:in `block in tagged'
  activesupport (4.1.5) lib/active_support/tagged_logging.rb:26:in `tagged'
  activesupport (4.1.5) lib/active_support/tagged_logging.rb:68:in `tagged'
  railties (4.1.5) lib/rails/rack/logger.rb:20:in `call'
  actionpack (4.1.5) lib/action_dispatch/middleware/request_id.rb:21:in `call'
  rack (1.5.2) lib/rack/methodoverride.rb:21:in `call'
  rack (1.5.2) lib/rack/runtime.rb:17:in `call'
  activesupport (4.1.5) lib/active_support/cache/strategy/local_cache_middleware.rb:26:in `call'
  rack (1.5.2) lib/rack/lock.rb:17:in `call'
  actionpack (4.1.5) lib/action_dispatch/middleware/static.rb:64:in `call'
  rack (1.5.2) lib/rack/sendfile.rb:112:in `call'
  railties (4.1.5) lib/rails/engine.rb:514:in `call'
  railties (4.1.5) lib/rails/application.rb:144:in `call'
  rack (1.5.2) lib/rack/lock.rb:17:in `call'
  rack (1.5.2) lib/rack/content_length.rb:14:in `call'
  rack (1.5.2) lib/rack/handler/webrick.rb:60:in `service'
  /home/aw/.rvm/rubies/ruby-2.1.3/lib/ruby/2.1.0/webrick/httpserver.rb:138:in `service'
  /home/aw/.rvm/rubies/ruby-2.1.3/lib/ruby/2.1.0/webrick/httpserver.rb:94:in `run'
  /home/aw/.rvm/rubies/ruby-2.1.3/lib/ruby/2.1.0/webrick/server.rb:295:in `block in start_thread'


  Rendered /home/aw/.rvm/gems/ruby-2.1.3/gems/actionpack-4.1.5/lib/action_dispatch/middleware/templates/rescues/_trace.html.erb (2.8ms)
  Rendered /home/aw/.rvm/gems/ruby-2.1.3/gems/actionpack-4.1.5/lib/action_dispatch/middleware/templates/routes/_route.html.erb (7.3ms)
  Rendered /home/aw/.rvm/gems/ruby-2.1.3/gems/actionpack-4.1.5/lib/action_dispatch/middleware/templates/routes/_table.html.erb (2.9ms)
  Rendered /home/aw/.rvm/gems/ruby-2.1.3/gems/actionpack-4.1.5/lib/action_dispatch/middleware/templates/rescues/routing_error.html.erb within rescues/layout (59.7ms)


Started GET "/" for 127.0.0.1 at 2014-10-22 04:20:49 -0400
Processing by PagesController#fb_test1 as HTML
  Rendered pages/fb_test1.html.erb within layouts/application (0.8ms)
  Rendered layouts/_header.html.erb (0.6ms)
Completed 200 OK in 160ms (Views: 159.4ms | ActiveRecord: 0.0ms)


Started GET "/" for 127.0.0.1 at 2014-10-22 04:20:49 -0400
Processing by PagesController#fb_test1 as HTML
  Rendered pages/fb_test1.html.erb within layouts/application (0.1ms)
  Rendered layouts/_header.html.erb (0.4ms)
Completed 200 OK in 155ms (Views: 154.6ms | ActiveRecord: 0.0ms)


Started GET "/assets/custom.css?body=1" for 127.0.0.1 at 2014-10-22 04:20:49 -0400


Started GET "/assets/carousel.css?body=1" for 127.0.0.1 at 2014-10-22 04:20:49 -0400


Started GET "/assets/application.css?body=1" for 127.0.0.1 at 2014-10-22 04:20:49 -0400


Started GET "/assets/pages.css?body=1" for 127.0.0.1 at 2014-10-22 04:20:49 -0400


Started GET "/assets/js/docs.min.js" for 127.0.0.1 at 2014-10-22 04:20:49 -0400

ActionController::RoutingError (No route matches [GET] "/assets/js/docs.min.js"):
  actionpack (4.1.5) lib/action_dispatch/middleware/debug_exceptions.rb:21:in `call'
  actionpack (4.1.5) lib/action_dispatch/middleware/show_exceptions.rb:30:in `call'
  railties (4.1.5) lib/rails/rack/logger.rb:38:in `call_app'
  railties (4.1.5) lib/rails/rack/logger.rb:20:in `block in call'
  activesupport (4.1.5) lib/active_support/tagged_logging.rb:68:in `block in tagged'
  activesupport (4.1.5) lib/active_support/tagged_logging.rb:26:in `tagged'
  activesupport (4.1.5) lib/active_support/tagged_logging.rb:68:in `tagged'
  railties (4.1.5) lib/rails/rack/logger.rb:20:in `call'
  actionpack (4.1.5) lib/action_dispatch/middleware/request_id.rb:21:in `call'
  rack (1.5.2) lib/rack/methodoverride.rb:21:in `call'
  rack (1.5.2) lib/rack/runtime.rb:17:in `call'
  activesupport (4.1.5) lib/active_support/cache/strategy/local_cache_middleware.rb:26:in `call'
  rack (1.5.2) lib/rack/lock.rb:17:in `call'
  actionpack (4.1.5) lib/action_dispatch/middleware/static.rb:64:in `call'
  rack (1.5.2) lib/rack/sendfile.rb:112:in `call'
  railties (4.1.5) lib/rails/engine.rb:514:in `call'
  railties (4.1.5) lib/rails/application.rb:144:in `call'
  rack (1.5.2) lib/rack/lock.rb:17:in `call'
  rack (1.5.2) lib/rack/content_length.rb:14:in `call'
  rack (1.5.2) lib/rack/handler/webrick.rb:60:in `service'
  /home/aw/.rvm/rubies/ruby-2.1.3/lib/ruby/2.1.0/webrick/httpserver.rb:138:in `service'
  /home/aw/.rvm/rubies/ruby-2.1.3/lib/ruby/2.1.0/webrick/httpserver.rb:94:in `run'
  /home/aw/.rvm/rubies/ruby-2.1.3/lib/ruby/2.1.0/webrick/server.rb:295:in `block in start_thread'


  Rendered /home/aw/.rvm/gems/ruby-2.1.3/gems/actionpack-4.1.5/lib/action_dispatch/middleware/templates/rescues/_trace.html.erb (3.9ms)
  Rendered /home/aw/.rvm/gems/ruby-2.1.3/gems/actionpack-4.1.5/lib/action_dispatch/middleware/templates/routes/_route.html.erb (6.3ms)
  Rendered /home/aw/.rvm/gems/ruby-2.1.3/gems/actionpack-4.1.5/lib/action_dispatch/middleware/templates/routes/_table.html.erb (1.9ms)
  Rendered /home/aw/.rvm/gems/ruby-2.1.3/gems/actionpack-4.1.5/lib/action_dispatch/middleware/templates/rescues/routing_error.html.erb within rescues/layout (72.5ms)


Started GET "/dist/js/bootstrap.min.js" for 127.0.0.1 at 2014-10-22 04:20:49 -0400

ActionController::RoutingError (No route matches [GET] "/dist/js/bootstrap.min.js"):
  actionpack (4.1.5) lib/action_dispatch/middleware/debug_exceptions.rb:21:in `call'
  actionpack (4.1.5) lib/action_dispatch/middleware/show_exceptions.rb:30:in `call'
  railties (4.1.5) lib/rails/rack/logger.rb:38:in `call_app'
  railties (4.1.5) lib/rails/rack/logger.rb:20:in `block in call'
  activesupport (4.1.5) lib/active_support/tagged_logging.rb:68:in `block in tagged'
  activesupport (4.1.5) lib/active_support/tagged_logging.rb:26:in `tagged'
  activesupport (4.1.5) lib/active_support/tagged_logging.rb:68:in `tagged'
  railties (4.1.5) lib/rails/rack/logger.rb:20:in `call'
  actionpack (4.1.5) lib/action_dispatch/middleware/request_id.rb:21:in `call'
  rack (1.5.2) lib/rack/methodoverride.rb:21:in `call'
  rack (1.5.2) lib/rack/runtime.rb:17:in `call'
  activesupport (4.1.5) lib/active_support/cache/strategy/local_cache_middleware.rb:26:in `call'
  rack (1.5.2) lib/rack/lock.rb:17:in `call'
  actionpack (4.1.5) lib/action_dispatch/middleware/static.rb:64:in `call'
  rack (1.5.2) lib/rack/sendfile.rb:112:in `call'
  railties (4.1.5) lib/rails/engine.rb:514:in `call'
  railties (4.1.5) lib/rails/application.rb:144:in `call'
  rack (1.5.2) lib/rack/lock.rb:17:in `call'
  rack (1.5.2) lib/rack/content_length.rb:14:in `call'
  rack (1.5.2) lib/rack/handler/webrick.rb:60:in `service'
  /home/aw/.rvm/rubies/ruby-2.1.3/lib/ruby/2.1.0/webrick/httpserver.rb:138:in `service'
  /home/aw/.rvm/rubies/ruby-2.1.3/lib/ruby/2.1.0/webrick/httpserver.rb:94:in `run'
  /home/aw/.rvm/rubies/ruby-2.1.3/lib/ruby/2.1.0/webrick/server.rb:295:in `block in start_thread'


  Rendered /home/aw/.rvm/gems/ruby-2.1.3/gems/actionpack-4.1.5/lib/action_dispatch/middleware/templates/rescues/_trace.html.erb (2.7ms)
  Rendered /home/aw/.rvm/gems/ruby-2.1.3/gems/actionpack-4.1.5/lib/action_dispatch/middleware/templates/routes/_route.html.erb (6.4ms)
  Rendered /home/aw/.rvm/gems/ruby-2.1.3/gems/actionpack-4.1.5/lib/action_dispatch/middleware/templates/routes/_table.html.erb (1.0ms)
  Rendered /home/aw/.rvm/gems/ruby-2.1.3/gems/actionpack-4.1.5/lib/action_dispatch/middleware/templates/rescues/routing_error.html.erb within rescues/layout (67.0ms)


Started GET "/assets/js/ie10-viewport-bug-workaround.js" for 127.0.0.1 at 2014-10-22 04:20:50 -0400

ActionController::RoutingError (No route matches [GET] "/assets/js/ie10-viewport-bug-workaround.js"):
  actionpack (4.1.5) lib/action_dispatch/middleware/debug_exceptions.rb:21:in `call'
  actionpack (4.1.5) lib/action_dispatch/middleware/show_exceptions.rb:30:in `call'
  railties (4.1.5) lib/rails/rack/logger.rb:38:in `call_app'
  railties (4.1.5) lib/rails/rack/logger.rb:20:in `block in call'
  activesupport (4.1.5) lib/active_support/tagged_logging.rb:68:in `block in tagged'
  activesupport (4.1.5) lib/active_support/tagged_logging.rb:26:in `tagged'
  activesupport (4.1.5) lib/active_support/tagged_logging.rb:68:in `tagged'
  railties (4.1.5) lib/rails/rack/logger.rb:20:in `call'
  actionpack (4.1.5) lib/action_dispatch/middleware/request_id.rb:21:in `call'
  rack (1.5.2) lib/rack/methodoverride.rb:21:in `call'
  rack (1.5.2) lib/rack/runtime.rb:17:in `call'
  activesupport (4.1.5) lib/active_support/cache/strategy/local_cache_middleware.rb:26:in `call'
  rack (1.5.2) lib/rack/lock.rb:17:in `call'
  actionpack (4.1.5) lib/action_dispatch/middleware/static.rb:64:in `call'
  rack (1.5.2) lib/rack/sendfile.rb:112:in `call'
  railties (4.1.5) lib/rails/engine.rb:514:in `call'
  railties (4.1.5) lib/rails/application.rb:144:in `call'
  rack (1.5.2) lib/rack/lock.rb:17:in `call'
  rack (1.5.2) lib/rack/content_length.rb:14:in `call'
  rack (1.5.2) lib/rack/handler/webrick.rb:60:in `service'
  /home/aw/.rvm/rubies/ruby-2.1.3/lib/ruby/2.1.0/webrick/httpserver.rb:138:in `service'
  /home/aw/.rvm/rubies/ruby-2.1.3/lib/ruby/2.1.0/webrick/httpserver.rb:94:in `run'
  /home/aw/.rvm/rubies/ruby-2.1.3/lib/ruby/2.1.0/webrick/server.rb:295:in `block in start_thread'


  Rendered /home/aw/.rvm/gems/ruby-2.1.3/gems/actionpack-4.1.5/lib/action_dispatch/middleware/templates/rescues/_trace.html.erb (3.5ms)
  Rendered /home/aw/.rvm/gems/ruby-2.1.3/gems/actionpack-4.1.5/lib/action_dispatch/middleware/templates/routes/_route.html.erb (5.1ms)
  Rendered /home/aw/.rvm/gems/ruby-2.1.3/gems/actionpack-4.1.5/lib/action_dispatch/middleware/templates/routes/_table.html.erb (3.5ms)
  Rendered /home/aw/.rvm/gems/ruby-2.1.3/gems/actionpack-4.1.5/lib/action_dispatch/middleware/templates/rescues/routing_error.html.erb within rescues/layout (44.6ms)


Started GET "/assets/jquery.js?body=1" for 127.0.0.1 at 2014-10-22 04:20:50 -0400


Started GET "/assets/bootstrap.js?body=1" for 127.0.0.1 at 2014-10-22 04:20:50 -0400


Started GET "/assets/jquery_ujs.js?body=1" for 127.0.0.1 at 2014-10-22 04:20:50 -0400


Started GET "/assets/turbolinks.js?body=1" for 127.0.0.1 at 2014-10-22 04:20:50 -0400


Started GET "/assets/pages.js?body=1" for 127.0.0.1 at 2014-10-22 04:20:50 -0400


Started GET "/assets/application.js?body=1" for 127.0.0.1 at 2014-10-22 04:20:50 -0400


Started GET "/fonts/bootstrap/glyphicons-halflings-regular.woff" for 127.0.0.1 at 2014-10-22 04:20:50 -0400

ActionController::RoutingError (No route matches [GET] "/fonts/bootstrap/glyphicons-halflings-regular.woff"):
  actionpack (4.1.5) lib/action_dispatch/middleware/debug_exceptions.rb:21:in `call'
  actionpack (4.1.5) lib/action_dispatch/middleware/show_exceptions.rb:30:in `call'
  railties (4.1.5) lib/rails/rack/logger.rb:38:in `call_app'
  railties (4.1.5) lib/rails/rack/logger.rb:20:in `block in call'
  activesupport (4.1.5) lib/active_support/tagged_logging.rb:68:in `block in tagged'
  activesupport (4.1.5) lib/active_support/tagged_logging.rb:26:in `tagged'
  activesupport (4.1.5) lib/active_support/tagged_logging.rb:68:in `tagged'
  railties (4.1.5) lib/rails/rack/logger.rb:20:in `call'
  actionpack (4.1.5) lib/action_dispatch/middleware/request_id.rb:21:in `call'
  rack (1.5.2) lib/rack/methodoverride.rb:21:in `call'
  rack (1.5.2) lib/rack/runtime.rb:17:in `call'
  activesupport (4.1.5) lib/active_support/cache/strategy/local_cache_middleware.rb:26:in `call'
  rack (1.5.2) lib/rack/lock.rb:17:in `call'
  actionpack (4.1.5) lib/action_dispatch/middleware/static.rb:64:in `call'
  rack (1.5.2) lib/rack/sendfile.rb:112:in `call'
  railties (4.1.5) lib/rails/engine.rb:514:in `call'
  railties (4.1.5) lib/rails/application.rb:144:in `call'
  rack (1.5.2) lib/rack/lock.rb:17:in `call'
  rack (1.5.2) lib/rack/content_length.rb:14:in `call'
  rack (1.5.2) lib/rack/handler/webrick.rb:60:in `service'
  /home/aw/.rvm/rubies/ruby-2.1.3/lib/ruby/2.1.0/webrick/httpserver.rb:138:in `service'
  /home/aw/.rvm/rubies/ruby-2.1.3/lib/ruby/2.1.0/webrick/httpserver.rb:94:in `run'
  /home/aw/.rvm/rubies/ruby-2.1.3/lib/ruby/2.1.0/webrick/server.rb:295:in `block in start_thread'


  Rendered /home/aw/.rvm/gems/ruby-2.1.3/gems/actionpack-4.1.5/lib/action_dispatch/middleware/templates/rescues/_trace.html.erb (3.1ms)
  Rendered /home/aw/.rvm/gems/ruby-2.1.3/gems/actionpack-4.1.5/lib/action_dispatch/middleware/templates/routes/_route.html.erb (5.7ms)
  Rendered /home/aw/.rvm/gems/ruby-2.1.3/gems/actionpack-4.1.5/lib/action_dispatch/middleware/templates/routes/_table.html.erb (13.7ms)
  Rendered /home/aw/.rvm/gems/ruby-2.1.3/gems/actionpack-4.1.5/lib/action_dispatch/middleware/templates/rescues/routing_error.html.erb within rescues/layout (80.1ms)


Started GET "/fonts/bootstrap/glyphicons-halflings-regular.ttf" for 127.0.0.1 at 2014-10-22 04:20:50 -0400

ActionController::RoutingError (No route matches [GET] "/fonts/bootstrap/glyphicons-halflings-regular.ttf"):
  actionpack (4.1.5) lib/action_dispatch/middleware/debug_exceptions.rb:21:in `call'
  actionpack (4.1.5) lib/action_dispatch/middleware/show_exceptions.rb:30:in `call'
  railties (4.1.5) lib/rails/rack/logger.rb:38:in `call_app'
  railties (4.1.5) lib/rails/rack/logger.rb:20:in `block in call'
  activesupport (4.1.5) lib/active_support/tagged_logging.rb:68:in `block in tagged'
  activesupport (4.1.5) lib/active_support/tagged_logging.rb:26:in `tagged'
  activesupport (4.1.5) lib/active_support/tagged_logging.rb:68:in `tagged'
  railties (4.1.5) lib/rails/rack/logger.rb:20:in `call'
  actionpack (4.1.5) lib/action_dispatch/middleware/request_id.rb:21:in `call'
  rack (1.5.2) lib/rack/methodoverride.rb:21:in `call'
  rack (1.5.2) lib/rack/runtime.rb:17:in `call'
  activesupport (4.1.5) lib/active_support/cache/strategy/local_cache_middleware.rb:26:in `call'
  rack (1.5.2) lib/rack/lock.rb:17:in `call'
  actionpack (4.1.5) lib/action_dispatch/middleware/static.rb:64:in `call'
  rack (1.5.2) lib/rack/sendfile.rb:112:in `call'
  railties (4.1.5) lib/rails/engine.rb:514:in `call'
  railties (4.1.5) lib/rails/application.rb:144:in `call'
  rack (1.5.2) lib/rack/lock.rb:17:in `call'
  rack (1.5.2) lib/rack/content_length.rb:14:in `call'
  rack (1.5.2) lib/rack/handler/webrick.rb:60:in `service'
  /home/aw/.rvm/rubies/ruby-2.1.3/lib/ruby/2.1.0/webrick/httpserver.rb:138:in `service'
  /home/aw/.rvm/rubies/ruby-2.1.3/lib/ruby/2.1.0/webrick/httpserver.rb:94:in `run'
  /home/aw/.rvm/rubies/ruby-2.1.3/lib/ruby/2.1.0/webrick/server.rb:295:in `block in start_thread'


  Rendered /home/aw/.rvm/gems/ruby-2.1.3/gems/actionpack-4.1.5/lib/action_dispatch/middleware/templates/rescues/_trace.html.erb (2.8ms)
  Rendered /home/aw/.rvm/gems/ruby-2.1.3/gems/actionpack-4.1.5/lib/action_dispatch/middleware/templates/routes/_route.html.erb (3.4ms)
  Rendered /home/aw/.rvm/gems/ruby-2.1.3/gems/actionpack-4.1.5/lib/action_dispatch/middleware/templates/routes/_table.html.erb (2.8ms)
  Rendered /home/aw/.rvm/gems/ruby-2.1.3/gems/actionpack-4.1.5/lib/action_dispatch/middleware/templates/rescues/routing_error.html.erb within rescues/layout (60.5ms)


Started GET "/fonts/bootstrap/glyphicons-halflings-regular.svg" for 127.0.0.1 at 2014-10-22 04:20:50 -0400

ActionController::RoutingError (No route matches [GET] "/fonts/bootstrap/glyphicons-halflings-regular.svg"):
  actionpack (4.1.5) lib/action_dispatch/middleware/debug_exceptions.rb:21:in `call'
  actionpack (4.1.5) lib/action_dispatch/middleware/show_exceptions.rb:30:in `call'
  railties (4.1.5) lib/rails/rack/logger.rb:38:in `call_app'
  railties (4.1.5) lib/rails/rack/logger.rb:20:in `block in call'
  activesupport (4.1.5) lib/active_support/tagged_logging.rb:68:in `block in tagged'
  activesupport (4.1.5) lib/active_support/tagged_logging.rb:26:in `tagged'
  activesupport (4.1.5) lib/active_support/tagged_logging.rb:68:in `tagged'
  railties (4.1.5) lib/rails/rack/logger.rb:20:in `call'
  actionpack (4.1.5) lib/action_dispatch/middleware/request_id.rb:21:in `call'
  rack (1.5.2) lib/rack/methodoverride.rb:21:in `call'
  rack (1.5.2) lib/rack/runtime.rb:17:in `call'
  activesupport (4.1.5) lib/active_support/cache/strategy/local_cache_middleware.rb:26:in `call'
  rack (1.5.2) lib/rack/lock.rb:17:in `call'
  actionpack (4.1.5) lib/action_dispatch/middleware/static.rb:64:in `call'
  rack (1.5.2) lib/rack/sendfile.rb:112:in `call'
  railties (4.1.5) lib/rails/engine.rb:514:in `call'
  railties (4.1.5) lib/rails/application.rb:144:in `call'
  rack (1.5.2) lib/rack/lock.rb:17:in `call'
  rack (1.5.2) lib/rack/content_length.rb:14:in `call'
  rack (1.5.2) lib/rack/handler/webrick.rb:60:in `service'
  /home/aw/.rvm/rubies/ruby-2.1.3/lib/ruby/2.1.0/webrick/httpserver.rb:138:in `service'
  /home/aw/.rvm/rubies/ruby-2.1.3/lib/ruby/2.1.0/webrick/httpserver.rb:94:in `run'
  /home/aw/.rvm/rubies/ruby-2.1.3/lib/ruby/2.1.0/webrick/server.rb:295:in `block in start_thread'


  Rendered /home/aw/.rvm/gems/ruby-2.1.3/gems/actionpack-4.1.5/lib/action_dispatch/middleware/templates/rescues/_trace.html.erb (2.7ms)
  Rendered /home/aw/.rvm/gems/ruby-2.1.3/gems/actionpack-4.1.5/lib/action_dispatch/middleware/templates/routes/_route.html.erb (6.2ms)
  Rendered /home/aw/.rvm/gems/ruby-2.1.3/gems/actionpack-4.1.5/lib/action_dispatch/middleware/templates/routes/_table.html.erb (1.5ms)
  Rendered /home/aw/.rvm/gems/ruby-2.1.3/gems/actionpack-4.1.5/lib/action_dispatch/middleware/templates/rescues/routing_error.html.erb within rescues/layout (47.1ms)


Started GET "/" for 127.0.0.1 at 2014-10-22 04:20:54 -0400
Processing by PagesController#fb_test1 as HTML
  Rendered pages/fb_test1.html.erb within layouts/application (0.1ms)
  Rendered layouts/_header.html.erb (0.1ms)
Completed 200 OK in 94ms (Views: 93.4ms | ActiveRecord: 0.0ms)


Started GET "/" for 127.0.0.1 at 2014-10-22 04:20:54 -0400
Processing by PagesController#fb_test1 as HTML
  Rendered pages/fb_test1.html.erb within layouts/application (0.2ms)
  Rendered layouts/_header.html.erb (0.3ms)
Completed 200 OK in 146ms (Views: 145.6ms | ActiveRecord: 0.0ms)


Started GET "/assets/carousel.css?body=1" for 127.0.0.1 at 2014-10-22 04:20:54 -0400


Started GET "/assets/application.css?body=1" for 127.0.0.1 at 2014-10-22 04:20:54 -0400


Started GET "/assets/custom.css?body=1" for 127.0.0.1 at 2014-10-22 04:20:54 -0400


Started GET "/assets/pages.css?body=1" for 127.0.0.1 at 2014-10-22 04:20:54 -0400


Started GET "/assets/jquery.js?body=1" for 127.0.0.1 at 2014-10-22 04:20:55 -0400


Started GET "/assets/jquery_ujs.js?body=1" for 127.0.0.1 at 2014-10-22 04:20:55 -0400


Started GET "/assets/bootstrap.js?body=1" for 127.0.0.1 at 2014-10-22 04:20:55 -0400


Started GET "/assets/turbolinks.js?body=1" for 127.0.0.1 at 2014-10-22 04:20:55 -0400


Started GET "/assets/pages.js?body=1" for 127.0.0.1 at 2014-10-22 04:20:55 -0400


Started GET "/assets/js/ie10-viewport-bug-workaround.js" for 127.0.0.1 at 2014-10-22 04:20:55 -0400

ActionController::RoutingError (No route matches [GET] "/assets/js/ie10-viewport-bug-workaround.js"):
  actionpack (4.1.5) lib/action_dispatch/middleware/debug_exceptions.rb:21:in `call'
  actionpack (4.1.5) lib/action_dispatch/middleware/show_exceptions.rb:30:in `call'
  railties (4.1.5) lib/rails/rack/logger.rb:38:in `call_app'
  railties (4.1.5) lib/rails/rack/logger.rb:20:in `block in call'
  activesupport (4.1.5) lib/active_support/tagged_logging.rb:68:in `block in tagged'
  activesupport (4.1.5) lib/active_support/tagged_logging.rb:26:in `tagged'
  activesupport (4.1.5) lib/active_support/tagged_logging.rb:68:in `tagged'
  railties (4.1.5) lib/rails/rack/logger.rb:20:in `call'
  actionpack (4.1.5) lib/action_dispatch/middleware/request_id.rb:21:in `call'
  rack (1.5.2) lib/rack/methodoverride.rb:21:in `call'
  rack (1.5.2) lib/rack/runtime.rb:17:in `call'
  activesupport (4.1.5) lib/active_support/cache/strategy/local_cache_middleware.rb:26:in `call'
  rack (1.5.2) lib/rack/lock.rb:17:in `call'
  actionpack (4.1.5) lib/action_dispatch/middleware/static.rb:64:in `call'
  rack (1.5.2) lib/rack/sendfile.rb:112:in `call'
  railties (4.1.5) lib/rails/engine.rb:514:in `call'
  railties (4.1.5) lib/rails/application.rb:144:in `call'
  rack (1.5.2) lib/rack/lock.rb:17:in `call'
  rack (1.5.2) lib/rack/content_length.rb:14:in `call'
  rack (1.5.2) lib/rack/handler/webrick.rb:60:in `service'
  /home/aw/.rvm/rubies/ruby-2.1.3/lib/ruby/2.1.0/webrick/httpserver.rb:138:in `service'
  /home/aw/.rvm/rubies/ruby-2.1.3/lib/ruby/2.1.0/webrick/httpserver.rb:94:in `run'
  /home/aw/.rvm/rubies/ruby-2.1.3/lib/ruby/2.1.0/webrick/server.rb:295:in `block in start_thread'


  Rendered /home/aw/.rvm/gems/ruby-2.1.3/gems/actionpack-4.1.5/lib/action_dispatch/middleware/templates/rescues/_trace.html.erb (4.0ms)
  Rendered /home/aw/.rvm/gems/ruby-2.1.3/gems/actionpack-4.1.5/lib/action_dispatch/middleware/templates/routes/_route.html.erb (7.9ms)
  Rendered /home/aw/.rvm/gems/ruby-2.1.3/gems/actionpack-4.1.5/lib/action_dispatch/middleware/templates/routes/_table.html.erb (2.7ms)
  Rendered /home/aw/.rvm/gems/ruby-2.1.3/gems/actionpack-4.1.5/lib/action_dispatch/middleware/templates/rescues/routing_error.html.erb within rescues/layout (66.9ms)


Started GET "/assets/application.js?body=1" for 127.0.0.1 at 2014-10-22 04:20:55 -0400


Started GET "/assets/js/docs.min.js" for 127.0.0.1 at 2014-10-22 04:20:55 -0400

ActionController::RoutingError (No route matches [GET] "/assets/js/docs.min.js"):
  actionpack (4.1.5) lib/action_dispatch/middleware/debug_exceptions.rb:21:in `call'
  actionpack (4.1.5) lib/action_dispatch/middleware/show_exceptions.rb:30:in `call'
  railties (4.1.5) lib/rails/rack/logger.rb:38:in `call_app'
  railties (4.1.5) lib/rails/rack/logger.rb:20:in `block in call'
  activesupport (4.1.5) lib/active_support/tagged_logging.rb:68:in `block in tagged'
  activesupport (4.1.5) lib/active_support/tagged_logging.rb:26:in `tagged'
  activesupport (4.1.5) lib/active_support/tagged_logging.rb:68:in `tagged'
  railties (4.1.5) lib/rails/rack/logger.rb:20:in `call'
  actionpack (4.1.5) lib/action_dispatch/middleware/request_id.rb:21:in `call'
  rack (1.5.2) lib/rack/methodoverride.rb:21:in `call'
  rack (1.5.2) lib/rack/runtime.rb:17:in `call'
  activesupport (4.1.5) lib/active_support/cache/strategy/local_cache_middleware.rb:26:in `call'
  rack (1.5.2) lib/rack/lock.rb:17:in `call'
  actionpack (4.1.5) lib/action_dispatch/middleware/static.rb:64:in `call'
  rack (1.5.2) lib/rack/sendfile.rb:112:in `call'
  railties (4.1.5) lib/rails/engine.rb:514:in `call'
  railties (4.1.5) lib/rails/application.rb:144:in `call'
  rack (1.5.2) lib/rack/lock.rb:17:in `call'
  rack (1.5.2) lib/rack/content_length.rb:14:in `call'
  rack (1.5.2) lib/rack/handler/webrick.rb:60:in `service'
  /home/aw/.rvm/rubies/ruby-2.1.3/lib/ruby/2.1.0/webrick/httpserver.rb:138:in `service'
  /home/aw/.rvm/rubies/ruby-2.1.3/lib/ruby/2.1.0/webrick/httpserver.rb:94:in `run'
  /home/aw/.rvm/rubies/ruby-2.1.3/lib/ruby/2.1.0/webrick/server.rb:295:in `block in start_thread'


  Rendered /home/aw/.rvm/gems/ruby-2.1.3/gems/actionpack-4.1.5/lib/action_dispatch/middleware/templates/rescues/_trace.html.erb (4.2ms)
  Rendered /home/aw/.rvm/gems/ruby-2.1.3/gems/actionpack-4.1.5/lib/action_dispatch/middleware/templates/routes/_route.html.erb (7.6ms)
  Rendered /home/aw/.rvm/gems/ruby-2.1.3/gems/actionpack-4.1.5/lib/action_dispatch/middleware/templates/routes/_table.html.erb (2.0ms)
  Rendered /home/aw/.rvm/gems/ruby-2.1.3/gems/actionpack-4.1.5/lib/action_dispatch/middleware/templates/rescues/routing_error.html.erb within rescues/layout (82.6ms)


Started GET "/dist/js/bootstrap.min.js" for 127.0.0.1 at 2014-10-22 04:20:55 -0400

ActionController::RoutingError (No route matches [GET] "/dist/js/bootstrap.min.js"):
  actionpack (4.1.5) lib/action_dispatch/middleware/debug_exceptions.rb:21:in `call'
  actionpack (4.1.5) lib/action_dispatch/middleware/show_exceptions.rb:30:in `call'
  railties (4.1.5) lib/rails/rack/logger.rb:38:in `call_app'
  railties (4.1.5) lib/rails/rack/logger.rb:20:in `block in call'
  activesupport (4.1.5) lib/active_support/tagged_logging.rb:68:in `block in tagged'
  activesupport (4.1.5) lib/active_support/tagged_logging.rb:26:in `tagged'
  activesupport (4.1.5) lib/active_support/tagged_logging.rb:68:in `tagged'
  railties (4.1.5) lib/rails/rack/logger.rb:20:in `call'
  actionpack (4.1.5) lib/action_dispatch/middleware/request_id.rb:21:in `call'
  rack (1.5.2) lib/rack/methodoverride.rb:21:in `call'
  rack (1.5.2) lib/rack/runtime.rb:17:in `call'
  activesupport (4.1.5) lib/active_support/cache/strategy/local_cache_middleware.rb:26:in `call'
  rack (1.5.2) lib/rack/lock.rb:17:in `call'
  actionpack (4.1.5) lib/action_dispatch/middleware/static.rb:64:in `call'
  rack (1.5.2) lib/rack/sendfile.rb:112:in `call'
  railties (4.1.5) lib/rails/engine.rb:514:in `call'
  railties (4.1.5) lib/rails/application.rb:144:in `call'
  rack (1.5.2) lib/rack/lock.rb:17:in `call'
  rack (1.5.2) lib/rack/content_length.rb:14:in `call'
  rack (1.5.2) lib/rack/handler/webrick.rb:60:in `service'
  /home/aw/.rvm/rubies/ruby-2.1.3/lib/ruby/2.1.0/webrick/httpserver.rb:138:in `service'
  /home/aw/.rvm/rubies/ruby-2.1.3/lib/ruby/2.1.0/webrick/httpserver.rb:94:in `run'
  /home/aw/.rvm/rubies/ruby-2.1.3/lib/ruby/2.1.0/webrick/server.rb:295:in `block in start_thread'


  Rendered /home/aw/.rvm/gems/ruby-2.1.3/gems/actionpack-4.1.5/lib/action_dispatch/middleware/templates/rescues/_trace.html.erb (0.9ms)
  Rendered /home/aw/.rvm/gems/ruby-2.1.3/gems/actionpack-4.1.5/lib/action_dispatch/middleware/templates/routes/_route.html.erb (5.0ms)
  Rendered /home/aw/.rvm/gems/ruby-2.1.3/gems/actionpack-4.1.5/lib/action_dispatch/middleware/templates/routes/_table.html.erb (1.9ms)
  Rendered /home/aw/.rvm/gems/ruby-2.1.3/gems/actionpack-4.1.5/lib/action_dispatch/middleware/templates/rescues/routing_error.html.erb within rescues/layout (45.1ms)


Started GET "/fonts/bootstrap/glyphicons-halflings-regular.woff" for 127.0.0.1 at 2014-10-22 04:20:55 -0400

ActionController::RoutingError (No route matches [GET] "/fonts/bootstrap/glyphicons-halflings-regular.woff"):
  actionpack (4.1.5) lib/action_dispatch/middleware/debug_exceptions.rb:21:in `call'
  actionpack (4.1.5) lib/action_dispatch/middleware/show_exceptions.rb:30:in `call'
  railties (4.1.5) lib/rails/rack/logger.rb:38:in `call_app'
  railties (4.1.5) lib/rails/rack/logger.rb:20:in `block in call'
  activesupport (4.1.5) lib/active_support/tagged_logging.rb:68:in `block in tagged'
  activesupport (4.1.5) lib/active_support/tagged_logging.rb:26:in `tagged'
  activesupport (4.1.5) lib/active_support/tagged_logging.rb:68:in `tagged'
  railties (4.1.5) lib/rails/rack/logger.rb:20:in `call'
  actionpack (4.1.5) lib/action_dispatch/middleware/request_id.rb:21:in `call'
  rack (1.5.2) lib/rack/methodoverride.rb:21:in `call'
  rack (1.5.2) lib/rack/runtime.rb:17:in `call'
  activesupport (4.1.5) lib/active_support/cache/strategy/local_cache_middleware.rb:26:in `call'
  rack (1.5.2) lib/rack/lock.rb:17:in `call'
  actionpack (4.1.5) lib/action_dispatch/middleware/static.rb:64:in `call'
  rack (1.5.2) lib/rack/sendfile.rb:112:in `call'
  railties (4.1.5) lib/rails/engine.rb:514:in `call'
  railties (4.1.5) lib/rails/application.rb:144:in `call'
  rack (1.5.2) lib/rack/lock.rb:17:in `call'
  rack (1.5.2) lib/rack/content_length.rb:14:in `call'
  rack (1.5.2) lib/rack/handler/webrick.rb:60:in `service'
  /home/aw/.rvm/rubies/ruby-2.1.3/lib/ruby/2.1.0/webrick/httpserver.rb:138:in `service'
  /home/aw/.rvm/rubies/ruby-2.1.3/lib/ruby/2.1.0/webrick/httpserver.rb:94:in `run'
  /home/aw/.rvm/rubies/ruby-2.1.3/lib/ruby/2.1.0/webrick/server.rb:295:in `block in start_thread'


  Rendered /home/aw/.rvm/gems/ruby-2.1.3/gems/actionpack-4.1.5/lib/action_dispatch/middleware/templates/rescues/_trace.html.erb (2.9ms)
  Rendered /home/aw/.rvm/gems/ruby-2.1.3/gems/actionpack-4.1.5/lib/action_dispatch/middleware/templates/routes/_route.html.erb (5.6ms)
  Rendered /home/aw/.rvm/gems/ruby-2.1.3/gems/actionpack-4.1.5/lib/action_dispatch/middleware/templates/routes/_table.html.erb (3.0ms)
  Rendered /home/aw/.rvm/gems/ruby-2.1.3/gems/actionpack-4.1.5/lib/action_dispatch/middleware/templates/rescues/routing_error.html.erb within rescues/layout (62.3ms)


Started GET "/fonts/bootstrap/glyphicons-halflings-regular.ttf" for 127.0.0.1 at 2014-10-22 04:20:55 -0400

ActionController::RoutingError (No route matches [GET] "/fonts/bootstrap/glyphicons-halflings-regular.ttf"):
  actionpack (4.1.5) lib/action_dispatch/middleware/debug_exceptions.rb:21:in `call'
  actionpack (4.1.5) lib/action_dispatch/middleware/show_exceptions.rb:30:in `call'
  railties (4.1.5) lib/rails/rack/logger.rb:38:in `call_app'
  railties (4.1.5) lib/rails/rack/logger.rb:20:in `block in call'
  activesupport (4.1.5) lib/active_support/tagged_logging.rb:68:in `block in tagged'
  activesupport (4.1.5) lib/active_support/tagged_logging.rb:26:in `tagged'
  activesupport (4.1.5) lib/active_support/tagged_logging.rb:68:in `tagged'
  railties (4.1.5) lib/rails/rack/logger.rb:20:in `call'
  actionpack (4.1.5) lib/action_dispatch/middleware/request_id.rb:21:in `call'
  rack (1.5.2) lib/rack/methodoverride.rb:21:in `call'
  rack (1.5.2) lib/rack/runtime.rb:17:in `call'
  activesupport (4.1.5) lib/active_support/cache/strategy/local_cache_middleware.rb:26:in `call'
  rack (1.5.2) lib/rack/lock.rb:17:in `call'
  actionpack (4.1.5) lib/action_dispatch/middleware/static.rb:64:in `call'
  rack (1.5.2) lib/rack/sendfile.rb:112:in `call'
  railties (4.1.5) lib/rails/engine.rb:514:in `call'
  railties (4.1.5) lib/rails/application.rb:144:in `call'
  rack (1.5.2) lib/rack/lock.rb:17:in `call'
  rack (1.5.2) lib/rack/content_length.rb:14:in `call'
  rack (1.5.2) lib/rack/handler/webrick.rb:60:in `service'
  /home/aw/.rvm/rubies/ruby-2.1.3/lib/ruby/2.1.0/webrick/httpserver.rb:138:in `service'
  /home/aw/.rvm/rubies/ruby-2.1.3/lib/ruby/2.1.0/webrick/httpserver.rb:94:in `run'
  /home/aw/.rvm/rubies/ruby-2.1.3/lib/ruby/2.1.0/webrick/server.rb:295:in `block in start_thread'


  Rendered /home/aw/.rvm/gems/ruby-2.1.3/gems/actionpack-4.1.5/lib/action_dispatch/middleware/templates/rescues/_trace.html.erb (2.5ms)
  Rendered /home/aw/.rvm/gems/ruby-2.1.3/gems/actionpack-4.1.5/lib/action_dispatch/middleware/templates/routes/_route.html.erb (5.6ms)
  Rendered /home/aw/.rvm/gems/ruby-2.1.3/gems/actionpack-4.1.5/lib/action_dispatch/middleware/templates/routes/_table.html.erb (1.2ms)
  Rendered /home/aw/.rvm/gems/ruby-2.1.3/gems/actionpack-4.1.5/lib/action_dispatch/middleware/templates/rescues/routing_error.html.erb within rescues/layout (48.6ms)


Started GET "/fonts/bootstrap/glyphicons-halflings-regular.svg" for 127.0.0.1 at 2014-10-22 04:20:55 -0400

ActionController::RoutingError (No route matches [GET] "/fonts/bootstrap/glyphicons-halflings-regular.svg"):
  actionpack (4.1.5) lib/action_dispatch/middleware/debug_exceptions.rb:21:in `call'
  actionpack (4.1.5) lib/action_dispatch/middleware/show_exceptions.rb:30:in `call'
  railties (4.1.5) lib/rails/rack/logger.rb:38:in `call_app'
  railties (4.1.5) lib/rails/rack/logger.rb:20:in `block in call'
  activesupport (4.1.5) lib/active_support/tagged_logging.rb:68:in `block in tagged'
  activesupport (4.1.5) lib/active_support/tagged_logging.rb:26:in `tagged'
  activesupport (4.1.5) lib/active_support/tagged_logging.rb:68:in `tagged'
  railties (4.1.5) lib/rails/rack/logger.rb:20:in `call'
  actionpack (4.1.5) lib/action_dispatch/middleware/request_id.rb:21:in `call'
  rack (1.5.2) lib/rack/methodoverride.rb:21:in `call'
  rack (1.5.2) lib/rack/runtime.rb:17:in `call'
  activesupport (4.1.5) lib/active_support/cache/strategy/local_cache_middleware.rb:26:in `call'
  rack (1.5.2) lib/rack/lock.rb:17:in `call'
  actionpack (4.1.5) lib/action_dispatch/middleware/static.rb:64:in `call'
  rack (1.5.2) lib/rack/sendfile.rb:112:in `call'
  railties (4.1.5) lib/rails/engine.rb:514:in `call'
  railties (4.1.5) lib/rails/application.rb:144:in `call'
  rack (1.5.2) lib/rack/lock.rb:17:in `call'
  rack (1.5.2) lib/rack/content_length.rb:14:in `call'
  rack (1.5.2) lib/rack/handler/webrick.rb:60:in `service'
  /home/aw/.rvm/rubies/ruby-2.1.3/lib/ruby/2.1.0/webrick/httpserver.rb:138:in `service'
  /home/aw/.rvm/rubies/ruby-2.1.3/lib/ruby/2.1.0/webrick/httpserver.rb:94:in `run'
  /home/aw/.rvm/rubies/ruby-2.1.3/lib/ruby/2.1.0/webrick/server.rb:295:in `block in start_thread'


  Rendered /home/aw/.rvm/gems/ruby-2.1.3/gems/actionpack-4.1.5/lib/action_dispatch/middleware/templates/rescues/_trace.html.erb (2.7ms)
  Rendered /home/aw/.rvm/gems/ruby-2.1.3/gems/actionpack-4.1.5/lib/action_dispatch/middleware/templates/routes/_route.html.erb (5.7ms)
  Rendered /home/aw/.rvm/gems/ruby-2.1.3/gems/actionpack-4.1.5/lib/action_dispatch/middleware/templates/routes/_table.html.erb (1.1ms)
  Rendered /home/aw/.rvm/gems/ruby-2.1.3/gems/actionpack-4.1.5/lib/action_dispatch/middleware/templates/rescues/routing_error.html.erb within rescues/layout (49.7ms)


Started GET "/" for 127.0.0.1 at 2014-10-22 04:34:38 -0400
Processing by PagesController#fb_test1 as HTML
  Rendered pages/fb_test1.html.erb within layouts/application (4.3ms)
  Rendered layouts/_header.html.erb (1.7ms)
Completed 200 OK in 391ms (Views: 389.2ms | ActiveRecord: 0.0ms)


Started GET "/assets/carousel.css?body=1" for 127.0.0.1 at 2014-10-22 04:34:38 -0400


Started GET "/assets/custom.css?body=1" for 127.0.0.1 at 2014-10-22 04:34:38 -0400


Started GET "/dist/js/bootstrap.min.js" for 127.0.0.1 at 2014-10-22 04:34:39 -0400

ActionController::RoutingError (No route matches [GET] "/dist/js/bootstrap.min.js"):
  actionpack (4.1.5) lib/action_dispatch/middleware/debug_exceptions.rb:21:in `call'
  actionpack (4.1.5) lib/action_dispatch/middleware/show_exceptions.rb:30:in `call'
  railties (4.1.5) lib/rails/rack/logger.rb:38:in `call_app'
  railties (4.1.5) lib/rails/rack/logger.rb:20:in `block in call'
  activesupport (4.1.5) lib/active_support/tagged_logging.rb:68:in `block in tagged'
  activesupport (4.1.5) lib/active_support/tagged_logging.rb:26:in `tagged'
  activesupport (4.1.5) lib/active_support/tagged_logging.rb:68:in `tagged'
  railties (4.1.5) lib/rails/rack/logger.rb:20:in `call'
  actionpack (4.1.5) lib/action_dispatch/middleware/request_id.rb:21:in `call'
  rack (1.5.2) lib/rack/methodoverride.rb:21:in `call'
  rack (1.5.2) lib/rack/runtime.rb:17:in `call'
  activesupport (4.1.5) lib/active_support/cache/strategy/local_cache_middleware.rb:26:in `call'
  rack (1.5.2) lib/rack/lock.rb:17:in `call'
  actionpack (4.1.5) lib/action_dispatch/middleware/static.rb:64:in `call'
  rack (1.5.2) lib/rack/sendfile.rb:112:in `call'
  railties (4.1.5) lib/rails/engine.rb:514:in `call'
  railties (4.1.5) lib/rails/application.rb:144:in `call'
  rack (1.5.2) lib/rack/lock.rb:17:in `call'
  rack (1.5.2) lib/rack/content_length.rb:14:in `call'
  rack (1.5.2) lib/rack/handler/webrick.rb:60:in `service'
  /home/aw/.rvm/rubies/ruby-2.1.3/lib/ruby/2.1.0/webrick/httpserver.rb:138:in `service'
  /home/aw/.rvm/rubies/ruby-2.1.3/lib/ruby/2.1.0/webrick/httpserver.rb:94:in `run'
  /home/aw/.rvm/rubies/ruby-2.1.3/lib/ruby/2.1.0/webrick/server.rb:295:in `block in start_thread'


  Rendered /home/aw/.rvm/gems/ruby-2.1.3/gems/actionpack-4.1.5/lib/action_dispatch/middleware/templates/rescues/_trace.html.erb (4.4ms)
  Rendered /home/aw/.rvm/gems/ruby-2.1.3/gems/actionpack-4.1.5/lib/action_dispatch/middleware/templates/routes/_route.html.erb (6.4ms)
  Rendered /home/aw/.rvm/gems/ruby-2.1.3/gems/actionpack-4.1.5/lib/action_dispatch/middleware/templates/routes/_table.html.erb (17.3ms)
  Rendered /home/aw/.rvm/gems/ruby-2.1.3/gems/actionpack-4.1.5/lib/action_dispatch/middleware/templates/rescues/routing_error.html.erb within rescues/layout (98.2ms)


Started GET "/assets/application.css?body=1" for 127.0.0.1 at 2014-10-22 04:34:39 -0400


Started GET "/assets/js/ie10-viewport-bug-workaround.js" for 127.0.0.1 at 2014-10-22 04:34:39 -0400

ActionController::RoutingError (No route matches [GET] "/assets/js/ie10-viewport-bug-workaround.js"):
  actionpack (4.1.5) lib/action_dispatch/middleware/debug_exceptions.rb:21:in `call'
  actionpack (4.1.5) lib/action_dispatch/middleware/show_exceptions.rb:30:in `call'
  railties (4.1.5) lib/rails/rack/logger.rb:38:in `call_app'
  railties (4.1.5) lib/rails/rack/logger.rb:20:in `block in call'
  activesupport (4.1.5) lib/active_support/tagged_logging.rb:68:in `block in tagged'
  activesupport (4.1.5) lib/active_support/tagged_logging.rb:26:in `tagged'
  activesupport (4.1.5) lib/active_support/tagged_logging.rb:68:in `tagged'
  railties (4.1.5) lib/rails/rack/logger.rb:20:in `call'
  actionpack (4.1.5) lib/action_dispatch/middleware/request_id.rb:21:in `call'
  rack (1.5.2) lib/rack/methodoverride.rb:21:in `call'
  rack (1.5.2) lib/rack/runtime.rb:17:in `call'
  activesupport (4.1.5) lib/active_support/cache/strategy/local_cache_middleware.rb:26:in `call'
  rack (1.5.2) lib/rack/lock.rb:17:in `call'
  actionpack (4.1.5) lib/action_dispatch/middleware/static.rb:64:in `call'
  rack (1.5.2) lib/rack/sendfile.rb:112:in `call'
  railties (4.1.5) lib/rails/engine.rb:514:in `call'
  railties (4.1.5) lib/rails/application.rb:144:in `call'
  rack (1.5.2) lib/rack/lock.rb:17:in `call'
  rack (1.5.2) lib/rack/content_length.rb:14:in `call'
  rack (1.5.2) lib/rack/handler/webrick.rb:60:in `service'
  /home/aw/.rvm/rubies/ruby-2.1.3/lib/ruby/2.1.0/webrick/httpserver.rb:138:in `service'
  /home/aw/.rvm/rubies/ruby-2.1.3/lib/ruby/2.1.0/webrick/httpserver.rb:94:in `run'
  /home/aw/.rvm/rubies/ruby-2.1.3/lib/ruby/2.1.0/webrick/server.rb:295:in `block in start_thread'


  Rendered /home/aw/.rvm/gems/ruby-2.1.3/gems/actionpack-4.1.5/lib/action_dispatch/middleware/templates/rescues/_trace.html.erb (2.7ms)
  Rendered /home/aw/.rvm/gems/ruby-2.1.3/gems/actionpack-4.1.5/lib/action_dispatch/middleware/templates/routes/_route.html.erb (6.2ms)
  Rendered /home/aw/.rvm/gems/ruby-2.1.3/gems/actionpack-4.1.5/lib/action_dispatch/middleware/templates/routes/_table.html.erb (3.2ms)
  Rendered /home/aw/.rvm/gems/ruby-2.1.3/gems/actionpack-4.1.5/lib/action_dispatch/middleware/templates/rescues/routing_error.html.erb within rescues/layout (60.8ms)


Started GET "/assets/js/docs.min.js" for 127.0.0.1 at 2014-10-22 04:34:39 -0400

ActionController::RoutingError (No route matches [GET] "/assets/js/docs.min.js"):
  actionpack (4.1.5) lib/action_dispatch/middleware/debug_exceptions.rb:21:in `call'
  actionpack (4.1.5) lib/action_dispatch/middleware/show_exceptions.rb:30:in `call'
  railties (4.1.5) lib/rails/rack/logger.rb:38:in `call_app'
  railties (4.1.5) lib/rails/rack/logger.rb:20:in `block in call'
  activesupport (4.1.5) lib/active_support/tagged_logging.rb:68:in `block in tagged'
  activesupport (4.1.5) lib/active_support/tagged_logging.rb:26:in `tagged'
  activesupport (4.1.5) lib/active_support/tagged_logging.rb:68:in `tagged'
  railties (4.1.5) lib/rails/rack/logger.rb:20:in `call'
  actionpack (4.1.5) lib/action_dispatch/middleware/request_id.rb:21:in `call'
  rack (1.5.2) lib/rack/methodoverride.rb:21:in `call'
  rack (1.5.2) lib/rack/runtime.rb:17:in `call'
  activesupport (4.1.5) lib/active_support/cache/strategy/local_cache_middleware.rb:26:in `call'
  rack (1.5.2) lib/rack/lock.rb:17:in `call'
  actionpack (4.1.5) lib/action_dispatch/middleware/static.rb:64:in `call'
  rack (1.5.2) lib/rack/sendfile.rb:112:in `call'
  railties (4.1.5) lib/rails/engine.rb:514:in `call'
  railties (4.1.5) lib/rails/application.rb:144:in `call'
  rack (1.5.2) lib/rack/lock.rb:17:in `call'
  rack (1.5.2) lib/rack/content_length.rb:14:in `call'
  rack (1.5.2) lib/rack/handler/webrick.rb:60:in `service'
  /home/aw/.rvm/rubies/ruby-2.1.3/lib/ruby/2.1.0/webrick/httpserver.rb:138:in `service'
  /home/aw/.rvm/rubies/ruby-2.1.3/lib/ruby/2.1.0/webrick/httpserver.rb:94:in `run'
  /home/aw/.rvm/rubies/ruby-2.1.3/lib/ruby/2.1.0/webrick/server.rb:295:in `block in start_thread'


  Rendered /home/aw/.rvm/gems/ruby-2.1.3/gems/actionpack-4.1.5/lib/action_dispatch/middleware/templates/rescues/_trace.html.erb (2.8ms)
  Rendered /home/aw/.rvm/gems/ruby-2.1.3/gems/actionpack-4.1.5/lib/action_dispatch/middleware/templates/routes/_route.html.erb (7.8ms)
  Rendered /home/aw/.rvm/gems/ruby-2.1.3/gems/actionpack-4.1.5/lib/action_dispatch/middleware/templates/routes/_table.html.erb (3.0ms)
  Rendered /home/aw/.rvm/gems/ruby-2.1.3/gems/actionpack-4.1.5/lib/action_dispatch/middleware/templates/rescues/routing_error.html.erb within rescues/layout (66.8ms)


Started GET "/assets/pages.css?body=1" for 127.0.0.1 at 2014-10-22 04:34:39 -0400


Started GET "/assets/jquery.js?body=1" for 127.0.0.1 at 2014-10-22 04:34:39 -0400


Started GET "/assets/jquery_ujs.js?body=1" for 127.0.0.1 at 2014-10-22 04:34:39 -0400


Started GET "/assets/bootstrap.js?body=1" for 127.0.0.1 at 2014-10-22 04:34:39 -0400


Started GET "/assets/turbolinks.js?body=1" for 127.0.0.1 at 2014-10-22 04:34:39 -0400


Started GET "/assets/pages.js?body=1" for 127.0.0.1 at 2014-10-22 04:34:39 -0400


Started GET "/assets/application.js?body=1" for 127.0.0.1 at 2014-10-22 04:34:39 -0400


Started GET "/fonts/bootstrap/glyphicons-halflings-regular.woff" for 127.0.0.1 at 2014-10-22 04:34:39 -0400

ActionController::RoutingError (No route matches [GET] "/fonts/bootstrap/glyphicons-halflings-regular.woff"):
  actionpack (4.1.5) lib/action_dispatch/middleware/debug_exceptions.rb:21:in `call'
  actionpack (4.1.5) lib/action_dispatch/middleware/show_exceptions.rb:30:in `call'
  railties (4.1.5) lib/rails/rack/logger.rb:38:in `call_app'
  railties (4.1.5) lib/rails/rack/logger.rb:20:in `block in call'
  activesupport (4.1.5) lib/active_support/tagged_logging.rb:68:in `block in tagged'
  activesupport (4.1.5) lib/active_support/tagged_logging.rb:26:in `tagged'
  activesupport (4.1.5) lib/active_support/tagged_logging.rb:68:in `tagged'
  railties (4.1.5) lib/rails/rack/logger.rb:20:in `call'
  actionpack (4.1.5) lib/action_dispatch/middleware/request_id.rb:21:in `call'
  rack (1.5.2) lib/rack/methodoverride.rb:21:in `call'
  rack (1.5.2) lib/rack/runtime.rb:17:in `call'
  activesupport (4.1.5) lib/active_support/cache/strategy/local_cache_middleware.rb:26:in `call'
  rack (1.5.2) lib/rack/lock.rb:17:in `call'
  actionpack (4.1.5) lib/action_dispatch/middleware/static.rb:64:in `call'
  rack (1.5.2) lib/rack/sendfile.rb:112:in `call'
  railties (4.1.5) lib/rails/engine.rb:514:in `call'
  railties (4.1.5) lib/rails/application.rb:144:in `call'
  rack (1.5.2) lib/rack/lock.rb:17:in `call'
  rack (1.5.2) lib/rack/content_length.rb:14:in `call'
  rack (1.5.2) lib/rack/handler/webrick.rb:60:in `service'
  /home/aw/.rvm/rubies/ruby-2.1.3/lib/ruby/2.1.0/webrick/httpserver.rb:138:in `service'
  /home/aw/.rvm/rubies/ruby-2.1.3/lib/ruby/2.1.0/webrick/httpserver.rb:94:in `run'
  /home/aw/.rvm/rubies/ruby-2.1.3/lib/ruby/2.1.0/webrick/server.rb:295:in `block in start_thread'


  Rendered /home/aw/.rvm/gems/ruby-2.1.3/gems/actionpack-4.1.5/lib/action_dispatch/middleware/templates/rescues/_trace.html.erb (4.4ms)
  Rendered /home/aw/.rvm/gems/ruby-2.1.3/gems/actionpack-4.1.5/lib/action_dispatch/middleware/templates/routes/_route.html.erb (5.7ms)
  Rendered /home/aw/.rvm/gems/ruby-2.1.3/gems/actionpack-4.1.5/lib/action_dispatch/middleware/templates/routes/_table.html.erb (3.5ms)
  Rendered /home/aw/.rvm/gems/ruby-2.1.3/gems/actionpack-4.1.5/lib/action_dispatch/middleware/templates/rescues/routing_error.html.erb within rescues/layout (84.1ms)


Started GET "/fonts/bootstrap/glyphicons-halflings-regular.ttf" for 127.0.0.1 at 2014-10-22 04:34:39 -0400

ActionController::RoutingError (No route matches [GET] "/fonts/bootstrap/glyphicons-halflings-regular.ttf"):
  actionpack (4.1.5) lib/action_dispatch/middleware/debug_exceptions.rb:21:in `call'
  actionpack (4.1.5) lib/action_dispatch/middleware/show_exceptions.rb:30:in `call'
  railties (4.1.5) lib/rails/rack/logger.rb:38:in `call_app'
  railties (4.1.5) lib/rails/rack/logger.rb:20:in `block in call'
  activesupport (4.1.5) lib/active_support/tagged_logging.rb:68:in `block in tagged'
  activesupport (4.1.5) lib/active_support/tagged_logging.rb:26:in `tagged'
  activesupport (4.1.5) lib/active_support/tagged_logging.rb:68:in `tagged'
  railties (4.1.5) lib/rails/rack/logger.rb:20:in `call'
  actionpack (4.1.5) lib/action_dispatch/middleware/request_id.rb:21:in `call'
  rack (1.5.2) lib/rack/methodoverride.rb:21:in `call'
  rack (1.5.2) lib/rack/runtime.rb:17:in `call'
  activesupport (4.1.5) lib/active_support/cache/strategy/local_cache_middleware.rb:26:in `call'
  rack (1.5.2) lib/rack/lock.rb:17:in `call'
  actionpack (4.1.5) lib/action_dispatch/middleware/static.rb:64:in `call'
  rack (1.5.2) lib/rack/sendfile.rb:112:in `call'
  railties (4.1.5) lib/rails/engine.rb:514:in `call'
  railties (4.1.5) lib/rails/application.rb:144:in `call'
  rack (1.5.2) lib/rack/lock.rb:17:in `call'
  rack (1.5.2) lib/rack/content_length.rb:14:in `call'
  rack (1.5.2) lib/rack/handler/webrick.rb:60:in `service'
  /home/aw/.rvm/rubies/ruby-2.1.3/lib/ruby/2.1.0/webrick/httpserver.rb:138:in `service'
  /home/aw/.rvm/rubies/ruby-2.1.3/lib/ruby/2.1.0/webrick/httpserver.rb:94:in `run'
  /home/aw/.rvm/rubies/ruby-2.1.3/lib/ruby/2.1.0/webrick/server.rb:295:in `block in start_thread'


  Rendered /home/aw/.rvm/gems/ruby-2.1.3/gems/actionpack-4.1.5/lib/action_dispatch/middleware/templates/rescues/_trace.html.erb (3.4ms)
  Rendered /home/aw/.rvm/gems/ruby-2.1.3/gems/actionpack-4.1.5/lib/action_dispatch/middleware/templates/routes/_route.html.erb (9.1ms)
  Rendered /home/aw/.rvm/gems/ruby-2.1.3/gems/actionpack-4.1.5/lib/action_dispatch/middleware/templates/routes/_table.html.erb (3.3ms)
  Rendered /home/aw/.rvm/gems/ruby-2.1.3/gems/actionpack-4.1.5/lib/action_dispatch/middleware/templates/rescues/routing_error.html.erb within rescues/layout (67.4ms)


Started GET "/fonts/bootstrap/glyphicons-halflings-regular.svg" for 127.0.0.1 at 2014-10-22 04:34:39 -0400

ActionController::RoutingError (No route matches [GET] "/fonts/bootstrap/glyphicons-halflings-regular.svg"):
  actionpack (4.1.5) lib/action_dispatch/middleware/debug_exceptions.rb:21:in `call'
  actionpack (4.1.5) lib/action_dispatch/middleware/show_exceptions.rb:30:in `call'
  railties (4.1.5) lib/rails/rack/logger.rb:38:in `call_app'
  railties (4.1.5) lib/rails/rack/logger.rb:20:in `block in call'
  activesupport (4.1.5) lib/active_support/tagged_logging.rb:68:in `block in tagged'
  activesupport (4.1.5) lib/active_support/tagged_logging.rb:26:in `tagged'
  activesupport (4.1.5) lib/active_support/tagged_logging.rb:68:in `tagged'
  railties (4.1.5) lib/rails/rack/logger.rb:20:in `call'
  actionpack (4.1.5) lib/action_dispatch/middleware/request_id.rb:21:in `call'
  rack (1.5.2) lib/rack/methodoverride.rb:21:in `call'
  rack (1.5.2) lib/rack/runtime.rb:17:in `call'
  activesupport (4.1.5) lib/active_support/cache/strategy/local_cache_middleware.rb:26:in `call'
  rack (1.5.2) lib/rack/lock.rb:17:in `call'
  actionpack (4.1.5) lib/action_dispatch/middleware/static.rb:64:in `call'
  rack (1.5.2) lib/rack/sendfile.rb:112:in `call'
  railties (4.1.5) lib/rails/engine.rb:514:in `call'
  railties (4.1.5) lib/rails/application.rb:144:in `call'
  rack (1.5.2) lib/rack/lock.rb:17:in `call'
  rack (1.5.2) lib/rack/content_length.rb:14:in `call'
  rack (1.5.2) lib/rack/handler/webrick.rb:60:in `service'
  /home/aw/.rvm/rubies/ruby-2.1.3/lib/ruby/2.1.0/webrick/httpserver.rb:138:in `service'
  /home/aw/.rvm/rubies/ruby-2.1.3/lib/ruby/2.1.0/webrick/httpserver.rb:94:in `run'
  /home/aw/.rvm/rubies/ruby-2.1.3/lib/ruby/2.1.0/webrick/server.rb:295:in `block in start_thread'


  Rendered /home/aw/.rvm/gems/ruby-2.1.3/gems/actionpack-4.1.5/lib/action_dispatch/middleware/templates/rescues/_trace.html.erb (3.5ms)
  Rendered /home/aw/.rvm/gems/ruby-2.1.3/gems/actionpack-4.1.5/lib/action_dispatch/middleware/templates/routes/_route.html.erb (6.2ms)
  Rendered /home/aw/.rvm/gems/ruby-2.1.3/gems/actionpack-4.1.5/lib/action_dispatch/middleware/templates/routes/_table.html.erb (5.1ms)
  Rendered /home/aw/.rvm/gems/ruby-2.1.3/gems/actionpack-4.1.5/lib/action_dispatch/middleware/templates/rescues/routing_error.html.erb within rescues/layout (68.1ms)


Started GET "/" for 127.0.0.1 at 2014-10-22 04:47:43 -0400

ActiveRecord::PendingMigrationError (

Migrations are pending. To resolve this issue, run:

	bin/rake db:migrate RAILS_ENV=development

):
  activerecord (4.1.5) lib/active_record/migration.rb:389:in `check_pending!'
  activerecord (4.1.5) lib/active_record/migration.rb:377:in `call'
  actionpack (4.1.5) lib/action_dispatch/middleware/callbacks.rb:29:in `block in call'
  activesupport (4.1.5) lib/active_support/callbacks.rb:82:in `run_callbacks'
  actionpack (4.1.5) lib/action_dispatch/middleware/callbacks.rb:27:in `call'
  actionpack (4.1.5) lib/action_dispatch/middleware/reloader.rb:73:in `call'
  actionpack (4.1.5) lib/action_dispatch/middleware/remote_ip.rb:76:in `call'
  actionpack (4.1.5) lib/action_dispatch/middleware/debug_exceptions.rb:17:in `call'
  actionpack (4.1.5) lib/action_dispatch/middleware/show_exceptions.rb:30:in `call'
  railties (4.1.5) lib/rails/rack/logger.rb:38:in `call_app'
  railties (4.1.5) lib/rails/rack/logger.rb:20:in `block in call'
  activesupport (4.1.5) lib/active_support/tagged_logging.rb:68:in `block in tagged'
  activesupport (4.1.5) lib/active_support/tagged_logging.rb:26:in `tagged'
  activesupport (4.1.5) lib/active_support/tagged_logging.rb:68:in `tagged'
  railties (4.1.5) lib/rails/rack/logger.rb:20:in `call'
  actionpack (4.1.5) lib/action_dispatch/middleware/request_id.rb:21:in `call'
  rack (1.5.2) lib/rack/methodoverride.rb:21:in `call'
  rack (1.5.2) lib/rack/runtime.rb:17:in `call'
  activesupport (4.1.5) lib/active_support/cache/strategy/local_cache_middleware.rb:26:in `call'
  rack (1.5.2) lib/rack/lock.rb:17:in `call'
  actionpack (4.1.5) lib/action_dispatch/middleware/static.rb:64:in `call'
  rack (1.5.2) lib/rack/sendfile.rb:112:in `call'
  railties (4.1.5) lib/rails/engine.rb:514:in `call'
  railties (4.1.5) lib/rails/application.rb:144:in `call'
  rack (1.5.2) lib/rack/lock.rb:17:in `call'
  rack (1.5.2) lib/rack/content_length.rb:14:in `call'
  rack (1.5.2) lib/rack/handler/webrick.rb:60:in `service'
  /home/aw/.rvm/rubies/ruby-2.1.3/lib/ruby/2.1.0/webrick/httpserver.rb:138:in `service'
  /home/aw/.rvm/rubies/ruby-2.1.3/lib/ruby/2.1.0/webrick/httpserver.rb:94:in `run'
  /home/aw/.rvm/rubies/ruby-2.1.3/lib/ruby/2.1.0/webrick/server.rb:295:in `block in start_thread'


  Rendered /home/aw/.rvm/gems/ruby-2.1.3/gems/actionpack-4.1.5/lib/action_dispatch/middleware/templates/rescues/_source.erb (0.7ms)
  Rendered /home/aw/.rvm/gems/ruby-2.1.3/gems/actionpack-4.1.5/lib/action_dispatch/middleware/templates/rescues/_trace.html.erb (1.3ms)
  Rendered /home/aw/.rvm/gems/ruby-2.1.3/gems/actionpack-4.1.5/lib/action_dispatch/middleware/templates/rescues/_request_and_response.html.erb (0.7ms)
  Rendered /home/aw/.rvm/gems/ruby-2.1.3/gems/actionpack-4.1.5/lib/action_dispatch/middleware/templates/rescues/diagnostics.erb within rescues/layout (12.7ms)


Started GET "/navbartest" for 127.0.0.1 at 2014-10-22 04:47:47 -0400

ActiveRecord::PendingMigrationError (

Migrations are pending. To resolve this issue, run:

	bin/rake db:migrate RAILS_ENV=development

):
  activerecord (4.1.5) lib/active_record/migration.rb:389:in `check_pending!'
  activerecord (4.1.5) lib/active_record/migration.rb:377:in `call'
  actionpack (4.1.5) lib/action_dispatch/middleware/callbacks.rb:29:in `block in call'
  activesupport (4.1.5) lib/active_support/callbacks.rb:82:in `run_callbacks'
  actionpack (4.1.5) lib/action_dispatch/middleware/callbacks.rb:27:in `call'
  actionpack (4.1.5) lib/action_dispatch/middleware/reloader.rb:73:in `call'
  actionpack (4.1.5) lib/action_dispatch/middleware/remote_ip.rb:76:in `call'
  actionpack (4.1.5) lib/action_dispatch/middleware/debug_exceptions.rb:17:in `call'
  actionpack (4.1.5) lib/action_dispatch/middleware/show_exceptions.rb:30:in `call'
  railties (4.1.5) lib/rails/rack/logger.rb:38:in `call_app'
  railties (4.1.5) lib/rails/rack/logger.rb:20:in `block in call'
  activesupport (4.1.5) lib/active_support/tagged_logging.rb:68:in `block in tagged'
  activesupport (4.1.5) lib/active_support/tagged_logging.rb:26:in `tagged'
  activesupport (4.1.5) lib/active_support/tagged_logging.rb:68:in `tagged'
  railties (4.1.5) lib/rails/rack/logger.rb:20:in `call'
  actionpack (4.1.5) lib/action_dispatch/middleware/request_id.rb:21:in `call'
  rack (1.5.2) lib/rack/methodoverride.rb:21:in `call'
  rack (1.5.2) lib/rack/runtime.rb:17:in `call'
  activesupport (4.1.5) lib/active_support/cache/strategy/local_cache_middleware.rb:26:in `call'
  rack (1.5.2) lib/rack/lock.rb:17:in `call'
  actionpack (4.1.5) lib/action_dispatch/middleware/static.rb:64:in `call'
  rack (1.5.2) lib/rack/sendfile.rb:112:in `call'
  railties (4.1.5) lib/rails/engine.rb:514:in `call'
  railties (4.1.5) lib/rails/application.rb:144:in `call'
  rack (1.5.2) lib/rack/lock.rb:17:in `call'
  rack (1.5.2) lib/rack/content_length.rb:14:in `call'
  rack (1.5.2) lib/rack/handler/webrick.rb:60:in `service'
  /home/aw/.rvm/rubies/ruby-2.1.3/lib/ruby/2.1.0/webrick/httpserver.rb:138:in `service'
  /home/aw/.rvm/rubies/ruby-2.1.3/lib/ruby/2.1.0/webrick/httpserver.rb:94:in `run'
  /home/aw/.rvm/rubies/ruby-2.1.3/lib/ruby/2.1.0/webrick/server.rb:295:in `block in start_thread'


  Rendered /home/aw/.rvm/gems/ruby-2.1.3/gems/actionpack-4.1.5/lib/action_dispatch/middleware/templates/rescues/_source.erb (1.0ms)
  Rendered /home/aw/.rvm/gems/ruby-2.1.3/gems/actionpack-4.1.5/lib/action_dispatch/middleware/templates/rescues/_trace.html.erb (2.1ms)
  Rendered /home/aw/.rvm/gems/ruby-2.1.3/gems/actionpack-4.1.5/lib/action_dispatch/middleware/templates/rescues/_request_and_response.html.erb (0.7ms)
  Rendered /home/aw/.rvm/gems/ruby-2.1.3/gems/actionpack-4.1.5/lib/action_dispatch/middleware/templates/rescues/diagnostics.erb within rescues/layout (15.4ms)
